<?xml version="1.0" encoding="UTF-8"?>
<testsuites>
  <testsuite name="API Testing.API.EZLinks" tests="33" failures="9" errors="0" time="342.437" package="API Testing" id="1">
    <properties>
[...]
</properties>
    <testcase name="General Test Cases for Invalid Parameters" time="7.153">
      <failure type="Failing due to failed test step" message="Failing due to failed test step"><![CDATA[<h3><b>REST Request - Incorrect Subscriber Failed</b></h3><pre>[INVALID_SUBSCRIBER] The XPathContains assertion failed for the following path: [//Error[1]/ErrorDescription[1]]. Expected value: [INVALID_SUBSCRIBER]; Actual value: [INVALID_SPONSOR_ID].
</pre><hr/>]]></failure>
    </testcase>
    <testcase name="MDIGetAreaList" time="3.134"/>
    <testcase name="MDIGetCityList" time="2.884"/>
    <testcase name="MDIGetCourseInfoList" time="3.814"/>
    <testcase name="MDIGetCourseList" time="2.854"/>
    <testcase name="MDIGetCourseListWithResPolicy" time="3.536"/>
    <testcase name="MDIGetCourseName" time="7.659"/>
    <testcase name="MDIGetCourseResPolicy" time="6.568"/>
    <testcase name="MDIGetInternetProtocol" time="2.92"/>
    <testcase name="MDIGetRegionList" time="2.801"/>
    <testcase name="UserRegister" time="21.588">
      <failure type="Failing due to failed test step" message="Failing due to failed test step"><![CDATA[<h3><b>REST Request - New User Failed</b></h3><pre>[Result = 0 (Successful)] The XPathContains assertion failed for the following path: [//UserRegister[1]/UserRegisterRecord[1]/Result[1]]. Expected value: [0]; Actual value: [].
</pre><hr/>]]></failure>
    </testcase>
    <testcase name="UserGetRegistration" time="9.952"/>
    <testcase name="UserChangeUserID" time="10.357"/>
    <testcase name="UserChangePassword" time="13.668"/>
    <testcase name="UserChangeRegistration" time="21.145">
      <failure type="Failing due to failed test step" message="Failing due to failed test step"><![CDATA[<h3><b>REST Request - Empty Param4/FirstName Failed</b></h3><pre>[REQUIRE_FIRSTNAME] The XPathContains assertion failed for the following path: [//Error[1]/ErrorDescription[1]]. Expected value: [REQUIRE_FIRSTNAME]; Actual value: [REQUIRE_LASTNAME].
</pre><hr/>]]></failure>
    </testcase>
    <testcase name="UserGetTeeTimesSummary" time="8.859"/>
    <testcase name="AddMember" time="22.534">
      <failure type="Failing due to failed test step" message="Failing due to failed test step"><![CDATA[<h3><b>REST Request - Valid Failed</b></h3><pre>[InternetEmail is the same] The XPathContains assertion failed for the following path: [//AddMember[1]/AddMemberRecord[1]/InternetEmail[1]]. Expected value: [member39@member.com]; Actual value: [].
</pre><hr/>]]></failure>
    </testcase>
    <testcase name="GetMembershipTypes" time="4.277"/>
    <testcase name="GetMemberList" time="4.165">
      <failure type="Failing due to failed test step" message="Failing due to failed test step"><![CDATA[<h3><b>REST Request - Valid Failed</b></h3><pre>[Not Contains ACCESS_DENIED] Response contains token [ACCESS_DENIED]
</pre><hr/><h3><b>REST Request - Empty Param2/MembershipTypeId Failed</b></h3><pre>[INVALID_MEMBERSHIPTYPEID] The XPathContains assertion failed for the following path: [//Error[1]/ErrorDescription[1]]. Expected value: [INVALID_MEMBERSHIPTYPEID]; Actual value: [ACCESS_DENIED].
</pre><hr/>]]></failure>
    </testcase>
    <testcase name="GetCountryList" time="8.421"/>
    <testcase name="SearchForMember" time="11.833"/>
    <testcase name="UpdateMember" time="52.686">
      <failure type="Failing due to failed test step" message="Failing due to failed test step"><![CDATA[<h3><b>REST Request - Field 0/LastName Failed</b></h3><pre>[LastName is updated] The XPathContains assertion failed for the following path: [//UpdateMember[1]/UpdateMemberRecord[1]/LastName[1]]. Expected value: [Tester Updated]; Actual value: [].
</pre><hr/><h3><b>REST Request - Field 1/FirstName Failed</b></h3><pre>[FirstName is updated] The XPathContains assertion failed for the following path: [//UpdateMember[1]/UpdateMemberRecord[1]/FirstName[1]]. Expected value: [Limesource Updated]; Actual value: [].
</pre><hr/><h3><b>REST Request - Field 2/MiddleName Failed</b></h3><pre>[MiddleName is updated] The XPathContains assertion failed for the following path: [//UpdateMember[1]/UpdateMemberRecord[1]/MiddleName[1]]. Expected value: [Cortes Updated]; Actual value: [].
</pre><hr/><h3><b>REST Request - Field 3/Company Failed</b></h3><pre>[Company is updated] The XPathContains assertion failed for the following path: [//UpdateMember[1]/UpdateMemberRecord[1]/Company[1]]. Expected value: [Limesource Company]; Actual value: [].
</pre><hr/><h3><b>REST Request - Field 4/Address1 Failed</b></h3><pre>[Address1 is updated] The XPathContains assertion failed for the following path: [//UpdateMember[1]/UpdateMemberRecord[1]/Address1[1]]. Expected value: [Dimataga Village Updated]; Actual value: [].
</pre><hr/><h3><b>REST Request - Field 5/Address2 Failed</b></h3><pre>[Address2 is updated] The XPathContains assertion failed for the following path: [//UpdateMember[1]/UpdateMemberRecord[1]/Address2[1]]. Expected value: [Gun-ob Updated]; Actual value: [].
</pre><hr/><h3><b>REST Request - Field 6/City Failed</b></h3><pre>[City is updated] The XPathContains assertion failed for the following path: [//UpdateMember[1]/UpdateMemberRecord[1]/City[1]]. Expected value: [Lapu-Lapu Updated]; Actual value: [].
</pre><hr/><h3><b>REST Request - Field 7/StateProvince Failed</b></h3><pre>[State is updated] The XPathContains assertion failed for the following path: [//UpdateMember[1]/UpdateMemberRecord[1]/State[1]]. Expected value: [Arizona]; Actual value: [].
</pre><hr/><h3><b>REST Request - Field 8/ZipPostalCode Failed</b></h3><pre>[ZipPostalCode is updated] The XPathContains assertion failed for the following path: [//UpdateMember[1]/UpdateMemberRecord[1]/Zip[1]]. Expected value: [85001]; Actual value: [].
</pre><hr/><h3><b>REST Request - Field 9/Country Failed</b></h3><pre>[Country  is updated] The XPathContains assertion failed for the following path: [//UpdateMember[1]/UpdateMemberRecord[1]/Country[1]]. Expected value: [Philippines Updated]; Actual value: [].
</pre><hr/><h3><b>REST Request - Field 10/HomePhone Failed</b></h3><pre>[HomePhone  is updated] The XPathContains assertion failed for the following path: [//UpdateMember[1]/UpdateMemberRecord[1]/HomePhone[1]]. Expected value: [111-11-111]; Actual value: [].
</pre><hr/><h3><b>REST Request - Field 11/WorkPhone Failed</b></h3><pre>[WorkPhone  is updated] The XPathContains assertion failed for the following path: [//UpdateMember[1]/UpdateMemberRecord[1]/WorkPhone[1]]. Expected value: [111-11]; Actual value: [].
</pre><hr/><h3><b>REST Request - Field 12/FAXPhone Failed</b></h3><pre>[FaxPhone  is updated] The XPathContains assertion failed for the following path: [//UpdateMember[1]/UpdateMemberRecord[1]/FAXPhone[1]]. Expected value: [2323232323]; Actual value: [].
</pre><hr/><h3><b>REST Request - Field 13/MobilePhone Failed</b></h3><pre>[MobilePhone  is updated] The XPathContains assertion failed for the following path: [//UpdateMember[1]/UpdateMemberRecord[1]/MobilPhone[1]]. Expected value: [09260380000]; Actual value: [].
</pre><hr/><h3><b>REST Request - Field 14/PagerPhone Failed</b></h3><pre>[PagerPhone  is updated] The XPathContains assertion failed for the following path: [//UpdateMember[1]/UpdateMemberRecord[1]/PagerPhone[1]]. Expected value: [12902920]; Actual value: [].
</pre><hr/><h3><b>REST Request - Field 15/InternetUserID Failed</b></h3><pre>[ Not Contains Object logic failure exception raised.] Response contains token [Object logic failure]
</pre><hr/><h3><b>REST Request - Field 16/InternetPassword Failed</b></h3><pre>[Not Contains Object logic failure exception raised.] Response contains token [Object logic failure]
</pre><hr/><h3><b>REST Request - Field 18/InternetNotifyActivity Failed</b></h3><pre>[InternetNotifyActivity  is updated] The XPathContains assertion failed for the following path: [//UpdateMember[1]/UpdateMemberRecord[1]/InternetNotifyActivity[1]]. Expected value: [0]; Actual value: [].
</pre><hr/><h3><b>REST Request - Field 19/MembershipNumber Failed</b></h3><pre>[MembershipNumber  is updated] The XPathContains assertion failed for the following path: [//UpdateMember[1]/UpdateMemberRecord[1]/MembershipNumber[1]]. Expected value: [222222]; Actual value: [].
</pre><hr/><h3><b>REST Request - Field 20/MembershipStartDate Failed</b></h3><pre>[MemnershipStartDate  is updated] The XPathContains assertion failed for the following path: [//UpdateMember[1]/UpdateMemberRecord[1]/MembershipStartDate[1]]. Expected value: [3/11/2017]; Actual value: [].
</pre><hr/><h3><b>REST Request - Field 21/MembershipEndDate Failed</b></h3><pre>[MembershipEndDate  is updated] The XPathContains assertion failed for the following path: [//UpdateMember[1]/UpdateMemberRecord[1]/MembershipEndDate[1]]. Expected value: [2/20/9990]; Actual value: [].
</pre><hr/><h3><b>REST Request - Field 22/MembershipTypeID Failed</b></h3><pre>[PagerPhone  is updated] The XPathContains assertion failed for the following path: [//UpdateMember[1]/UpdateMemberRecord[1]/PagerPhone[1]]. Expected value: [12902920]; Actual value: [].
</pre><hr/><h3><b>REST Request - Incorrect Param5/ Old Value Failed</b></h3><pre>[ANOTHER_USER_CHANGED_RECORD] The XPathContains assertion failed for the following path: [//Error[1]/ErrorDescription[1]]. Expected value: [ANOTHER_USER_CHANGED_RECORD]; Actual value: [Object logic failure exception raised.].
</pre><hr/>]]></failure>
    </testcase>
    <testcase name="TeeTimeSearch" time="8.815"/>
    <testcase name="TeeTimeValidate" time="9.33"/>
    <testcase name="TeeTimeReserve" time="22.42">
      <failure type="Failing due to failed test step" message="Failing due to failed test step"><![CDATA[<h3><b>REST Request - Empty Param6/CCNumber Failed</b></h3><pre>[Contains INVALID_CREDIT_CARD_NUMBER] Missing token [INVALID_CREDIT_CARD_NUMBER] in Response
</pre><hr/><h3><b>REST Request - Expired CC Failed</b></h3><pre>[Contains EXPIRED_CREDIT_CARD] Missing token [EXPIRED_CREDIT_CARD] in Response
</pre><hr/>]]></failure>
    </testcase>
    <testcase name="GetTeeTimeSlots" time="9.882"/>
    <testcase name="UpdateTeeTimeSlotName" time="14.69"/>
    <testcase name="UpdateTeeTimeSlotAndContactInfo" time="7.452"/>
    <testcase name="AddConfirmationNote" time="7.395"/>
    <testcase name="GetConfirmationNote" time="6.294"/>
    <testcase name="TeeTimeGetCancelPolicy" time="7.061">
      <failure type="Failing due to failed test step" message="Failing due to failed test step"><![CDATA[<h3><b>REST Request - Empty Param1/SponsorID Failed</b></h3><pre>[INVALID_SPONSOR_ID] The XPathContains assertion failed for the following path: [//Error[1]/ErrorDescription[1]]. Expected value: [INVALID_SPONSOR_ID]; Actual value: [INVALID_UPW].
</pre><hr/><h3><b>REST Request - Empty Param2/ConfirmID Failed</b></h3><pre>[INVALID_CONFIRMATIONID] The XPathContains assertion failed for the following path: [//Error[1]/ErrorDescription[1]]. Expected value: [INVALID_CONFIRMATIONID]; Actual value: [INVALID_USERID].
</pre><hr/><h3><b>REST Request - Empty Param3/UserID Failed</b></h3><pre>[INVALID_USERID] The XPathContains assertion failed for the following path: [//Error[1]/ErrorDescription[1]]. Expected value: [INVALID_USERID]; Actual value: [INVALID_PASSWORD].
</pre><hr/><h3><b>REST Request - Valid Failed</b></h3><pre>[Not Contains INVALID_UPW] Response contains token [INVALID_UPW]
</pre><hr/>]]></failure>
    </testcase>
    <testcase name="TeeTimeCancel" time="6.003">
      <failure type="Failing due to failed test step" message="Failing due to failed test step"><![CDATA[<h3><b>REST Request - Empty Param3/UserID Failed</b></h3><pre>java.net.SocketTimeoutException: Read timed out
</pre><hr/>]]></failure>
    </testcase>
    <testcase name="RemoveMember" time="10.287"/>
  </testsuite>
</testsuites>