<html xmlns:stringutils="xalan://com.eviware.soapui.support.StringUtils" xmlns:lxslt="http://xml.apache.org/xslt">
<head>
<META http-equiv="Content-Type" content="text/html; charset=UTF-8">
<title>SoapUI Test Results: All TestCases</title>
<link title="Style" type="text/css" rel="stylesheet" href="stylesheet.css">
</head>
<body onload="open('allclasses-frame.html','classListFrame')">
<h1>SoapUI Test Results</h1>
<hr size="1">
<h2>All TestCases</h2>
<table width="95%" cellspacing="2" cellpadding="5" border="0" class="details">
<tr valign="top">
<th>Class</th><th>Name</th><th>Status</th><th width="80%">Type</th><th nowrap>Time (s)</th>
</tr>
<tr valign="top" class="Failure">
<td><a href="API Testing/1_API Testing.API.EZLinks.html">API Testing.API.EZLinks</a></td><td><a name="General Test Cases for Invalid Parameters"></a><a href="API Testing/1_API Testing.API.EZLinks.html#General Test Cases for Invalid Parameters">General Test Cases for Invalid Parameters</a></td><td>Failure</td><td>Failing due to failed test step<br>
<br>
<code><h3><b>REST Request - Incorrect Subscriber Failed</b></h3><pre>[INVALID_SUBSCRIBER] The XPathContains assertion failed for the following path: [//Error[1]/ErrorDescription[1]]. Expected value: [INVALID_SUBSCRIBER]; Actual value: [INVALID_SPONSOR_ID].<br/></pre><hr/></code></td><td>8.034</td>
</tr>
<tr valign="top" class="TableRowColor">
<td><a href="API Testing/1_API Testing.API.EZLinks.html">API Testing.API.EZLinks</a></td><td><a name="MDIGetAreaList"></a><a href="API Testing/1_API Testing.API.EZLinks.html#MDIGetAreaList">MDIGetAreaList</a></td><td>Success</td><td></td><td>2.875</td>
</tr>
<tr valign="top" class="TableRowColor">
<td><a href="API Testing/1_API Testing.API.EZLinks.html">API Testing.API.EZLinks</a></td><td><a name="MDIGetCityList"></a><a href="API Testing/1_API Testing.API.EZLinks.html#MDIGetCityList">MDIGetCityList</a></td><td>Success</td><td></td><td>2.927</td>
</tr>
<tr valign="top" class="TableRowColor">
<td><a href="API Testing/1_API Testing.API.EZLinks.html">API Testing.API.EZLinks</a></td><td><a name="MDIGetCourseInfoList"></a><a href="API Testing/1_API Testing.API.EZLinks.html#MDIGetCourseInfoList">MDIGetCourseInfoList</a></td><td>Success</td><td></td><td>3.246</td>
</tr>
<tr valign="top" class="TableRowColor">
<td><a href="API Testing/1_API Testing.API.EZLinks.html">API Testing.API.EZLinks</a></td><td><a name="MDIGetCourseList"></a><a href="API Testing/1_API Testing.API.EZLinks.html#MDIGetCourseList">MDIGetCourseList</a></td><td>Success</td><td></td><td>2.749</td>
</tr>
<tr valign="top" class="TableRowColor">
<td><a href="API Testing/1_API Testing.API.EZLinks.html">API Testing.API.EZLinks</a></td><td><a name="MDIGetCourseListWithResPolicy"></a><a href="API Testing/1_API Testing.API.EZLinks.html#MDIGetCourseListWithResPolicy">MDIGetCourseListWithResPolicy</a></td><td>Success</td><td></td><td>3.549</td>
</tr>
<tr valign="top" class="TableRowColor">
<td><a href="API Testing/1_API Testing.API.EZLinks.html">API Testing.API.EZLinks</a></td><td><a name="MDIGetCourseName"></a><a href="API Testing/1_API Testing.API.EZLinks.html#MDIGetCourseName">MDIGetCourseName</a></td><td>Success</td><td></td><td>7.526</td>
</tr>
<tr valign="top" class="TableRowColor">
<td><a href="API Testing/1_API Testing.API.EZLinks.html">API Testing.API.EZLinks</a></td><td><a name="MDIGetCourseResPolicy"></a><a href="API Testing/1_API Testing.API.EZLinks.html#MDIGetCourseResPolicy">MDIGetCourseResPolicy</a></td><td>Success</td><td></td><td>6.157</td>
</tr>
<tr valign="top" class="TableRowColor">
<td><a href="API Testing/1_API Testing.API.EZLinks.html">API Testing.API.EZLinks</a></td><td><a name="MDIGetInternetProtocol"></a><a href="API Testing/1_API Testing.API.EZLinks.html#MDIGetInternetProtocol">MDIGetInternetProtocol</a></td><td>Success</td><td></td><td>2.754</td>
</tr>
<tr valign="top" class="TableRowColor">
<td><a href="API Testing/1_API Testing.API.EZLinks.html">API Testing.API.EZLinks</a></td><td><a name="MDIGetRegionList"></a><a href="API Testing/1_API Testing.API.EZLinks.html#MDIGetRegionList">MDIGetRegionList</a></td><td>Success</td><td></td><td>2.805</td>
</tr>
<tr valign="top" class="TableRowColor">
<td><a href="API Testing/1_API Testing.API.EZLinks.html">API Testing.API.EZLinks</a></td><td><a name="UserRegister"></a><a href="API Testing/1_API Testing.API.EZLinks.html#UserRegister">UserRegister</a></td><td>Success</td><td></td><td>22.087</td>
</tr>
<tr valign="top" class="TableRowColor">
<td><a href="API Testing/1_API Testing.API.EZLinks.html">API Testing.API.EZLinks</a></td><td><a name="UserGetRegistration"></a><a href="API Testing/1_API Testing.API.EZLinks.html#UserGetRegistration">UserGetRegistration</a></td><td>Success</td><td></td><td>10.057</td>
</tr>
<tr valign="top" class="TableRowColor">
<td><a href="API Testing/1_API Testing.API.EZLinks.html">API Testing.API.EZLinks</a></td><td><a name="UserChangeUserID"></a><a href="API Testing/1_API Testing.API.EZLinks.html#UserChangeUserID">UserChangeUserID</a></td><td>Success</td><td></td><td>11.366</td>
</tr>
<tr valign="top" class="TableRowColor">
<td><a href="API Testing/1_API Testing.API.EZLinks.html">API Testing.API.EZLinks</a></td><td><a name="UserChangePassword"></a><a href="API Testing/1_API Testing.API.EZLinks.html#UserChangePassword">UserChangePassword</a></td><td>Success</td><td></td><td>11.916</td>
</tr>
<tr valign="top" class="Failure">
<td><a href="API Testing/1_API Testing.API.EZLinks.html">API Testing.API.EZLinks</a></td><td><a name="UserChangeRegistration"></a><a href="API Testing/1_API Testing.API.EZLinks.html#UserChangeRegistration">UserChangeRegistration</a></td><td>Failure</td><td>Failing due to failed test step<br>
<br>
<code><h3><b>REST Request - Empty Param4/FirstName Failed</b></h3><pre>[REQUIRE_FIRSTNAME] The XPathContains assertion failed for the following path: [//Error[1]/ErrorDescription[1]]. Expected value: [REQUIRE_FIRSTNAME]; Actual value: [REQUIRE_LASTNAME].<br/></pre><hr/></code></td><td>21.248</td>
</tr>
<tr valign="top" class="TableRowColor">
<td><a href="API Testing/1_API Testing.API.EZLinks.html">API Testing.API.EZLinks</a></td><td><a name="UserGetTeeTimesSummary"></a><a href="API Testing/1_API Testing.API.EZLinks.html#UserGetTeeTimesSummary">UserGetTeeTimesSummary</a></td><td>Success</td><td></td><td>8.889</td>
</tr>
<tr valign="top" class="TableRowColor">
<td><a href="API Testing/1_API Testing.API.EZLinks.html">API Testing.API.EZLinks</a></td><td><a name="AddMember"></a><a href="API Testing/1_API Testing.API.EZLinks.html#AddMember">AddMember</a></td><td>Success</td><td></td><td>23.764</td>
</tr>
<tr valign="top" class="TableRowColor">
<td><a href="API Testing/1_API Testing.API.EZLinks.html">API Testing.API.EZLinks</a></td><td><a name="GetMembershipTypes"></a><a href="API Testing/1_API Testing.API.EZLinks.html#GetMembershipTypes">GetMembershipTypes</a></td><td>Success</td><td></td><td>4.068</td>
</tr>
<tr valign="top" class="Failure">
<td><a href="API Testing/1_API Testing.API.EZLinks.html">API Testing.API.EZLinks</a></td><td><a name="GetMemberList"></a><a href="API Testing/1_API Testing.API.EZLinks.html#GetMemberList">GetMemberList</a></td><td>Failure</td><td>Failing due to failed test step<br>
<br>
<code><h3><b>REST Request - Valid Failed</b></h3><pre>[Not Contains ACCESS_DENIED] Response contains token [ACCESS_DENIED]<br/></pre><hr/><h3><b>REST Request - Empty Param2/MembershipTypeId Failed</b></h3><pre>[INVALID_MEMBERSHIPTYPEID] The XPathContains assertion failed for the following path: [//Error[1]/ErrorDescription[1]]. Expected value: [INVALID_MEMBERSHIPTYPEID]; Actual value: [ACCESS_DENIED].<br/></pre><hr/></code></td><td>4.526</td>
</tr>
<tr valign="top" class="TableRowColor">
<td><a href="API Testing/1_API Testing.API.EZLinks.html">API Testing.API.EZLinks</a></td><td><a name="GetCountryList"></a><a href="API Testing/1_API Testing.API.EZLinks.html#GetCountryList">GetCountryList</a></td><td>Success</td><td></td><td>9.014</td>
</tr>
<tr valign="top" class="TableRowColor">
<td><a href="API Testing/1_API Testing.API.EZLinks.html">API Testing.API.EZLinks</a></td><td><a name="SearchForMember"></a><a href="API Testing/1_API Testing.API.EZLinks.html#SearchForMember">SearchForMember</a></td><td>Success</td><td></td><td>11.625</td>
</tr>
<tr valign="top" class="Failure">
<td><a href="API Testing/1_API Testing.API.EZLinks.html">API Testing.API.EZLinks</a></td><td><a name="UpdateMember"></a><a href="API Testing/1_API Testing.API.EZLinks.html#UpdateMember">UpdateMember</a></td><td>Failure</td><td>Failing due to failed test step<br>
<br>
<code><h3><b>REST Request - Field 15/InternetUserID Failed</b></h3><pre>[ Not Contains Object logic failure exception raised.] Response contains token [Object logic failure]<br/></pre><hr/><h3><b>REST Request - Field 16/InternetPassword Failed</b></h3><pre>[Not Contains Object logic failure exception raised.] Response contains token [Object logic failure]<br/></pre><hr/></code></td><td>53.282</td>
</tr>
<tr valign="top" class="TableRowColor">
<td><a href="API Testing/1_API Testing.API.EZLinks.html">API Testing.API.EZLinks</a></td><td><a name="TeeTimeSearch"></a><a href="API Testing/1_API Testing.API.EZLinks.html#TeeTimeSearch">TeeTimeSearch</a></td><td>Success</td><td></td><td>9.216</td>
</tr>
<tr valign="top" class="TableRowColor">
<td><a href="API Testing/1_API Testing.API.EZLinks.html">API Testing.API.EZLinks</a></td><td><a name="TeeTimeValidate"></a><a href="API Testing/1_API Testing.API.EZLinks.html#TeeTimeValidate">TeeTimeValidate</a></td><td>Success</td><td></td><td>9.301</td>
</tr>
<tr valign="top" class="Failure">
<td><a href="API Testing/1_API Testing.API.EZLinks.html">API Testing.API.EZLinks</a></td><td><a name="TeeTimeReserve"></a><a href="API Testing/1_API Testing.API.EZLinks.html#TeeTimeReserve">TeeTimeReserve</a></td><td>Failure</td><td>Cancelling due to failed test step<br>
<br>
<code><h3><b>REST Request - Empty Param6/CCNumber Failed</b></h3><pre>[Contains INVALID_CREDIT_CARD_NUMBER] Missing token [INVALID_CREDIT_CARD_NUMBER] in Response<br/></pre><hr/></code></td><td>17.573</td>
</tr>
<tr valign="top" class="TableRowColor">
<td><a href="API Testing/1_API Testing.API.EZLinks.html">API Testing.API.EZLinks</a></td><td><a name="GetTeeTimeSlots"></a><a href="API Testing/1_API Testing.API.EZLinks.html#GetTeeTimeSlots">GetTeeTimeSlots</a></td><td>Success</td><td></td><td>10.522</td>
</tr>
<tr valign="top" class="TableRowColor">
<td><a href="API Testing/1_API Testing.API.EZLinks.html">API Testing.API.EZLinks</a></td><td><a name="UpdateTeeTimeSlotName"></a><a href="API Testing/1_API Testing.API.EZLinks.html#UpdateTeeTimeSlotName">UpdateTeeTimeSlotName</a></td><td>Success</td><td></td><td>14.588</td>
</tr>
<tr valign="top" class="TableRowColor">
<td><a href="API Testing/1_API Testing.API.EZLinks.html">API Testing.API.EZLinks</a></td><td><a name="UpdateTeeTimeSlotAndContactInfo"></a><a href="API Testing/1_API Testing.API.EZLinks.html#UpdateTeeTimeSlotAndContactInfo">UpdateTeeTimeSlotAndContactInfo</a></td><td>Success</td><td></td><td>7.687</td>
</tr>
<tr valign="top" class="TableRowColor">
<td><a href="API Testing/1_API Testing.API.EZLinks.html">API Testing.API.EZLinks</a></td><td><a name="AddConfirmationNote"></a><a href="API Testing/1_API Testing.API.EZLinks.html#AddConfirmationNote">AddConfirmationNote</a></td><td>Success</td><td></td><td>7.240</td>
</tr>
<tr valign="top" class="TableRowColor">
<td><a href="API Testing/1_API Testing.API.EZLinks.html">API Testing.API.EZLinks</a></td><td><a name="GetConfirmationNote"></a><a href="API Testing/1_API Testing.API.EZLinks.html#GetConfirmationNote">GetConfirmationNote</a></td><td>Success</td><td></td><td>5.761</td>
</tr>
<tr valign="top" class="Failure">
<td><a href="API Testing/1_API Testing.API.EZLinks.html">API Testing.API.EZLinks</a></td><td><a name="TeeTimeGetCancelPolicy"></a><a href="API Testing/1_API Testing.API.EZLinks.html#TeeTimeGetCancelPolicy">TeeTimeGetCancelPolicy</a></td><td>Failure</td><td>Failing due to failed test step<br>
<br>
<code><h3><b>REST Request - Empty Param1/SponsorID Failed</b></h3><pre>[INVALID_SPONSOR_ID] The XPathContains assertion failed for the following path: [//Error[1]/ErrorDescription[1]]. Expected value: [INVALID_SPONSOR_ID]; Actual value: [INVALID_UPW].<br/></pre><hr/><h3><b>REST Request - Empty Param2/ConfirmID Failed</b></h3><pre>[INVALID_CONFIRMATIONID] The XPathContains assertion failed for the following path: [//Error[1]/ErrorDescription[1]]. Expected value: [INVALID_CONFIRMATIONID]; Actual value: [INVALID_USERID].<br/></pre><hr/><h3><b>REST Request - Empty Param3/UserID Failed</b></h3><pre>[INVALID_USERID] The XPathContains assertion failed for the following path: [//Error[1]/ErrorDescription[1]]. Expected value: [INVALID_USERID]; Actual value: [INVALID_PASSWORD].<br/></pre><hr/><h3><b>REST Request - Valid Failed</b></h3><pre>[Not Contains INVALID_UPW] Response contains token [INVALID_UPW]<br/></pre><hr/></code></td><td>7.270</td>
</tr>
<tr valign="top" class="Failure">
<td><a href="API Testing/1_API Testing.API.EZLinks.html">API Testing.API.EZLinks</a></td><td><a name="TeeTimeCancel"></a><a href="API Testing/1_API Testing.API.EZLinks.html#TeeTimeCancel">TeeTimeCancel</a></td><td>Failure</td><td>Failing due to failed test step<br>
<br>
<code><h3><b>REST Request - Empty Param3/UserID Failed</b></h3><pre>java.net.SocketTimeoutException: Read timed out<br/></pre><hr/></code></td><td>6.394</td>
</tr>
<tr valign="top" class="Failure">
<td><a href="API Testing/1_API Testing.API.EZLinks.html">API Testing.API.EZLinks</a></td><td><a name="RemoveMember"></a><a href="API Testing/1_API Testing.API.EZLinks.html#RemoveMember">RemoveMember</a></td><td>Failure</td><td>Failing due to failed test step<br>
<br>
<code><h3><b>REST Request - RemoveMember - Valid Failed</b></h3><pre>[Not Contains Object logic failure exception raised.] Response contains token [Object logic failure]<br/></pre><hr/></code></td><td>9.863</td>
</tr>
<tr valign="top" class="Failure">
<td><a href="API Testing/2_API Testing.MovableInk-API - PROD.html">API Testing.MovableInk-API - PROD</a></td><td><a name="/api/External/Search/GetCourseTeeTimesSummaries/{zipCode}/{playDate}"></a><a href="API Testing/2_API Testing.MovableInk-API - PROD.html#/api/External/Search/GetCourseTeeTimesSummaries/{zipCode}/{playDate}">/api/External/Search/GetCourseTeeTimesSummaries/{zipCode}/{playDate}</a></td><td>Failure</td><td>Failing due to failed test step<br>
<br>
<code><h3><b>GET Request - passing 2,000 character ZipCode Failed</b></h3><pre>[Time Summary Results: ZipCode is not valid.] Missing token [Time Summary Results: ZipCode is not valid.] in Response<br/></pre><hr/><h3><b>GET Request - Valid ZipCode 85239, Valid PlayDate Failed</b></h3><pre>[Not Contains ZipCode is not valid.] Response contains token [ZipCode is not valid.]<br/></pre><hr/><h3><b>GET Request - MovableInkAPI - Checking Course(compared to OT ExternalAPI) Failed</b></h3><pre>[maxDiscountPercentage] The XPathContains assertion failed for the following path: [declare namespace ns1='https://dist.ezlinks.com/api/External/Search/GetCourseTeeTimesSummaries/85263/10-19-2015';<br/>//ns1:Response[1]/ns1:data[1]/ns1:e[1]/ns1:maxDiscountPercentage[1]]. Expected value: [0.0]; Actual value: [36.0].<br/></pre><hr/><h3><b>Groovy Script: Other Assertions - Checking Course Tee Times Failed</b></h3><pre>Assertion failed: <br/><br/>assert  value["distance"].toInteger() > 0<br/>        |    |            |           |<br/>        |    0.96         0           false<br/>        [allowPromos:false, courseCity:Las Vegas, courseId:1025, courseName:Las Vegas Golf Club, coursePhoto://cdn.teeoff.com/course/1025/1025-000002.jpg, courseState:NV, courseUrl:las-vegas-golf-club-las-vegas-nv-89107-tee-times, distance:0.96, firstTeeTime:11:00 AM, lastTeeTime:5:45 PM, latitude:36.1810913085937, longitude:-115.198066711426, maxDiscountPercentage:36, maxDiscountedFromRate:65, maxPlayers:4, minPlayers:1, priceFrom:35, priceTo:55, totalDealsAvailableByCourse:0, totalTeeTimesByCourse:27]<br/><br/>error at line: 38<br/></pre><hr/></code></td><td>24.953</td>
</tr>
<tr valign="top" class="TableRowColor">
<td><a href="API Testing/3_API Testing.ReservationController.html">API Testing.ReservationController</a></td><td><a name="/TeeOff/v1/Reservation/ProcessTeeTimeCheckout"></a><a href="API Testing/3_API Testing.ReservationController.html#/TeeOff/v1/Reservation/ProcessTeeTimeCheckout">/TeeOff/v1/Reservation/ProcessTeeTimeCheckout</a></td><td>Success</td><td></td><td>4.855</td>
</tr>
<tr valign="top" class="TableRowColor">
<td><a href="API Testing/3_API Testing.ReservationController.html">API Testing.ReservationController</a></td><td><a name="/TeeOff/v1/Reservation/ProcessTeeTimeCheckout - Invalid Scenarios"></a><a href="API Testing/3_API Testing.ReservationController.html#/TeeOff/v1/Reservation/ProcessTeeTimeCheckout - Invalid Scenarios">/TeeOff/v1/Reservation/ProcessTeeTimeCheckout - Invalid Scenarios</a></td><td>Success</td><td></td><td>13.853</td>
</tr>
<tr valign="top" class="TableRowColor">
<td><a href="API Testing/3_API Testing.ReservationController.html">API Testing.ReservationController</a></td><td><a name="/TeeOff/v1/Reservation/ApplyPromoCode"></a><a href="API Testing/3_API Testing.ReservationController.html#/TeeOff/v1/Reservation/ApplyPromoCode">/TeeOff/v1/Reservation/ApplyPromoCode</a></td><td>Success</td><td></td><td>12.506</td>
</tr>
<tr valign="top" class="TableRowColor">
<td><a href="API Testing/3_API Testing.ReservationController.html">API Testing.ReservationController</a></td><td><a name="/TeeOff/v1/Reservation/ModifyReservation"></a><a href="API Testing/3_API Testing.ReservationController.html#/TeeOff/v1/Reservation/ModifyReservation">/TeeOff/v1/Reservation/ModifyReservation</a></td><td>Success</td><td></td><td>6.836</td>
</tr>
<tr valign="top" class="TableRowColor">
<td><a href="API Testing/3_API Testing.ReservationController.html">API Testing.ReservationController</a></td><td><a name="/TeeOff/v1/Reservation/BookReservation - As Registered User"></a><a href="API Testing/3_API Testing.ReservationController.html#/TeeOff/v1/Reservation/BookReservation - As Registered User">/TeeOff/v1/Reservation/BookReservation - As Registered User</a></td><td>Success</td><td></td><td>12.387</td>
</tr>
<tr valign="top" class="TableRowColor">
<td><a href="API Testing/3_API Testing.ReservationController.html">API Testing.ReservationController</a></td><td><a name="/TeeOff/v1/Reservation/BookReservation - As Guest User (Registered)"></a><a href="API Testing/3_API Testing.ReservationController.html#/TeeOff/v1/Reservation/BookReservation - As Guest User (Registered)">/TeeOff/v1/Reservation/BookReservation - As Guest User (Registered)</a></td><td>Success</td><td></td><td>10.723</td>
</tr>
<tr valign="top" class="Failure">
<td><a href="API Testing/3_API Testing.ReservationController.html">API Testing.ReservationController</a></td><td><a name="/TeeOff/v1/Reservation/BookReservation - As Guest User (Unregistered)"></a><a href="API Testing/3_API Testing.ReservationController.html#/TeeOff/v1/Reservation/BookReservation - As Guest User (Unregistered)">/TeeOff/v1/Reservation/BookReservation - As Guest User (Unregistered)</a></td><td>Failure</td><td>Cancelling due to failed test step<br>
<br>
<code><h3><b>Test Request: Book Reservation Failed</b></h3><pre>[Success] The XPathContains assertion failed for the following path: [declare namespace ns1='https://dev-api.opentee.com/TeeOff/v1/Reservation/BookReservation';<br/>//ns1:Response[1]/ns1:Success[1]]. Expected value: [true]; Actual value: [].<br/>[Message] The XPathContains assertion failed for the following path: [declare namespace ns1='https://dev-api.opentee.com/TeeOff/v1/Reservation/BookReservation';<br/>//ns1:Fault[1]/ns1:Message[1]]. Expected value: []; Actual value: [Credit Card Error: Your payment failed. Please reenter payment information. Need help? Call us: 1-855-383-3633. (R02)].<br/></pre><hr/></code></td><td>32.551</td>
</tr>
<tr valign="top" class="TableRowColor">
<td><a href="API Testing/3_API Testing.ReservationController.html">API Testing.ReservationController</a></td><td><a name="/TeeOff/v1/Reservation/BookReservation - 1:Directory Time(Regular)"></a><a href="API Testing/3_API Testing.ReservationController.html#/TeeOff/v1/Reservation/BookReservation - 1:Directory Time(Regular)">/TeeOff/v1/Reservation/BookReservation - 1:Directory Time(Regular)</a></td><td>Success</td><td></td><td>8.984</td>
</tr>
<tr valign="top" class="Failure">
<td><a href="API Testing/3_API Testing.ReservationController.html">API Testing.ReservationController</a></td><td><a name="/TeeOff/v1/Reservation/BookReservation - 2: EZLinks Barter Time"></a><a href="API Testing/3_API Testing.ReservationController.html#/TeeOff/v1/Reservation/BookReservation - 2: EZLinks Barter Time">/TeeOff/v1/Reservation/BookReservation - 2: EZLinks Barter Time</a></td><td>Failure</td><td>Cancelling due to failed test step<br>
<br>
<code><h3><b>Test Request: Get tee times by Course Failed</b></h3><pre>[Contains CourseId] Missing token [CourseId] in Response<br/></pre><hr/></code></td><td>3.649</td>
</tr>
<tr valign="top" class="Failure">
<td><a href="API Testing/3_API Testing.ReservationController.html">API Testing.ReservationController</a></td><td><a name="/TeeOff/v1/Reservation/BookReservation - 4: Golfswitch Barter Time"></a><a href="API Testing/3_API Testing.ReservationController.html#/TeeOff/v1/Reservation/BookReservation - 4: Golfswitch Barter Time">/TeeOff/v1/Reservation/BookReservation - 4: Golfswitch Barter Time</a></td><td>Failure</td><td>Cancelling due to failed test step<br>
<br>
<code><h3><b>Test Request: Get tee times by Course Failed</b></h3><pre>[Contains CourseId] Missing token [CourseId] in Response<br/></pre><hr/></code></td><td>3.602</td>
</tr>
<tr valign="top" class="Failure">
<td><a href="API Testing/3_API Testing.ReservationController.html">API Testing.ReservationController</a></td><td><a name="/TeeOff/v1/Reservation/BookReservation - 7:Golfswitch Course Time"></a><a href="API Testing/3_API Testing.ReservationController.html#/TeeOff/v1/Reservation/BookReservation - 7:Golfswitch Course Time">/TeeOff/v1/Reservation/BookReservation - 7:Golfswitch Course Time</a></td><td>Failure</td><td>Cancelling due to failed test step<br>
<br>
<code><h3><b>Test Request: Book Reservation - Successful Failed</b></h3><pre>[Success] The XPathContains assertion failed for the following path: [declare namespace ns1='https://dev-api.opentee.com/TeeOff/v1/Reservation/BookReservation';<br/>//ns1:Response[1]/ns1:Success[1]]. Expected value: [true]; Actual value: [].<br/>[Tee time is reserved & paid.] The XPathContains assertion failed for the following path: [declare namespace ns1='https://dev-api.opentee.com/TeeOff/v1/Reservation/BookReservation';<br/>//ns1:Response[1]/ns1:Data[1]/ns1:e[1]/ns1:StatusDescription[1]]. Expected value: [Tee time is reserved and paid.]; Actual value: [].<br/>[ContactId is the same as the OriginatingContactId] The XPathContains assertion failed for the following path: [declare namespace ns1='https://dev-api.opentee.com/TeeOff/v1/Reservation/BookReservation';<br/>//ns1:Response[1]/ns1:Data[1]/ns1:e[1]/ns1:ContactId[1]]. Expected value: [26574452]; Actual value: [].<br/>[Amount paid is correct] The XPathContains assertion failed for the following path: [declare namespace ns1='https://dev-api.opentee.com/TeeOff/v1/Reservation/BookReservation';<br/>//ns1:Response[1]/ns1:Data[1]/ns1:e[1]/ns1:AmountPaid[1]]. Expected value: [0.0]; Actual value: [].<br/>[Due at course is correct.] The XPathContains assertion failed for the following path: [declare namespace ns1='https://dev-api.opentee.com/TeeOff/v1/Reservation/BookReservation';<br/>//ns1:Response[1]/ns1:Data[1]/ns1:e[1]/ns1:AmountDueAtCourse[1]]. Expected value: [199.04]; Actual value: [].<br/>[Tee time is on the correct course.] The XPathContains assertion failed for the following path: [declare namespace ns1='https://dev-api.opentee.com/TeeOff/v1/Reservation/BookReservation';<br/>//ns1:Response[1]/ns1:Data[1]/ns1:e[1]/ns1:CourseId[1]]. Expected value: [100165]; Actual value: [].<br/>[TeetimeTypId is 7] The XPathContains assertion failed for the following path: [declare namespace ns1='https://dev-api.opentee.com/TeeOff/v1/Reservation/BookReservation';<br/>//ns1:Response[1]/ns1:Data[1]/ns1:e[1]/ns1:TeeTimeTypeId[1]]. Expected value: [1]; Actual value: [].<br/></pre><hr/></code></td><td>8.830</td>
</tr>
<tr valign="top" class="TableRowColor">
<td><a href="API Testing/3_API Testing.ReservationController.html">API Testing.ReservationController</a></td><td><a name="/TeeOff/v1/Reservation/BookReservation - 8:Golfswitch Special Time"></a><a href="API Testing/3_API Testing.ReservationController.html#/TeeOff/v1/Reservation/BookReservation - 8:Golfswitch Special Time">/TeeOff/v1/Reservation/BookReservation - 8:Golfswitch Special Time</a></td><td>Success</td><td></td><td>11.384</td>
</tr>
<tr valign="top" class="Failure">
<td><a href="API Testing/3_API Testing.ReservationController.html">API Testing.ReservationController</a></td><td><a name="/TeeOff/v1/Reservation/BookReservation - 9: DSS Course Time (Regular)"></a><a href="API Testing/3_API Testing.ReservationController.html#/TeeOff/v1/Reservation/BookReservation - 9: DSS Course Time (Regular)">/TeeOff/v1/Reservation/BookReservation - 9: DSS Course Time (Regular)</a></td><td>Failure</td><td>Cancelling due to failed test step<br>
<br>
<code><h3><b>Test Request: Get tee times by Course Failed</b></h3><pre>[Contains CourseId] Missing token [CourseId] in Response<br/></pre><hr/></code></td><td>3.620</td>
</tr>
<tr valign="top" class="Failure">
<td><a href="API Testing/3_API Testing.ReservationController.html">API Testing.ReservationController</a></td><td><a name="/TeeOff/v1/Reservation/BookReservation - 11: DSS Course Time (NetRate)"></a><a href="API Testing/3_API Testing.ReservationController.html#/TeeOff/v1/Reservation/BookReservation - 11: DSS Course Time (NetRate)">/TeeOff/v1/Reservation/BookReservation - 11: DSS Course Time (NetRate)</a></td><td>Failure</td><td>Cancelling due to failed test step<br>
<br>
<code><h3><b>Test Request: Get tee times by Course Failed</b></h3><pre>[Contains CourseId] Missing token [CourseId] in Response<br/></pre><hr/></code></td><td>3.644</td>
</tr>
<tr valign="top" class="Failure">
<td><a href="API Testing/3_API Testing.ReservationController.html">API Testing.ReservationController</a></td><td><a name="/TeeOff/v1/Reservation/BookReservation - 12: DSS Barter (Trade)"></a><a href="API Testing/3_API Testing.ReservationController.html#/TeeOff/v1/Reservation/BookReservation - 12: DSS Barter (Trade)">/TeeOff/v1/Reservation/BookReservation - 12: DSS Barter (Trade)</a></td><td>Failure</td><td>Cancelling due to failed test step<br>
<br>
<code><h3><b>Test Request: Get tee times by Course Failed</b></h3><pre>[Contains CourseId] Missing token [CourseId] in Response<br/></pre><hr/></code></td><td>3.698</td>
</tr>
<tr valign="top" class="Failure">
<td><a href="API Testing/3_API Testing.ReservationController.html">API Testing.ReservationController</a></td><td><a name="/TeeOff/v1/Reservation/BookReservation - 13: DSS Barter (FlexTrade)"></a><a href="API Testing/3_API Testing.ReservationController.html#/TeeOff/v1/Reservation/BookReservation - 13: DSS Barter (FlexTrade)">/TeeOff/v1/Reservation/BookReservation - 13: DSS Barter (FlexTrade)</a></td><td>Failure</td><td>No Available Tee Times<br>
<br>
<code><h3><b>Groovy Script - Check 14 days for available tee times Failed</b></h3><pre></pre><hr/></code></td><td>19.911</td>
</tr>
<tr valign="top" class="Failure">
<td><a href="API Testing/3_API Testing.ReservationController.html">API Testing.ReservationController</a></td><td><a name="/TeeOff/v1/Reservation/BookReservation - 14: DSS Barter (ShareRatio)"></a><a href="API Testing/3_API Testing.ReservationController.html#/TeeOff/v1/Reservation/BookReservation - 14: DSS Barter (ShareRatio)">/TeeOff/v1/Reservation/BookReservation - 14: DSS Barter (ShareRatio)</a></td><td>Failure</td><td>Property Transfer: Move Tee Time Details<br>
<br>
<code><h3><b>Groovy Script Failed</b></h3><pre></pre><hr/></code></td><td>19.601</td>
</tr>
<tr valign="top" class="Failure">
<td><a href="API Testing/3_API Testing.ReservationController.html">API Testing.ReservationController</a></td><td><a name="/TeeOff/v1/Reservation/BookReservation - test"></a><a href="API Testing/3_API Testing.ReservationController.html#/TeeOff/v1/Reservation/BookReservation - test">/TeeOff/v1/Reservation/BookReservation - test</a></td><td>Failure</td><td>Failing due to failed test step<br>
<br>
<code><h3><b>Test Request: Get tee times by Course Failed</b></h3><pre>[Contains] Missing token [CourseId] in Response<br/></pre><hr/><h3><b>Test Request: Book Reservation - Successful Failed</b></h3><pre>[ContactId is the same as the OriginatingContactId] The XPathContains assertion failed for the following path: [declare namespace ns1='https://dev-api.opentee.com/TeeOff/v1/Reservation/BookReservation';<br/>//ns1:Response[1]/ns1:Data[1]/ns1:e[1]/ns1:ContactId[1]]. Expected value: [26571295]; Actual value: [26574452].<br/>[TeetimeTypId is 14] The XPathContains assertion failed for the following path: [declare namespace ns1='https://dev-api.opentee.com/TeeOff/v1/Reservation/BookReservation';<br/>//ns1:Response[1]/ns1:Data[1]/ns1:e[1]/ns1:TeeTimeTypeId[1]]. Expected value: [2]; Actual value: [8].<br/></pre><hr/><h3><b>REST Request - Cancel Booked Reservation Failed</b></h3><pre>[Success ] The XPathContains assertion failed for the following path: [declare namespace ns1='https://dev-api.opentee.com/TeeOff/v1/Reservation/CancelReservation';<br/>//ns1:Response[1]/ns1:Success[1]]. Expected value: [true]; Actual value: [].<br/>[TeeTimeTypeId is 14] The XPathContains assertion failed for the following path: [declare namespace ns1='https://dev-api.opentee.com/TeeOff/v1/Reservation/CancelReservation';<br/>//ns1:Response[1]/ns1:Data[1]/ns1:TeeTimeTypeId[1]]. Expected value: [2]; Actual value: [].<br/></pre><hr/></code></td><td>13.027</td>
</tr>
<tr valign="top" class="TableRowColor">
<td><a href="API Testing/3_API Testing.ReservationController.html">API Testing.ReservationController</a></td><td><a name="/TeeOff/v1/Reservation/CancelReservation"></a><a href="API Testing/3_API Testing.ReservationController.html#/TeeOff/v1/Reservation/CancelReservation">/TeeOff/v1/Reservation/CancelReservation</a></td><td>Success</td><td></td><td>11.855</td>
</tr>
<tr valign="top" class="Failure">
<td><a href="API Testing/3_API Testing.ReservationController.html">API Testing.ReservationController</a></td><td><a name="/TeeOff/v1/Reservation/CancelReservation - Past Cancellation Window"></a><a href="API Testing/3_API Testing.ReservationController.html#/TeeOff/v1/Reservation/CancelReservation - Past Cancellation Window">/TeeOff/v1/Reservation/CancelReservation - Past Cancellation Window</a></td><td>Failure</td><td>Cancelling due to failed test step<br>
<br>
<code><h3><b>Test Request: Cancel Reservation Failed</b></h3><pre>[Cancellation failed - past cancellation window.] The XPathContains assertion failed for the following path: [declare namespace ns1='https://dev-api.opentee.com/TeeOff/v1/Reservation/CancelReservation';<br/>//ns1:Response[1]/ns1:Success[1]]. Expected value: [false]; Actual value: [true].<br/></pre><hr/></code></td><td>10.452</td>
</tr>
<tr valign="top" class="TableRowColor">
<td><a href="API Testing/3_API Testing.ReservationController.html">API Testing.ReservationController</a></td><td><a name="/TeeOff/v1/Reservation/CancelReservation - Within Cancellation Window"></a><a href="API Testing/3_API Testing.ReservationController.html#/TeeOff/v1/Reservation/CancelReservation - Within Cancellation Window">/TeeOff/v1/Reservation/CancelReservation - Within Cancellation Window</a></td><td>Success</td><td></td><td>10.065</td>
</tr>
<tr valign="top" class="TableRowColor">
<td><a href="API Testing/3_API Testing.ReservationController.html">API Testing.ReservationController</a></td><td><a name="/TeeOff/v1/Reservation/CancelReservation - registered guest account &amp; same registered signed in account"></a><a href="API Testing/3_API Testing.ReservationController.html#/TeeOff/v1/Reservation/CancelReservation - registered guest account &amp; same registered signed in account">/TeeOff/v1/Reservation/CancelReservation - registered guest account &amp; same registered signed in account</a></td><td>Success</td><td></td><td>9.958</td>
</tr>
<tr valign="top" class="Failure">
<td><a href="API Testing/3_API Testing.ReservationController.html">API Testing.ReservationController</a></td><td><a name="/TeeOff/v1/Reservation/CancelReservation - Non-registered guest account"></a><a href="API Testing/3_API Testing.ReservationController.html#/TeeOff/v1/Reservation/CancelReservation - Non-registered guest account">/TeeOff/v1/Reservation/CancelReservation - Non-registered guest account</a></td><td>Failure</td><td>Cancelling due to failed test step<br>
<br>
<code><h3><b>Test Request: Book Reservation Failed</b></h3><pre>[Success] The XPathContains assertion failed for the following path: [declare namespace ns1='https://dev-api.opentee.com/TeeOff/v1/Reservation/BookReservation';<br/>//ns1:Response[1]/ns1:Success[1]]. Expected value: [true]; Actual value: [].<br/>[Message] The XPathContains assertion failed for the following path: [declare namespace ns1='https://dev-api.opentee.com/TeeOff/v1/Reservation/BookReservation';<br/>//ns1:Fault[1]/ns1:Message[1]]. Expected value: []; Actual value: [Credit Card Error: Your payment failed. Please reenter payment information. Need help? Call us: 1-855-383-3633. (R02)].<br/></pre><hr/></code></td><td>11.852</td>
</tr>
<tr valign="top" class="TableRowColor">
<td><a href="API Testing/3_API Testing.ReservationController.html">API Testing.ReservationController</a></td><td><a name="/TeeOff/v1/Reservation/CancelReservation - registered guest account but different registered signed in account"></a><a href="API Testing/3_API Testing.ReservationController.html#/TeeOff/v1/Reservation/CancelReservation - registered guest account but different registered signed in account">/TeeOff/v1/Reservation/CancelReservation - registered guest account but different registered signed in account</a></td><td>Success</td><td></td><td>11.195</td>
</tr>
<tr valign="top" class="TableRowColor">
<td><a href="API Testing/4_API Testing.UserController.html">API Testing.UserController</a></td><td><a name="/TeeOff/v1/User/AuthenticateUser"></a><a href="API Testing/4_API Testing.UserController.html#/TeeOff/v1/User/AuthenticateUser">/TeeOff/v1/User/AuthenticateUser</a></td><td>Success</td><td></td><td>12.402</td>
</tr>
<tr valign="top" class="TableRowColor">
<td><a href="API Testing/4_API Testing.UserController.html">API Testing.UserController</a></td><td><a name="/TeeOff/v1/User/SessionStart"></a><a href="API Testing/4_API Testing.UserController.html#/TeeOff/v1/User/SessionStart">/TeeOff/v1/User/SessionStart</a></td><td>Success</td><td></td><td>0.826</td>
</tr>
<tr valign="top" class="TableRowColor">
<td><a href="API Testing/4_API Testing.UserController.html">API Testing.UserController</a></td><td><a name="/TeeOff/v1/User/GetUser"></a><a href="API Testing/4_API Testing.UserController.html#/TeeOff/v1/User/GetUser">/TeeOff/v1/User/GetUser</a></td><td>Success</td><td></td><td>4.152</td>
</tr>
<tr valign="top" class="Failure">
<td><a href="API Testing/4_API Testing.UserController.html">API Testing.UserController</a></td><td><a name="/TeeOff/v1/User/AddUser"></a><a href="API Testing/4_API Testing.UserController.html#/TeeOff/v1/User/AddUser">/TeeOff/v1/User/AddUser</a></td><td>Failure</td><td>Failing due to failed test step<br>
<br>
<code><h3><b>Test Request: Register User (Invalid Postal Code) Failed</b></h3><pre>[Success failed] The XPathContains assertion failed for the following path: [declare namespace ns1='https://dev-api.opentee.com/TeeOff/v1/User/AddUser';<br/>//ns1:Fault[1]/ns1:Success[1]]. Expected value: [false]; Actual value: [].<br/></pre><hr/></code></td><td>10.382</td>
</tr>
<tr valign="top" class="Failure">
<td><a href="API Testing/4_API Testing.UserController.html">API Testing.UserController</a></td><td><a name="/TeeOff/v1/User/UpdateUser"></a><a href="API Testing/4_API Testing.UserController.html#/TeeOff/v1/User/UpdateUser">/TeeOff/v1/User/UpdateUser</a></td><td>Failure</td><td>Failing due to failed test step<br>
<br>
<code><h3><b>Test Request: Update User (Excluding CountryID in parameter) Failed</b></h3><pre>[CountryID is the same] The XPathContains assertion failed for the following path: [declare namespace ns1='https://dev-api.opentee.com/TeeOff/v1/User/UpdateUser';<br/>//ns1:Response[1]/ns1:Data[1]/ns1:CountryId[1]]. Expected value: [1]; Actual value: [0].<br/>[Gender is correct after update] The XPathContains assertion failed for the following path: [declare namespace ns1='https://dev-api.opentee.com/TeeOff/v1/User/UpdateUser';<br/>//ns1:Response[1]/ns1:Data[1]/ns1:Gender[1]]. Expected value: [M]; Actual value: [].<br/></pre><hr/></code></td><td>5.509</td>
</tr>
<tr valign="top" class="Failure">
<td><a href="API Testing/4_API Testing.UserController.html">API Testing.UserController</a></td><td><a name="/TeeOff/v1/User/UpdateUser  (Invalid Scenarios)"></a><a href="API Testing/4_API Testing.UserController.html#/TeeOff/v1/User/UpdateUser  (Invalid Scenarios)">/TeeOff/v1/User/UpdateUser  (Invalid Scenarios)</a></td><td>Failure</td><td>Cancelling due to failed test step<br>
<br>
<code><h3><b>Test Request: Edit Account Details (Empty Firstname) Failed</b></h3><pre>[Success is false] The XPathContains assertion failed for the following path: [declare namespace ns1='https://dev-api.opentee.com/TeeOff/v1/User/UpdateUser';<br/>//ns1:Fault[1]/ns1:Success[1]]. Expected value: [false]; Actual value: [].<br/></pre><hr/></code></td><td>6.937</td>
</tr>
<tr valign="top" class="TableRowColor">
<td><a href="API Testing/4_API Testing.UserController.html">API Testing.UserController</a></td><td><a name="Revert to Original User Password &amp; Name"></a><a href="API Testing/4_API Testing.UserController.html#Revert to Original User Password &amp; Name">Revert to Original User Password &amp; Name</a></td><td>Success</td><td></td><td>2.724</td>
</tr>
<tr valign="top" class="TableRowColor">
<td><a href="API Testing/4_API Testing.UserController.html">API Testing.UserController</a></td><td><a name="/TeeOff/v1/User/UpdateUser  - using existing username but unique email address"></a><a href="API Testing/4_API Testing.UserController.html#/TeeOff/v1/User/UpdateUser  - using existing username but unique email address">/TeeOff/v1/User/UpdateUser  - using existing username but unique email address</a></td><td>Success</td><td></td><td>3.581</td>
</tr>
<tr valign="top" class="TableRowColor">
<td><a href="API Testing/4_API Testing.UserController.html">API Testing.UserController</a></td><td><a name="/TeeOff/v1/User/UpdateUserPreference"></a><a href="API Testing/4_API Testing.UserController.html#/TeeOff/v1/User/UpdateUserPreference">/TeeOff/v1/User/UpdateUserPreference</a></td><td>Success</td><td></td><td>7.475</td>
</tr>
<tr valign="top" class="TableRowColor">
<td><a href="API Testing/4_API Testing.UserController.html">API Testing.UserController</a></td><td><a name="/TeeOff/v1/User/RegisterGuest"></a><a href="API Testing/4_API Testing.UserController.html#/TeeOff/v1/User/RegisterGuest">/TeeOff/v1/User/RegisterGuest</a></td><td>Success</td><td></td><td>5.603</td>
</tr>
<tr valign="top" class="TableRowColor">
<td><a href="API Testing/4_API Testing.UserController.html">API Testing.UserController</a></td><td><a name="/TeeOff/v1/User/ResetPassword"></a><a href="API Testing/4_API Testing.UserController.html#/TeeOff/v1/User/ResetPassword">/TeeOff/v1/User/ResetPassword</a></td><td>Success</td><td></td><td>5.027</td>
</tr>
<tr valign="top" class="TableRowColor">
<td><a href="API Testing/4_API Testing.UserController.html">API Testing.UserController</a></td><td><a name="/TeeOff/v1/User/GetFutureReservations"></a><a href="API Testing/4_API Testing.UserController.html#/TeeOff/v1/User/GetFutureReservations">/TeeOff/v1/User/GetFutureReservations</a></td><td>Success</td><td></td><td>8.316</td>
</tr>
<tr valign="top" class="TableRowColor">
<td><a href="API Testing/4_API Testing.UserController.html">API Testing.UserController</a></td><td><a name="/TeeOff/v1/User/GetFutureReservations (Non-Registered Guest Account)"></a><a href="API Testing/4_API Testing.UserController.html#/TeeOff/v1/User/GetFutureReservations (Non-Registered Guest Account)">/TeeOff/v1/User/GetFutureReservations (Non-Registered Guest Account)</a></td><td>Success</td><td></td><td>2.609</td>
</tr>
<tr valign="top" class="TableRowColor">
<td><a href="API Testing/4_API Testing.UserController.html">API Testing.UserController</a></td><td><a name="/TeeOff/v1/UserController/GetFutureReservations (if correct tee time details after booking)"></a><a href="API Testing/4_API Testing.UserController.html#/TeeOff/v1/UserController/GetFutureReservations (if correct tee time details after booking)">/TeeOff/v1/UserController/GetFutureReservations (if correct tee time details after booking)</a></td><td>Success</td><td></td><td>14.681</td>
</tr>
<tr valign="top" class="TableRowColor">
<td><a href="API Testing/4_API Testing.UserController.html">API Testing.UserController</a></td><td><a name="/TeeOff/v1/User/GetPastReservations"></a><a href="API Testing/4_API Testing.UserController.html#/TeeOff/v1/User/GetPastReservations">/TeeOff/v1/User/GetPastReservations</a></td><td>Success</td><td></td><td>16.688</td>
</tr>
<tr valign="top" class="TableRowColor">
<td><a href="API Testing/4_API Testing.UserController.html">API Testing.UserController</a></td><td><a name="/TeeOff/v1/User/GetCreditCardInfo"></a><a href="API Testing/4_API Testing.UserController.html#/TeeOff/v1/User/GetCreditCardInfo">/TeeOff/v1/User/GetCreditCardInfo</a></td><td>Success</td><td></td><td>4.024</td>
</tr>
<tr valign="top" class="Failure">
<td><a href="API Testing/4_API Testing.UserController.html">API Testing.UserController</a></td><td><a name="/TeeOff/v1/User/DeleteCreditCard"></a><a href="API Testing/4_API Testing.UserController.html#/TeeOff/v1/User/DeleteCreditCard">/TeeOff/v1/User/DeleteCreditCard</a></td><td>Failure</td><td>Cancelling due to failed test step<br>
<br>
<code><h3><b>Test Request: Delete Credit Card (Previously Deleted Card) Failed</b></h3><pre>[Should not return successful deletion] The XPathContains assertion failed for the following path: [declare namespace ns1='https://dev-api.opentee.com/TeeOff/v1/User/DeleteCreditCard';<br/>//ns1:Response[1]/ns1:Success[1]]. Expected value: [false]; Actual value: [true].<br/></pre><hr/></code></td><td>10.852</td>
</tr>
<tr valign="top" class="Failure">
<td><a href="API Testing/4_API Testing.UserController.html">API Testing.UserController</a></td><td><a name="/TeeOff/v1/User/AddCreditCardInfo"></a><a href="API Testing/4_API Testing.UserController.html#/TeeOff/v1/User/AddCreditCardInfo">/TeeOff/v1/User/AddCreditCardInfo</a></td><td>Failure</td><td>Failing due to failed test step<br>
<br>
<code><h3><b>Test Request: Add Credit Card (Invalid Postal Code Provided) Failed</b></h3><pre>[Success is false] The XPathContains assertion failed for the following path: [declare namespace ns1='https://dev-api.opentee.com/TeeOff/v1/User/AddCreditCardInfo';<br/>//ns1:Response[1]/ns1:Success[1]]. Expected value: [false]; Actual value: [true].<br/></pre><hr/></code></td><td>37.805</td>
</tr>
<tr valign="top" class="TableRowColor">
<td><a href="API Testing/4_API Testing.UserController.html">API Testing.UserController</a></td><td><a name="/TeeOff/v1/User/SetDefaultCreditCard"></a><a href="API Testing/4_API Testing.UserController.html#/TeeOff/v1/User/SetDefaultCreditCard">/TeeOff/v1/User/SetDefaultCreditCard</a></td><td>Success</td><td></td><td>6.169</td>
</tr>
<tr valign="top" class="TableRowColor">
<td><a href="API Testing/4_API Testing.UserController.html">API Testing.UserController</a></td><td><a name="/TeeOff/v1/User/GetFutureReservations - Registered Guest Account but Different Signedin Account"></a><a href="API Testing/4_API Testing.UserController.html#/TeeOff/v1/User/GetFutureReservations - Registered Guest Account but Different Signedin Account">/TeeOff/v1/User/GetFutureReservations - Registered Guest Account but Different Signedin Account</a></td><td>Success</td><td></td><td>6.088</td>
</tr>
<tr valign="top" class="TableRowColor">
<td><a href="API Testing/4_API Testing.UserController.html">API Testing.UserController</a></td><td><a name="/TeeOff/v1/User/GetFutureReservations - Registered Guest Account And same registered signed in account"></a><a href="API Testing/4_API Testing.UserController.html#/TeeOff/v1/User/GetFutureReservations - Registered Guest Account And same registered signed in account">/TeeOff/v1/User/GetFutureReservations - Registered Guest Account And same registered signed in account</a></td><td>Success</td><td></td><td>4.394</td>
</tr>
<tr valign="top" class="Failure">
<td><a href="API Testing/5_API Testing.MovableInk-API - DEV.html">API Testing.MovableInk-API - DEV</a></td><td><a name="/api/External/Search/GetCourseTeeTimesSummariesByZipCode-Request"></a><a href="API Testing/5_API Testing.MovableInk-API - DEV.html#/api/External/Search/GetCourseTeeTimesSummariesByZipCode-Request">/api/External/Search/GetCourseTeeTimesSummariesByZipCode-Request</a></td><td>Failure</td><td>Failing due to failed test step<br>
<br>
<code><h3><b>GET Request - passing 2,000 character ZipCode Failed</b></h3><pre>[Contains] Missing token [ZipCode is not valid.] in Response<br/></pre><hr/><h3><b>GET Request - Passing 1 Month from Today Failed</b></h3><pre>[Success is true] The XPathContains assertion failed for the following path: [declare namespace ns1='https://dist-dev.ezlinks.com/api/External/Search/GetCourseTeeTimesSummariesByZipCode';<br/>//ns1:Response[1]/ns1:success[1]]. Expected value: [true]; Actual value: [].<br/>[TeeTime Summary Results: No Results Found.] The XPathContains assertion failed for the following path: [declare namespace ns1='https://dist-dev.ezlinks.com/api/External/Search/GetCourseTeeTimesSummariesByZipCode';<br/>//ns1:Response[1]/ns1:notifications[1]/ns1:e[1]/ns1:message[1]]. Expected value: [TeeTime Summary Results: No Results Found.]; Actual value: [].<br/></pre><hr/><h3><b>GET Request - Valid ZipCode 85405, Valid PlayDate Failed</b></h3><pre>[should not contain "ZipCode is not valid"] Response contains token [ZipCode is not valid.]<br/></pre><hr/><h3><b>GET Request - Valid ZipCode, Valid PlayDate (compared to OT ExternalAPI) Failed</b></h3><pre>[Success is true] The XPathContains assertion failed for the following path: [declare namespace ns1='https://dist-dev.ezlinks.com/api/External/Search/GetCourseTeeTimesSummariesByZipCode';<br/>//ns1:Response[1]/ns1:success[1]]. Expected value: [true]; Actual value: [].<br/>[Distance is less than 50 miles] The XPathContains assertion failed for the following path: [declare namespace ns1='https://dist-dev.ezlinks.com/api/External/Search/GetCourseTeeTimesSummariesByZipCode';<br/>//ns1:Response[1]/ns1:data[1]/ns1:e/ns1:distance < 50]. Expected value: [true]; Actual value: [false].<br/>[firstTeeTime] The XPathContains assertion failed for the following path: [declare namespace ns1='https://dist-dev.ezlinks.com/api/External/Search/GetCourseTeeTimesSummariesByZipCode';<br/>concat(substring-before(//ns1:Response[1]/ns1:data[1]/ns1:e[1]/ns1:firstTeeTime[1], ' '),':00',<br/>' ',substring-after(//ns1:Response[1]/ns1:data[1]/ns1:e[1]/ns1:firstTeeTime[1], ' '))]. Expected value: []; Actual value: [:00 ].<br/>[lastTeeTime] The XPathContains assertion failed for the following path: [declare namespace ns1='https://dist-dev.ezlinks.com/api/External/Search/GetCourseTeeTimesSummariesByZipCode';<br/>concat(substring-before(//ns1:Response[1]/ns1:data[1]/ns1:e[1]/ns1:lastTeeTime[1], ' '),':00',<br/>' ',substring-after(//ns1:Response[1]/ns1:data[1]/ns1:e[1]/ns1:lastTeeTime[1], ' '))]. Expected value: []; Actual value: [:00 ].<br/>[courseUrl is not empty] Missing token [-tee-times] in Response<br/>[errors are empty] The XPathContains assertion failed for the following path: [declare namespace ns1='https://dist-dev.ezlinks.com/api/External/Search/GetCourseTeeTimesSummariesByZipCode';<br/>//ns1:Response[1]/ns1:errors[1]]. Class name: Exception; Error Message: No items correspond to the query request..<br/>[notification] The XPathContains assertion failed for the following path: [declare namespace ns1='https://dist-dev.ezlinks.com/api/External/Search/GetCourseTeeTimesSummariesByZipCode';<br/>//ns1:Response[1]/ns1:notifications[1]]. Class name: Exception; Error Message: No items correspond to the query request..<br/>[returning correct total value based from number of courses returned] The XPathContains assertion failed for the following path: [declare namespace ns1='https://dist-dev.ezlinks.com/api/External/Search/GetCourseTeeTimesSummariesByZipCode';<br/>count(//ns1:Response[1]/ns1:data[1]/ns1:e)]. Expected value: []; Actual value: [0].<br/>[limit = 10] The XPathContains assertion failed for the following path: [declare namespace ns1='https://dist-dev.ezlinks.com/api/External/Search/GetCourseTeeTimesSummariesByZipCode';<br/>//ns1:Response[1]/ns1:limit[1]]. Expected value: [10]; Actual value: [].<br/>[page = 1] The XPathContains assertion failed for the following path: [declare namespace ns1='https://dist-dev.ezlinks.com/api/External/Search/GetCourseTeeTimesSummariesByZipCode';<br/>//ns1:Response[1]/ns1:page[1]]. Expected value: [1]; Actual value: [].<br/></pre><hr/><h3><b>Groovy Script: Other Assertions Failed</b></h3><pre>java.lang.IllegalArgumentException: Text must not be null<br/>error at line: 4<br/></pre><hr/><h3><b>HTTP Request - checking coursePhoto as valid url Failed</b></h3><pre>SubmitException: com.eviware.soapui.model.iface.Request$SubmitException: com.eviware.soapui.impl.wsdl.submit.RequestTransportRegistry$MissingTransportException: Missing protocol in endpoint [https:]<br/></pre><hr/></code></td><td>22.221</td>
</tr>
<tr valign="top" class="Failure">
<td><a href="API Testing/6_API Testing.SearchController.html">API Testing.SearchController</a></td><td><a name="/TeeOff/v1/Search/SearchAutocomplete"></a><a href="API Testing/6_API Testing.SearchController.html#/TeeOff/v1/Search/SearchAutocomplete">/TeeOff/v1/Search/SearchAutocomplete</a></td><td>Failure</td><td>Failing due to failed test step<br>
<br>
<code><h3><b>Test Request: SearchAutocomplete - Empty Query Failed</b></h3><pre>[Error is handled properly] Response contains token [Object reference not set to an instance of an object.]<br/></pre><hr/><h3><b>Test Request: SearchAutocomplete  -  Course (search Pala Mesa Resort) Failed</b></h3><pre>[Class should be a Course] Comparison failed. Path: [$['Data'][0]['Class']]; Expected value: [Course]; Actual value: [].<br/></pre><hr/><h3><b>Test Request: SearchAutocomplete  - ZipCode (search 85405) Failed</b></h3><pre>[Criteria should be the same with criteria passed in request.] The XPathContains assertion failed for the following path: [declare namespace ns1='https://dev-api.opentee.com/TeeOff/v1/Search/SearchAutocomplete';<br/>//ns1:Response[1]/ns1:Data[1]/ns1:e[1]/ns1:Criteria[1]]. Expected value: [85405]; Actual value: [].<br/>[Class is Zip] The XPathContains assertion failed for the following path: [$['Data'][0]['Class']]. Class name: RuntimeException; Error Message: net.sf.saxon.trans.XPathException: XPath syntax error at char 1 in {$['Data'}:<br/>    expected "<name>", found "[".<br/></pre><hr/></code></td><td>9.594</td>
</tr>
<tr valign="top" class="TableRowColor">
<td><a href="API Testing/6_API Testing.SearchController.html">API Testing.SearchController</a></td><td><a name="/TeeOff/v1/Search/SearchAutocomplete - Searching w/ Special Characters"></a><a href="API Testing/6_API Testing.SearchController.html#/TeeOff/v1/Search/SearchAutocomplete - Searching w/ Special Characters">/TeeOff/v1/Search/SearchAutocomplete - Searching w/ Special Characters</a></td><td>Success</td><td></td><td>7.479</td>
</tr>
<tr valign="top" class="Failure">
<td><a href="API Testing/6_API Testing.SearchController.html">API Testing.SearchController</a></td><td><a name="/TeeOff/v1/Search/SearchCourses"></a><a href="API Testing/6_API Testing.SearchController.html#/TeeOff/v1/Search/SearchCourses">/TeeOff/v1/Search/SearchCourses</a></td><td>Failure</td><td>Failing due to failed test step<br>
<br>
<code><h3><b>Get Request - Course from SearchAutoComplete Failed</b></h3><pre>[SearchResult should not be empty when using the same criteria result from GET /TeeOff/v1/Search/SearchAutocomplete] Comparison failed. Path: [$['Data']['SearchResult' ]]; Expected value: [1]; Actual value: [0].<br/></pre><hr/><h3><b>Get Request - Course (Pala Mesa Resort) Failed</b></h3><pre>[Success] The XPathContains assertion failed for the following path: [declare namespace ns1='https://dev-api.opentee.com/TeeOff/v1/Search/SearchCourses';<br/>//ns1:Fault[1]/ns1:Success[1]]. Expected value: [true]; Actual value: [false].<br/></pre><hr/></code></td><td>12.885</td>
</tr>
<tr valign="top" class="TableRowColor">
<td><a href="API Testing/6_API Testing.SearchController.html">API Testing.SearchController</a></td><td><a name="/TeeOff/v1/Search/SearchCourses - Searching w/ Special Characters"></a><a href="API Testing/6_API Testing.SearchController.html#/TeeOff/v1/Search/SearchCourses - Searching w/ Special Characters">/TeeOff/v1/Search/SearchCourses - Searching w/ Special Characters</a></td><td>Success</td><td></td><td>7.529</td>
</tr>
<tr valign="top" class="Failure">
<td><a href="API Testing/6_API Testing.SearchController.html">API Testing.SearchController</a></td><td><a name="/TeeOff/v1/Search/GetTeeTimesByCourse"></a><a href="API Testing/6_API Testing.SearchController.html#/TeeOff/v1/Search/GetTeeTimesByCourse">/TeeOff/v1/Search/GetTeeTimesByCourse</a></td><td>Failure</td><td>Failing due to failed test step<br>
<br>
<code><h3><b>Test Request: GetTeeTimesByCourse (Invalid PlayDate) Failed</b></h3><pre>[Success is false.] The XPathContains assertion failed for the following path: [declare namespace ns1='https://dev-api.opentee.com/TeeOff/v1/Search/GetTeeTimesByCourse';<br/>//ns1:Fault[1]/ns1:Success[1]]. Expected value: [false]; Actual value: [].<br/>[We're Sorry. The operation could not be completed] The XPathContains assertion failed for the following path: [declare namespace ns1='https://dev-api.opentee.com/TeeOff/v1/Search/GetTeeTimesByCourse';<br/>//ns1:Fault[1]/ns1:Message[1]]. Expected value: [We're Sorry. The operation could not be completed. Please try again. Or, we're here to help: 1-855-383-3633. (G03)]; Actual value: [].<br/></pre><hr/><h3><b>Groovy Script: Assertions for checking correct PlayDate, if within filter Range Failed</b></h3><pre>Assertion failed: <br/><br/>assert value["CourseNote"].toString() == ""<br/>       |    |              |          |<br/>       |    null           null       false<br/>       [AllowPromos:false, Amenities:[HasBeverages:true, HasChippingArea:true, HasDrivingRange:true, HasFood:true, HasGPSAvailable:false, HasGolfCartIncluded:true, HasGolfShop:true, HasLessons:true, HasLockerRoom:true, HasNineHolesOnly:false, HasPracticeBunker:true, HasPuttingGreen:true, HasRentalClubs:true, HasRentalShoes:false], CourseAddress:10440 Indian Wells, Fountain Hills, AZ  85268, CourseId:2537, CourseLocation:Fountain Hills, AZ, CourseName:Desert Canyon, CourseNote:null, CoursePhoto://cdn.teeoff.com/course/2537/2537-01569.jpg, CurrencyLocaleId:1033, Distance:47.89, HasCourseNote:false, Latitude:33.584806, Longitude:-111.71245, PageUrl:desert-canyon-fountain-hills-az-85268-tee-times, SearchTypeId:0, TeeTimes:[[CourseRateIcons:[HasBeverages:false, HasCaddyIncluded:false, HasCartIncluded:true, HasEighteenHoles:true, HasFood:true, HasGPSIncluded:false, HasGift:false, HasJuniorFee:false, HasMemberFee:false, HasNineHolesOnly:false, HasPracticeBalls:true, HasPrePaid:false, HasResidentFee:false, HasSeniorFee:false, HasTaxIncluded:false, HasUnlimitedPlay:false], CourseTeeTime:2017-03-16T06:40:00, FeeId:225258, IsBooked:false, IsDealTime:false, ReservationString:E106EEC8DC03DA68960D45476C80FDC5, ReservationTypeId:25587, TeeTimeInformation:[CancellationPeriod:24, NumberOfHoles:18, PlayersAvailable:4, Utilization:50], TeeTimePurchase:[Price:86, RegularPrice:80, SavingsAmount:0, SavingsPercentage:0, TransactionFee:2.15], TeeTimeRules:[AllowFive:false, AllowFour:true, AllowOne:true, AllowThree:true, AllowTwo:true, MaxPlayers:4, MinPlayers:1], TeeTimeTypeId:1], [CourseRateIcons:[HasBeverages:false, HasCaddyIncluded:false, HasCartIncluded:true, HasEighteenHoles:true, HasFood:true, HasGPSIncluded:false, HasGift:false, HasJuniorFee:false, HasMemberFee:false, HasNineHolesOnly:false, HasPracticeBalls:true, HasPrePaid:false, HasResidentFee:false, HasSeniorFee:false, HasTaxIncluded:false, HasUnlimitedPlay:false], CourseTeeTime:2017-03-16T06:50:00, FeeId:225258, IsBooked:false, IsDealTime:false, ReservationString:A04348457F6BE6FFF9B93875ED010CE9, ReservationTypeId:25587, TeeTimeInformation:[CancellationPeriod:24, NumberOfHoles:18, PlayersAvailable:4, Utilization:50], TeeTimePurchase:[Price:86, RegularPrice:80, SavingsAmount:0, SavingsPercentage:0, TransactionFee:2.15], TeeTimeRules:[AllowFive:false, AllowFour:true, AllowOne:true, AllowThree:true, AllowTwo:true, MaxPlayers:4, MinPlayers:1], TeeTimeTypeId:1], [CourseRateIcons:[HasBeverages:false, HasCaddyIncluded:false, HasCartIncluded:true, HasEighteenHoles:true, HasFood:true, HasGPSIncluded:false, HasGift:false, HasJuniorFee:false, HasMemberFee:false, HasNineHolesOnly:false, HasPracticeBalls:true, HasPrePaid:false, HasResidentFee:false, HasSeniorFee:false, HasTaxIncluded:false, HasUnlimitedPlay:false], CourseTeeTime:2017-03-16T08:30:00, FeeId:225258, IsBooked:false, IsDealTime:false, ReservationString:AA1FB6B97016BE77B61F441E8D6B6C3B, ReservationTypeId:25587, TeeTimeInformation:[CancellationPeriod:24, NumberOfHoles:18, PlayersAvailable:4, Utilization:50], TeeTimePurchase:[Price:86, RegularPrice:80, SavingsAmount:0, SavingsPercentage:0, TransactionFee:2.15], TeeTimeRules:[AllowFive:false, AllowFour:true, AllowOne:true, AllowThree:true, AllowTwo:true, MaxPlayers:4, MinPlayers:1], TeeTimeTypeId:1], [CourseRateIcons:[HasBeverages:false, HasCaddyIncluded:false, HasCartIncluded:true, HasEighteenHoles:true, HasFood:true, HasGPSIncluded:false, HasGift:false, HasJuniorFee:false, HasMemberFee:false, HasNineHolesOnly:false, HasPracticeBalls:true, HasPrePaid:false, HasResidentFee:false, HasSeniorFee:false, HasTaxIncluded:false, HasUnlimitedPlay:false], CourseTeeTime:2017-03-16T08:40:00, FeeId:225258, IsBooked:false, IsDealTime:false, ReservationString:A74AA82C97C37E5FCF08CA9DAAB77BE6, ReservationTypeId:25587, TeeTimeInformation:[CancellationPeriod:24, NumberOfHoles:18, PlayersAvailable:4, Utilization:50], TeeTimePurchase:[Price:86, RegularPrice:80, SavingsAmount:0, SavingsPercentage:0, TransactionFee:2.15], TeeTimeRules:[AllowFive:false, AllowFour:true, AllowOne:true, AllowThree:true, AllowTwo:true, MaxPlayers:4, MinPlayers:1], TeeTimeTypeId:1], [CourseRateIcons:[HasBeverages:false, HasCaddyIncluded:false, HasCartIncluded:true, HasEighteenHoles:true, HasFood:true, HasGPSIncluded:false, HasGift:false, HasJuniorFee:false, HasMemberFee:false, HasNineHolesOnly:false, HasPracticeBalls:true, HasPrePaid:false, HasResidentFee:false, HasSeniorFee:false, HasTaxIncluded:false, HasUnlimitedPlay:false], CourseTeeTime:2017-03-16T10:00:00, FeeId:225258, IsBooked:false, IsDealTime:false, ReservationString:DAF782A2944D3D6C003230180456B2DA, ReservationTypeId:25587, TeeTimeInformation:[CancellationPeriod:24, NumberOfHoles:18, PlayersAvailable:4, Utilization:50], TeeTimePurchase:[Price:86, RegularPrice:80, SavingsAmount:0, SavingsPercentage:0, TransactionFee:2.15], TeeTimeRules:[AllowFive:false, AllowFour:true, AllowOne:true, AllowThree:true, AllowTwo:true, MaxPlayers:4, MinPlayers:1], TeeTimeTypeId:1], [CourseRateIcons:[HasBeverages:false, HasCaddyIncluded:false, HasCartIncluded:true, HasEighteenHoles:true, HasFood:true, HasGPSIncluded:false, HasGift:false, HasJuniorFee:false, HasMemberFee:false, HasNineHolesOnly:false, HasPracticeBalls:true, HasPrePaid:false, HasResidentFee:false, HasSeniorFee:false, HasTaxIncluded:false, HasUnlimitedPlay:false], CourseTeeTime:2017-03-16T10:10:00, FeeId:225258, IsBooked:false, IsDealTime:false, ReservationString:DF80F23A4F040DCE29E0B1118B0B2635, ReservationTypeId:25587, TeeTimeInformation:[CancellationPeriod:24, NumberOfHoles:18, PlayersAvailable:4, Utilization:50], TeeTimePurchase:[Price:86, RegularPrice:80, SavingsAmount:0, SavingsPercentage:0, TransactionFee:2.15], TeeTimeRules:[AllowFive:false, AllowFour:true, AllowOne:true, AllowThree:true, AllowTwo:true, MaxPlayers:4, MinPlayers:1], TeeTimeTypeId:1], [CourseRateIcons:[HasBeverages:false, HasCaddyIncluded:false, HasCartIncluded:true, HasEighteenHoles:true, HasFood:true, HasGPSIncluded:false, HasGift:false, HasJuniorFee:false, HasMemberFee:false, HasNineHolesOnly:false, HasPracticeBalls:true, HasPrePaid:false, HasResidentFee:false, HasSeniorFee:false, HasTaxIncluded:false, HasUnlimitedPlay:false], CourseTeeTime:2017-03-16T12:40:00, FeeId:225258, IsBooked:false, IsDealTime:false, ReservationString:3E4AA554B4E62D825E21E116E2DBBB7C, ReservationTypeId:25587, TeeTimeInformation:[CancellationPeriod:24, NumberOfHoles:18, PlayersAvailable:4, Utilization:50], TeeTimePurchase:[Price:86, RegularPrice:80, SavingsAmount:0, SavingsPercentage:0, TransactionFee:2.15], TeeTimeRules:[AllowFive:false, AllowFour:true, AllowOne:true, AllowThree:true, AllowTwo:true, MaxPlayers:4, MinPlayers:1], TeeTimeTypeId:1], [CourseRateIcons:[HasBeverages:false, HasCaddyIncluded:false, HasCartIncluded:true, HasEighteenHoles:true, HasFood:true, HasGPSIncluded:false, HasGift:false, HasJuniorFee:false, HasMemberFee:false, HasNineHolesOnly:false, HasPracticeBalls:true, HasPrePaid:false, HasResidentFee:false, HasSeniorFee:false, HasTaxIncluded:false, HasUnlimitedPlay:false], CourseTeeTime:2017-03-16T12:50:00, FeeId:225258, IsBooked:false, IsDealTime:false, ReservationString:8F1C7AF26E4A580322D678469045FBC6, ReservationTypeId:25587, TeeTimeInformation:[CancellationPeriod:24, NumberOfHoles:18, PlayersAvailable:4, Utilization:50], TeeTimePurchase:[Price:86, RegularPrice:80, SavingsAmount:0, SavingsPercentage:0, TransactionFee:2.15], TeeTimeRules:[AllowFive:false, AllowFour:true, AllowOne:true, AllowThree:true, AllowTwo:true, MaxPlayers:4, MinPlayers:1], TeeTimeTypeId:1], [CourseRateIcons:[HasBeverages:false, HasCaddyIncluded:false, HasCartIncluded:true, HasEighteenHoles:true, HasFood:true, HasGPSIncluded:false, HasGift:false, HasJuniorFee:false, HasMemberFee:false, HasNineHolesOnly:false, HasPracticeBalls:true, HasPrePaid:false, HasResidentFee:false, HasSeniorFee:false, HasTaxIncluded:false, HasUnlimitedPlay:false], CourseTeeTime:2017-03-16T13:00:00, FeeId:225258, IsBooked:false, IsDealTime:false, ReservationString:F876AC541A56ED83AA027AD476F0194B, ReservationTypeId:25587, TeeTimeInformation:[CancellationPeriod:24, NumberOfHoles:18, PlayersAvailable:4, Utilization:50], TeeTimePurchase:[Price:86, RegularPrice:80, SavingsAmount:0, SavingsPercentage:0, TransactionFee:2.15], TeeTimeRules:[AllowFive:false, AllowFour:true, AllowOne:true, AllowThree:true, AllowTwo:true, MaxPlayers:4, MinPlayers:1], TeeTimeTypeId:1], [CourseRateIcons:[HasBeverages:false, HasCaddyIncluded:false, HasCartIncluded:true, HasEighteenHoles:true, HasFood:true, HasGPSIncluded:false, HasGift:false, HasJuniorFee:false, HasMemberFee:false, HasNineHolesOnly:false, HasPracticeBalls:true, HasPrePaid:false, HasResidentFee:false, HasSeniorFee:false, HasTaxIncluded:false, HasUnlimitedPlay:false], CourseTeeTime:2017-03-16T13:10:00, FeeId:225258, IsBooked:false, IsDealTime:false, ReservationString:D625FAFEFB10B49DF59D04BCB126FDA7, ReservationTypeId:25587, TeeTimeInformation:[CancellationPeriod:24, NumberOfHoles:18, PlayersAvailable:4, Utilization:50], TeeTimePurchase:[Price:86, RegularPrice:80, SavingsAmount:0, SavingsPercentage:0, TransactionFee:2.15], TeeTimeRules:[AllowFive:false, AllowFour:true, AllowOne:true, AllowThree:true, AllowTwo:true, MaxPlayers:4, MinPlayers:1], TeeTimeTypeId:1], [CourseRateIcons:[HasBeverages:false, HasCaddyIncluded:false, HasCartIncluded:false, HasEighteenHoles:true, HasFood:false, HasGPSIncluded:false, HasGift:false, HasJuniorFee:false, HasMemberFee:false, HasNineHolesOnly:false, HasPracticeBalls:true, HasPrePaid:false, HasResidentFee:false, HasSeniorFee:false, HasTaxIncluded:false, HasUnlimitedPlay:false], CourseTeeTime:2017-03-16T14:30:00, FeeId:234122, IsBooked:false, IsDealTime:false, ReservationString:AA02B399E4EBEB8298C6F275C91C200B, ReservationTypeId:25587, TeeTimeInformation:[CancellationPeriod:24, NumberOfHoles:18, PlayersAvailable:4, Utilization:50], TeeTimePurchase:[Price:42, RegularPrice:39, SavingsAmount:0, SavingsPercentage:0, TransactionFee:2.15], TeeTimeRules:[AllowFive:false, AllowFour:true, AllowOne:true, AllowThree:true, AllowTwo:true, MaxPlayers:4, MinPlayers:1], TeeTimeTypeId:1], [CourseRateIcons:[HasBeverages:false, HasCaddyIncluded:false, HasCartIncluded:false, HasEighteenHoles:true, HasFood:false, HasGPSIncluded:false, HasGift:false, HasJuniorFee:false, HasMemberFee:false, HasNineHolesOnly:false, HasPracticeBalls:true, HasPrePaid:false, HasResidentFee:false, HasSeniorFee:false, HasTaxIncluded:false, HasUnlimitedPlay:false], CourseTeeTime:2017-03-16T15:20:00, FeeId:234122, IsBooked:false, IsDealTime:false, ReservationString:6F8093965FFC0A6F0E89EA0F80EDAB29, ReservationTypeId:25587, TeeTimeInformation:[CancellationPeriod:24, NumberOfHoles:18, PlayersAvailable:4, Utilization:50], TeeTimePurchase:[Price:42, RegularPrice:39, SavingsAmount:0, SavingsPercentage:0, TransactionFee:2.15], TeeTimeRules:[AllowFive:false, AllowFour:true, AllowOne:true, AllowThree:true, AllowTwo:true, MaxPlayers:4, MinPlayers:1], TeeTimeTypeId:1], [CourseRateIcons:[HasBeverages:false, HasCaddyIncluded:false, HasCartIncluded:false, HasEighteenHoles:true, HasFood:false, HasGPSIncluded:false, HasGift:false, HasJuniorFee:false, HasMemberFee:false, HasNineHolesOnly:false, HasPracticeBalls:true, HasPrePaid:false, HasResidentFee:false, HasSeniorFee:false, HasTaxIncluded:false, HasUnlimitedPlay:false], CourseTeeTime:2017-03-16T16:00:00, FeeId:234122, IsBooked:false, IsDealTime:false, ReservationString:36FEC6A448CB896D0F57AC5D9A1966B6, ReservationTypeId:25587, TeeTimeInformation:[CancellationPeriod:24, NumberOfHoles:18, PlayersAvailable:4, Utilization:50], TeeTimePurchase:[Price:42, RegularPrice:39, SavingsAmount:0, SavingsPercentage:0, TransactionFee:2.15], TeeTimeRules:[AllowFive:false, AllowFour:true, AllowOne:true, AllowThree:true, AllowTwo:true, MaxPlayers:4, MinPlayers:1], TeeTimeTypeId:1], [CourseRateIcons:[HasBeverages:false, HasCaddyIncluded:false, HasCartIncluded:false, HasEighteenHoles:true, HasFood:false, HasGPSIncluded:false, HasGift:false, HasJuniorFee:false, HasMemberFee:false, HasNineHolesOnly:false, HasPracticeBalls:true, HasPrePaid:false, HasResidentFee:false, HasSeniorFee:false, HasTaxIncluded:false, HasUnlimitedPlay:false], CourseTeeTime:2017-03-16T16:50:00, FeeId:234122, IsBooked:false, IsDealTime:false, ReservationString:BED2B2DD26B21756D1FA657CBE6C87F2, ReservationTypeId:25587, TeeTimeInformation:[CancellationPeriod:24, NumberOfHoles:18, PlayersAvailable:4, Utilization:50], TeeTimePurchase:[Price:42, RegularPrice:39, SavingsAmount:0, SavingsPercentage:0, TransactionFee:2.15], TeeTimeRules:[AllowFive:false, AllowFour:true, AllowOne:true, AllowThree:true, AllowTwo:true, MaxPlayers:4, MinPlayers:1], TeeTimeTypeId:1]]]<br/><br/>error at line: 38<br/></pre><hr/></code></td><td>11.958</td>
</tr>
<tr valign="top" class="TableRowColor">
<td><a href="API Testing/6_API Testing.SearchController.html">API Testing.SearchController</a></td><td><a name="/TeeOff/v1/Search/GetTeeTimesByCourse - Filtered"></a><a href="API Testing/6_API Testing.SearchController.html#/TeeOff/v1/Search/GetTeeTimesByCourse - Filtered">/TeeOff/v1/Search/GetTeeTimesByCourse - Filtered</a></td><td>Success</td><td></td><td>27.672</td>
</tr>
<tr valign="top" class="Failure">
<td><a href="API Testing/6_API Testing.SearchController.html">API Testing.SearchController</a></td><td><a name="/TeeOff/v1/Search/GetTeeTimesDeals"></a><a href="API Testing/6_API Testing.SearchController.html#/TeeOff/v1/Search/GetTeeTimesDeals">/TeeOff/v1/Search/GetTeeTimesDeals</a></td><td>Failure</td><td>Failing due to failed test step<br>
<br>
<code><h3><b>Test Request: GetTeeTimesDeals (Invalid PlayDate) Failed</b></h3><pre>[Success is false.] The XPathContains assertion failed for the following path: [declare namespace ns1='https://dev-api.opentee.com/TeeOff/v1/Search/GetTeeTimesDeals';<br/>//ns1:Fault[1]/ns1:Success[1]]. Expected value: [false]; Actual value: [].<br/>[We're Sorry. The operation could not be completed] The XPathContains assertion failed for the following path: [declare namespace ns1='https://dev-api.opentee.com/TeeOff/v1/Search/GetTeeTimesDeals';<br/>//ns1:Fault[1]/ns1:Message[1]]. Expected value: [We're Sorry. The operation could not be completed. Please try again. Or, we're here to help: 1-855-383-3633. (G03)]; Actual value: [].<br/></pre><hr/><h3><b>Test Request: GetTeeTimesDeals - Filtered Failed</b></h3><pre>[Success] The XPathContains assertion failed for the following path: [declare namespace ns1='https://dev-api.opentee.com/TeeOff/v1/Search/GetTeeTimesDeals';<br/>//ns1:Response[1]/ns1:Success[1]]. Expected value: [true]; Actual value: [].<br/>[JsonPath Match - CancellationPeriod should be 24 hours] Comparison failed. Path: [$['Data']['TeeTimeDealsResult'][0]['TeeTimeInformation']['CancellationPeriod']]; Expected value: [24]; Actual value: [].<br/>[JsonPath Match - Has Driving Range] Comparison failed. Path: [$['Data']['TeeTimeDealsResult'][0]['Amenities']['HasDrivingRange']]; Expected value: [true]; Actual value: [].<br/>[JsonPath Match - Has Putting Green] Comparison failed. Path: [$['Data']['TeeTimeDealsResult'][0]['Amenities']['HasPuttingGreen']]; Expected value: [true]; Actual value: [].<br/>[JsonPath Match - Has Chipping Area] Comparison failed. Path: [$['Data']['TeeTimeDealsResult'][0]['Amenities']['HasChippingArea']]; Expected value: [true]; Actual value: [].<br/>[JsonPath Match - No GPSAvailable] Comparison failed. Path: [$['Data']['TeeTimeDealsResult'][0]['Amenities']['HasGPSAvailable']]; Expected value: [false]; Actual value: [].<br/>[JsonPath Match - Has Rental Clubs] Comparison failed. Path: [$['Data']['TeeTimeDealsResult'][0]['Amenities']['HasRentalClubs']]; Expected value: [true]; Actual value: [].<br/>[JsonPath Match - No LockerRoom] Comparison failed. Path: [$['Data']['TeeTimeDealsResult'][0]['Amenities']['HasLockerRoom']]; Expected value: [false]; Actual value: [].<br/>[JsonPath Match - Has Food] Comparison failed. Path: [$['Data']['TeeTimeDealsResult'][0]['Amenities']['HasFood']]; Expected value: [true]; Actual value: [].<br/>[JsonPath Match - Has Beverages] Comparison failed. Path: [$['Data']['TeeTimeDealsResult'][0]['Amenities']['HasBeverages']]; Expected value: [true]; Actual value: [].<br/>[JsonPath Match - No RentalShoes] Comparison failed. Path: [$['Data']['TeeTimeDealsResult'][0]['Amenities']['HasRentalShoes']]; Expected value: [false]; Actual value: [].<br/>[JsonPath Match - Has Practice Bunker] Comparison failed. Path: [$['Data']['TeeTimeDealsResult'][0]['Amenities']['HasPracticeBunker']]; Expected value: [true]; Actual value: [].<br/>[JsonPath Match - Has Golf Shop] Comparison failed. Path: [$['Data']['TeeTimeDealsResult'][0]['Amenities']['HasGolfShop']]; Expected value: [true]; Actual value: [].<br/>[JsonPath Match - No Nine Holes Only] Comparison failed. Path: [$['Data']['TeeTimeDealsResult'][0]['Amenities']['HasNineHolesOnly']]; Expected value: [false]; Actual value: [].<br/>[JsonPath Match - Has Lessons] Comparison failed. Path: [$['Data']['TeeTimeDealsResult'][0]['Amenities']['HasLessons']]; Expected value: [true]; Actual value: [].<br/>[JsonPath Match - Has Golf Cart Included] Comparison failed. Path: [$['Data']['TeeTimeDealsResult'][0]['Amenities']['HasGolfCartIncluded']]; Expected value: [true]; Actual value: [].<br/></pre><hr/><h3><b>Test Request: GetTeeTimesDeals (Filter: NumberOfHoles = 18) Failed</b></h3><pre>[Success] The XPathContains assertion failed for the following path: [declare namespace ns1='https://dev-api.opentee.com/TeeOff/v1/Search/GetTeeTimesDeals';<br/>//ns1:Response[1]/ns1:Success[1]]. Expected value: [true]; Actual value: [].<br/>[JsonPath Match - Any Teetime Result is a DEAL Time] Comparison failed. Path: [$['Data']['TeeTimeDealsResult'][0]['IsDealTime']]; Expected value: [true]; Actual value: [].<br/></pre><hr/><h3><b>Test Request: GetTeeTimesDeals (Filter: NumberOfHoles = 9) Failed</b></h3><pre>[Success] The XPathContains assertion failed for the following path: [declare namespace ns1='https://dev-api.opentee.com/TeeOff/v1/Search/GetTeeTimesDeals';<br/>//ns1:Response[1]/ns1:Success[1]]. Expected value: [true]; Actual value: [].<br/></pre><hr/><h3><b>Assertions for 9 or 18 holes Failed</b></h3><pre>[18 holes only] Simple Equals  FAILED<br/>[9 holes only] Simple Equals  FAILED<br/></pre><hr/><h3><b>Test Request: GetTeeTimesDeals (Setting Min/Max Distance) Failed</b></h3><pre>[Success] The XPathContains assertion failed for the following path: [declare namespace ns1='https://dev-api.opentee.com/TeeOff/v1/Search/GetTeeTimesDeals';<br/>//ns1:Response[1]/ns1:Success[1]]. Expected value: [true]; Actual value: [].<br/>[JsonPath Match - Any Teetime Result is a DEAL Time] Comparison failed. Path: [$['Data']['TeeTimeDealsResult'][0]['IsDealTime']]; Expected value: [true]; Actual value: [].<br/></pre><hr/><h3><b>Groovy Script: Assertions for checking correct PlayDate, if within filter Range Failed</b></h3><pre>java.lang.IllegalArgumentException: Text must not be null<br/>error at line: 10<br/></pre><hr/><h3><b>Test Request: GetTeeTimesDeals (Set beginTime/endTime) Failed</b></h3><pre>[Success] The XPathContains assertion failed for the following path: [declare namespace ns1='https://dev-api.opentee.com/TeeOff/v1/Search/GetTeeTimesDeals';<br/>//ns1:Response[1]/ns1:Success[1]]. Expected value: [true]; Actual value: [].<br/></pre><hr/></code></td><td>15.803</td>
</tr>
<tr valign="top" class="TableRowColor">
<td><a href="API Testing/6_API Testing.SearchController.html">API Testing.SearchController</a></td><td><a name="/TeeOff/v1/Search/GetTeeTimesSummaries"></a><a href="API Testing/6_API Testing.SearchController.html#/TeeOff/v1/Search/GetTeeTimesSummaries">/TeeOff/v1/Search/GetTeeTimesSummaries</a></td><td>Success</td><td></td><td>14.398</td>
</tr>
<tr valign="top" class="Failure">
<td><a href="API Testing/6_API Testing.SearchController.html">API Testing.SearchController</a></td><td><a name="/TeeOff/v1/Search/GetCourseTeeTimesSummaries"></a><a href="API Testing/6_API Testing.SearchController.html#/TeeOff/v1/Search/GetCourseTeeTimesSummaries">/TeeOff/v1/Search/GetCourseTeeTimesSummaries</a></td><td>Failure</td><td>Failing due to failed test step<br>
<br>
<code><h3><b>Test Request: GetTeeTimesByCourse (Filter: NumberOfHoles = 9) Failed</b></h3><pre>[teetimes count == TotalTeeTimes in GetCourseTeeTimesSummaries(Filtered by 9 Holes)] The XPathContains assertion failed for the following path: [declare namespace ns1='https://dev-api.opentee.com/TeeOff/v1/Search/GetTeeTimesByCourse';<br/>count(//ns1:Response[1]/ns1:Data[1]/ns1:e[1]/ns1:TeeTimes[1]/ns1:e[*])]. Expected value: []; Actual value: [0].<br/></pre><hr/><h3><b>Groovy Script: Assertions for 9 Holes Failed</b></h3><pre>Assertion failed: <br/><br/>assert numberOfHolesArray.toString().contains("9")<br/>       |                  |          |<br/>       []                 []         false<br/><br/>error at line: 32<br/></pre><hr/></code></td><td>17.392</td>
</tr>
<tr valign="top" class="Failure">
<td><a href="API Testing/6_API Testing.SearchController.html">API Testing.SearchController</a></td><td><a name="/TeeOff/v1/Search/GetCourseTeeTimesSummaries (requesting more than one course)"></a><a href="API Testing/6_API Testing.SearchController.html#/TeeOff/v1/Search/GetCourseTeeTimesSummaries (requesting more than one course)">/TeeOff/v1/Search/GetCourseTeeTimesSummaries (requesting more than one course)</a></td><td>Failure</td><td>Failing due to failed test step<br>
<br>
<code><h3><b>Test Request: GetTeeTimesByCourse Failed</b></h3><pre>[CourseID is the same as the requested courseId] The XPathContains assertion failed for the following path: [declare namespace ns1='https://dev-api.opentee.com/TeeOff/v1/Search/GetTeeTimesByCourse';<br/>//ns1:Response[1]/ns1:Data[1]/ns1:e[1]/ns1:CourseId[1]]. Expected value: [5716]; Actual value: [].<br/>[CancellationPeriod is 24] The XPathContains assertion failed for the following path: [declare namespace ns1='https://dev-api.opentee.com/TeeOff/v1/Search/GetTeeTimesByCourse';<br/>//ns1:Response[1]/ns1:Data[1]/ns1:e[1]/ns1:TeeTimes[1]/ns1:e[1]/ns1:TeeTimeInformation[1]/ns1:CancellationPeriod[1]]. Expected value: [24]; Actual value: [].<br/></pre><hr/><h3><b>Test Request: GetCourseTeeTimesSummaries (Check Min-Max Players)compared to other method calls) Failed</b></h3><pre>[CourseID should match the requested courseId] The XPathContains assertion failed for the following path: [declare namespace ns1='https://dev-api.opentee.com/TeeOff/v1/Search/GetCourseTeeTimesSummaries';<br/>//ns1:Response[1]/ns1:Data[1]/ns1:e[1]/ns1:CourseId[1]]. Expected value: [5716]; Actual value: [].<br/>[CourseName is correct.] The XPathContains assertion failed for the following path: [declare namespace ns1='https://dev-api.opentee.com/TeeOff/v1/Search/GetCourseTeeTimesSummaries';<br/>//ns1:Response[1]/ns1:Data[1]/ns1:e[1]/ns1:CourseName[1]]. Expected value: [Chaparral Golf & Country Club]; Actual value: [].<br/>[TotalTeeTimes = totalTeeTimes returned in /GetTeeTimesByCourse] The XPathContains assertion failed for the following path: [declare namespace ns1='https://dev-api.opentee.com/TeeOff/v1/Search/GetCourseTeeTimesSummaries';<br/>//ns1:Response[1]/ns1:Data[1]/ns1:e[1]/ns1:TotalTeeTimes[1]]. Expected value: [0]; Actual value: [].<br/></pre><hr/></code></td><td>2.855</td>
</tr>
<tr valign="top" class="TableRowColor">
<td><a href="API Testing/6_API Testing.SearchController.html">API Testing.SearchController</a></td><td><a name="/TeeOff/v1/Search/GetAllTeeTimesByCourse"></a><a href="API Testing/6_API Testing.SearchController.html#/TeeOff/v1/Search/GetAllTeeTimesByCourse">/TeeOff/v1/Search/GetAllTeeTimesByCourse</a></td><td>Success</td><td></td><td>5.308</td>
</tr>
<tr valign="top" class="Failure">
<td><a href="API Testing/6_API Testing.SearchController.html">API Testing.SearchController</a></td><td><a name="/TeeOff/v1/Search/GetCourseInformation"></a><a href="API Testing/6_API Testing.SearchController.html#/TeeOff/v1/Search/GetCourseInformation">/TeeOff/v1/Search/GetCourseInformation</a></td><td>Failure</td><td>Failing due to failed test step<br>
<br>
<code><h3><b>Test Request: GetCourseInformation(compare with /SearchCourses - Directory Course to check IsDirectoryOnly) Failed</b></h3><pre>[same IsDirectoryOnly with /SearchCourses - Directory Course] The XPathContains assertion failed for the following path: [declare namespace ns1='https://dev-api.opentee.com/TeeOff/v1/Search/GetCourseInformation';<br/>//ns1:Response[1]/ns1:Data[1]/ns1:IsDirectoryOnly[1]]. Expected value: [true]; Actual value: [false].<br/></pre><hr/></code></td><td>14.773</td>
</tr>
<tr valign="top" class="TableRowColor">
<td><a href="API Testing/6_API Testing.SearchController.html">API Testing.SearchController</a></td><td><a name="/TeeOff/v1/Search/GetCourseIdsByLocation"></a><a href="API Testing/6_API Testing.SearchController.html#/TeeOff/v1/Search/GetCourseIdsByLocation">/TeeOff/v1/Search/GetCourseIdsByLocation</a></td><td>Success</td><td></td><td>3.227</td>
</tr>
</table>
</body>
</html>
