<?xml version="1.0" encoding="UTF-8"?>
<testsuites>
  <testsuite name="API Testing.API.EZLinks" tests="33" failures="8" errors="0" time="339.879" package="API Testing" id="1">
    <properties>
[...]
</properties>
    <testcase name="General Test Cases for Invalid Parameters" time="8.034">
      <failure type="Failing due to failed test step" message="Failing due to failed test step"><![CDATA[<h3><b>REST Request - Incorrect Subscriber Failed</b></h3><pre>[INVALID_SUBSCRIBER] The XPathContains assertion failed for the following path: [//Error[1]/ErrorDescription[1]]. Expected value: [INVALID_SUBSCRIBER]; Actual value: [INVALID_SPONSOR_ID].
</pre><hr/>]]></failure>
    </testcase>
    <testcase name="MDIGetAreaList" time="2.875"/>
    <testcase name="MDIGetCityList" time="2.927"/>
    <testcase name="MDIGetCourseInfoList" time="3.246"/>
    <testcase name="MDIGetCourseList" time="2.749"/>
    <testcase name="MDIGetCourseListWithResPolicy" time="3.549"/>
    <testcase name="MDIGetCourseName" time="7.526"/>
    <testcase name="MDIGetCourseResPolicy" time="6.157"/>
    <testcase name="MDIGetInternetProtocol" time="2.754"/>
    <testcase name="MDIGetRegionList" time="2.805"/>
    <testcase name="UserRegister" time="22.087"/>
    <testcase name="UserGetRegistration" time="10.057"/>
    <testcase name="UserChangeUserID" time="11.366"/>
    <testcase name="UserChangePassword" time="11.916"/>
    <testcase name="UserChangeRegistration" time="21.248">
      <failure type="Failing due to failed test step" message="Failing due to failed test step"><![CDATA[<h3><b>REST Request - Empty Param4/FirstName Failed</b></h3><pre>[REQUIRE_FIRSTNAME] The XPathContains assertion failed for the following path: [//Error[1]/ErrorDescription[1]]. Expected value: [REQUIRE_FIRSTNAME]; Actual value: [REQUIRE_LASTNAME].
</pre><hr/>]]></failure>
    </testcase>
    <testcase name="UserGetTeeTimesSummary" time="8.889"/>
    <testcase name="AddMember" time="23.764"/>
    <testcase name="GetMembershipTypes" time="4.068"/>
    <testcase name="GetMemberList" time="4.526">
      <failure type="Failing due to failed test step" message="Failing due to failed test step"><![CDATA[<h3><b>REST Request - Valid Failed</b></h3><pre>[Not Contains ACCESS_DENIED] Response contains token [ACCESS_DENIED]
</pre><hr/><h3><b>REST Request - Empty Param2/MembershipTypeId Failed</b></h3><pre>[INVALID_MEMBERSHIPTYPEID] The XPathContains assertion failed for the following path: [//Error[1]/ErrorDescription[1]]. Expected value: [INVALID_MEMBERSHIPTYPEID]; Actual value: [ACCESS_DENIED].
</pre><hr/>]]></failure>
    </testcase>
    <testcase name="GetCountryList" time="9.014"/>
    <testcase name="SearchForMember" time="11.625"/>
    <testcase name="UpdateMember" time="53.282">
      <failure type="Failing due to failed test step" message="Failing due to failed test step"><![CDATA[<h3><b>REST Request - Field 15/InternetUserID Failed</b></h3><pre>[ Not Contains Object logic failure exception raised.] Response contains token [Object logic failure]
</pre><hr/><h3><b>REST Request - Field 16/InternetPassword Failed</b></h3><pre>[Not Contains Object logic failure exception raised.] Response contains token [Object logic failure]
</pre><hr/>]]></failure>
    </testcase>
    <testcase name="TeeTimeSearch" time="9.216"/>
    <testcase name="TeeTimeValidate" time="9.301"/>
    <testcase name="TeeTimeReserve" time="17.573">
      <failure type="Cancelling due to failed test step" message="Cancelling due to failed test step"><![CDATA[<h3><b>REST Request - Empty Param6/CCNumber Failed</b></h3><pre>[Contains INVALID_CREDIT_CARD_NUMBER] Missing token [INVALID_CREDIT_CARD_NUMBER] in Response
</pre><hr/>]]></failure>
    </testcase>
    <testcase name="GetTeeTimeSlots" time="10.522"/>
    <testcase name="UpdateTeeTimeSlotName" time="14.588"/>
    <testcase name="UpdateTeeTimeSlotAndContactInfo" time="7.687"/>
    <testcase name="AddConfirmationNote" time="7.24"/>
    <testcase name="GetConfirmationNote" time="5.761"/>
    <testcase name="TeeTimeGetCancelPolicy" time="7.27">
      <failure type="Failing due to failed test step" message="Failing due to failed test step"><![CDATA[<h3><b>REST Request - Empty Param1/SponsorID Failed</b></h3><pre>[INVALID_SPONSOR_ID] The XPathContains assertion failed for the following path: [//Error[1]/ErrorDescription[1]]. Expected value: [INVALID_SPONSOR_ID]; Actual value: [INVALID_UPW].
</pre><hr/><h3><b>REST Request - Empty Param2/ConfirmID Failed</b></h3><pre>[INVALID_CONFIRMATIONID] The XPathContains assertion failed for the following path: [//Error[1]/ErrorDescription[1]]. Expected value: [INVALID_CONFIRMATIONID]; Actual value: [INVALID_USERID].
</pre><hr/><h3><b>REST Request - Empty Param3/UserID Failed</b></h3><pre>[INVALID_USERID] The XPathContains assertion failed for the following path: [//Error[1]/ErrorDescription[1]]. Expected value: [INVALID_USERID]; Actual value: [INVALID_PASSWORD].
</pre><hr/><h3><b>REST Request - Valid Failed</b></h3><pre>[Not Contains INVALID_UPW] Response contains token [INVALID_UPW]
</pre><hr/>]]></failure>
    </testcase>
    <testcase name="TeeTimeCancel" time="6.394">
      <failure type="Failing due to failed test step" message="Failing due to failed test step"><![CDATA[<h3><b>REST Request - Empty Param3/UserID Failed</b></h3><pre>java.net.SocketTimeoutException: Read timed out
</pre><hr/>]]></failure>
    </testcase>
    <testcase name="RemoveMember" time="9.863">
      <failure type="Failing due to failed test step" message="Failing due to failed test step"><![CDATA[<h3><b>REST Request - RemoveMember - Valid Failed</b></h3><pre>[Not Contains Object logic failure exception raised.] Response contains token [Object logic failure]
</pre><hr/>]]></failure>
    </testcase>
  </testsuite>
  <testsuite name="API Testing.MovableInk-API - PROD" tests="1" failures="1" errors="0" time="24.953" package="API Testing" id="2">
    <properties>
[...]
</properties>
    <testcase name="/api/External/Search/GetCourseTeeTimesSummaries/{zipCode}/{playDate}" time="24.953">
      <failure type="Failing due to failed test step" message="Failing due to failed test step"><![CDATA[<h3><b>GET Request - passing 2,000 character ZipCode Failed</b></h3><pre>[Time Summary Results: ZipCode is not valid.] Missing token [Time Summary Results: ZipCode is not valid.] in Response
</pre><hr/><h3><b>GET Request - Valid ZipCode 85239, Valid PlayDate Failed</b></h3><pre>[Not Contains ZipCode is not valid.] Response contains token [ZipCode is not valid.]
</pre><hr/><h3><b>GET Request - MovableInkAPI - Checking Course(compared to OT ExternalAPI) Failed</b></h3><pre>[maxDiscountPercentage] The XPathContains assertion failed for the following path: [declare namespace ns1='https://dist.ezlinks.com/api/External/Search/GetCourseTeeTimesSummaries/85263/10-19-2015';
//ns1:Response[1]/ns1:data[1]/ns1:e[1]/ns1:maxDiscountPercentage[1]]. Expected value: [0.0]; Actual value: [36.0].
</pre><hr/><h3><b>Groovy Script: Other Assertions - Checking Course Tee Times Failed</b></h3><pre>Assertion failed: 

assert  value["distance"].toInteger() > 0
        |    |            |           |
        |    0.96         0           false
        [allowPromos:false, courseCity:Las Vegas, courseId:1025, courseName:Las Vegas Golf Club, coursePhoto://cdn.teeoff.com/course/1025/1025-000002.jpg, courseState:NV, courseUrl:las-vegas-golf-club-las-vegas-nv-89107-tee-times, distance:0.96, firstTeeTime:11:00 AM, lastTeeTime:5:45 PM, latitude:36.1810913085937, longitude:-115.198066711426, maxDiscountPercentage:36, maxDiscountedFromRate:65, maxPlayers:4, minPlayers:1, priceFrom:35, priceTo:55, totalDealsAvailableByCourse:0, totalTeeTimesByCourse:27]

error at line: 38
</pre><hr/>]]></failure>
    </testcase>
  </testsuite>
  <testsuite name="API Testing.ReservationController" tests="24" failures="12" errors="0" time="259.038" package="API Testing" id="3">
    <properties>
[...]
</properties>
    <testcase name="/TeeOff/v1/Reservation/ProcessTeeTimeCheckout" time="4.855"/>
    <testcase name="/TeeOff/v1/Reservation/ProcessTeeTimeCheckout - Invalid Scenarios" time="13.853"/>
    <testcase name="/TeeOff/v1/Reservation/ApplyPromoCode" time="12.506"/>
    <testcase name="/TeeOff/v1/Reservation/ModifyReservation" time="6.836"/>
    <testcase name="/TeeOff/v1/Reservation/BookReservation - As Registered User" time="12.387"/>
    <testcase name="/TeeOff/v1/Reservation/BookReservation - As Guest User (Registered)" time="10.723"/>
    <testcase name="/TeeOff/v1/Reservation/BookReservation - As Guest User (Unregistered)" time="32.551">
      <failure type="Cancelling due to failed test step" message="Cancelling due to failed test step"><![CDATA[<h3><b>Test Request: Book Reservation Failed</b></h3><pre>[Success] The XPathContains assertion failed for the following path: [declare namespace ns1='https://dev-api.opentee.com/TeeOff/v1/Reservation/BookReservation';
//ns1:Response[1]/ns1:Success[1]]. Expected value: [true]; Actual value: [].
[Message] The XPathContains assertion failed for the following path: [declare namespace ns1='https://dev-api.opentee.com/TeeOff/v1/Reservation/BookReservation';
//ns1:Fault[1]/ns1:Message[1]]. Expected value: []; Actual value: [Credit Card Error: Your payment failed. Please reenter payment information. Need help? Call us: 1-855-383-3633. (R02)].
</pre><hr/>]]></failure>
    </testcase>
    <testcase name="/TeeOff/v1/Reservation/BookReservation - 1:Directory Time(Regular)" time="8.984"/>
    <testcase name="/TeeOff/v1/Reservation/BookReservation - 2: EZLinks Barter Time" time="3.649">
      <failure type="Cancelling due to failed test step" message="Cancelling due to failed test step"><![CDATA[<h3><b>Test Request: Get tee times by Course Failed</b></h3><pre>[Contains CourseId] Missing token [CourseId] in Response
</pre><hr/>]]></failure>
    </testcase>
    <testcase name="/TeeOff/v1/Reservation/BookReservation - 4: Golfswitch Barter Time" time="3.602">
      <failure type="Cancelling due to failed test step" message="Cancelling due to failed test step"><![CDATA[<h3><b>Test Request: Get tee times by Course Failed</b></h3><pre>[Contains CourseId] Missing token [CourseId] in Response
</pre><hr/>]]></failure>
    </testcase>
    <testcase name="/TeeOff/v1/Reservation/BookReservation - 7:Golfswitch Course Time" time="8.83">
      <failure type="Cancelling due to failed test step" message="Cancelling due to failed test step"><![CDATA[<h3><b>Test Request: Book Reservation - Successful Failed</b></h3><pre>[Success] The XPathContains assertion failed for the following path: [declare namespace ns1='https://dev-api.opentee.com/TeeOff/v1/Reservation/BookReservation';
//ns1:Response[1]/ns1:Success[1]]. Expected value: [true]; Actual value: [].
[Tee time is reserved & paid.] The XPathContains assertion failed for the following path: [declare namespace ns1='https://dev-api.opentee.com/TeeOff/v1/Reservation/BookReservation';
//ns1:Response[1]/ns1:Data[1]/ns1:e[1]/ns1:StatusDescription[1]]. Expected value: [Tee time is reserved and paid.]; Actual value: [].
[ContactId is the same as the OriginatingContactId] The XPathContains assertion failed for the following path: [declare namespace ns1='https://dev-api.opentee.com/TeeOff/v1/Reservation/BookReservation';
//ns1:Response[1]/ns1:Data[1]/ns1:e[1]/ns1:ContactId[1]]. Expected value: [26574452]; Actual value: [].
[Amount paid is correct] The XPathContains assertion failed for the following path: [declare namespace ns1='https://dev-api.opentee.com/TeeOff/v1/Reservation/BookReservation';
//ns1:Response[1]/ns1:Data[1]/ns1:e[1]/ns1:AmountPaid[1]]. Expected value: [0.0]; Actual value: [].
[Due at course is correct.] The XPathContains assertion failed for the following path: [declare namespace ns1='https://dev-api.opentee.com/TeeOff/v1/Reservation/BookReservation';
//ns1:Response[1]/ns1:Data[1]/ns1:e[1]/ns1:AmountDueAtCourse[1]]. Expected value: [199.04]; Actual value: [].
[Tee time is on the correct course.] The XPathContains assertion failed for the following path: [declare namespace ns1='https://dev-api.opentee.com/TeeOff/v1/Reservation/BookReservation';
//ns1:Response[1]/ns1:Data[1]/ns1:e[1]/ns1:CourseId[1]]. Expected value: [100165]; Actual value: [].
[TeetimeTypId is 7] The XPathContains assertion failed for the following path: [declare namespace ns1='https://dev-api.opentee.com/TeeOff/v1/Reservation/BookReservation';
//ns1:Response[1]/ns1:Data[1]/ns1:e[1]/ns1:TeeTimeTypeId[1]]. Expected value: [1]; Actual value: [].
</pre><hr/>]]></failure>
    </testcase>
    <testcase name="/TeeOff/v1/Reservation/BookReservation - 8:Golfswitch Special Time" time="11.384"/>
    <testcase name="/TeeOff/v1/Reservation/BookReservation - 9: DSS Course Time (Regular)" time="3.62">
      <failure type="Cancelling due to failed test step" message="Cancelling due to failed test step"><![CDATA[<h3><b>Test Request: Get tee times by Course Failed</b></h3><pre>[Contains CourseId] Missing token [CourseId] in Response
</pre><hr/>]]></failure>
    </testcase>
    <testcase name="/TeeOff/v1/Reservation/BookReservation - 11: DSS Course Time (NetRate)" time="3.644">
      <failure type="Cancelling due to failed test step" message="Cancelling due to failed test step"><![CDATA[<h3><b>Test Request: Get tee times by Course Failed</b></h3><pre>[Contains CourseId] Missing token [CourseId] in Response
</pre><hr/>]]></failure>
    </testcase>
    <testcase name="/TeeOff/v1/Reservation/BookReservation - 12: DSS Barter (Trade)" time="3.698">
      <failure type="Cancelling due to failed test step" message="Cancelling due to failed test step"><![CDATA[<h3><b>Test Request: Get tee times by Course Failed</b></h3><pre>[Contains CourseId] Missing token [CourseId] in Response
</pre><hr/>]]></failure>
    </testcase>
    <testcase name="/TeeOff/v1/Reservation/BookReservation - 13: DSS Barter (FlexTrade)" time="19.911">
      <failure type="No Available Tee Times" message="No Available Tee Times"><![CDATA[<h3><b>Groovy Script - Check 14 days for available tee times Failed</b></h3><pre></pre><hr/>]]></failure>
    </testcase>
    <testcase name="/TeeOff/v1/Reservation/BookReservation - 14: DSS Barter (ShareRatio)" time="19.601">
      <failure type="Property Transfer: Move Tee Time Details" message="Property Transfer: Move Tee Time Details"><![CDATA[<h3><b>Groovy Script Failed</b></h3><pre></pre><hr/>]]></failure>
    </testcase>
    <testcase name="/TeeOff/v1/Reservation/BookReservation - test" time="13.027">
      <failure type="Failing due to failed test step" message="Failing due to failed test step"><![CDATA[<h3><b>Test Request: Get tee times by Course Failed</b></h3><pre>[Contains] Missing token [CourseId] in Response
</pre><hr/><h3><b>Test Request: Book Reservation - Successful Failed</b></h3><pre>[ContactId is the same as the OriginatingContactId] The XPathContains assertion failed for the following path: [declare namespace ns1='https://dev-api.opentee.com/TeeOff/v1/Reservation/BookReservation';
//ns1:Response[1]/ns1:Data[1]/ns1:e[1]/ns1:ContactId[1]]. Expected value: [26571295]; Actual value: [26574452].
[TeetimeTypId is 14] The XPathContains assertion failed for the following path: [declare namespace ns1='https://dev-api.opentee.com/TeeOff/v1/Reservation/BookReservation';
//ns1:Response[1]/ns1:Data[1]/ns1:e[1]/ns1:TeeTimeTypeId[1]]. Expected value: [2]; Actual value: [8].
</pre><hr/><h3><b>REST Request - Cancel Booked Reservation Failed</b></h3><pre>[Success ] The XPathContains assertion failed for the following path: [declare namespace ns1='https://dev-api.opentee.com/TeeOff/v1/Reservation/CancelReservation';
//ns1:Response[1]/ns1:Success[1]]. Expected value: [true]; Actual value: [].
[TeeTimeTypeId is 14] The XPathContains assertion failed for the following path: [declare namespace ns1='https://dev-api.opentee.com/TeeOff/v1/Reservation/CancelReservation';
//ns1:Response[1]/ns1:Data[1]/ns1:TeeTimeTypeId[1]]. Expected value: [2]; Actual value: [].
</pre><hr/>]]></failure>
    </testcase>
    <testcase name="/TeeOff/v1/Reservation/CancelReservation" time="11.855"/>
    <testcase name="/TeeOff/v1/Reservation/CancelReservation - Past Cancellation Window" time="10.452">
      <failure type="Cancelling due to failed test step" message="Cancelling due to failed test step"><![CDATA[<h3><b>Test Request: Cancel Reservation Failed</b></h3><pre>[Cancellation failed - past cancellation window.] The XPathContains assertion failed for the following path: [declare namespace ns1='https://dev-api.opentee.com/TeeOff/v1/Reservation/CancelReservation';
//ns1:Response[1]/ns1:Success[1]]. Expected value: [false]; Actual value: [true].
</pre><hr/>]]></failure>
    </testcase>
    <testcase name="/TeeOff/v1/Reservation/CancelReservation - Within Cancellation Window" time="10.065"/>
    <testcase name="/TeeOff/v1/Reservation/CancelReservation - registered guest account &amp; same registered signed in account" time="9.958"/>
    <testcase name="/TeeOff/v1/Reservation/CancelReservation - Non-registered guest account" time="11.852">
      <failure type="Cancelling due to failed test step" message="Cancelling due to failed test step"><![CDATA[<h3><b>Test Request: Book Reservation Failed</b></h3><pre>[Success] The XPathContains assertion failed for the following path: [declare namespace ns1='https://dev-api.opentee.com/TeeOff/v1/Reservation/BookReservation';
//ns1:Response[1]/ns1:Success[1]]. Expected value: [true]; Actual value: [].
[Message] The XPathContains assertion failed for the following path: [declare namespace ns1='https://dev-api.opentee.com/TeeOff/v1/Reservation/BookReservation';
//ns1:Fault[1]/ns1:Message[1]]. Expected value: []; Actual value: [Credit Card Error: Your payment failed. Please reenter payment information. Need help? Call us: 1-855-383-3633. (R02)].
</pre><hr/>]]></failure>
    </testcase>
    <testcase name="/TeeOff/v1/Reservation/CancelReservation - registered guest account but different registered signed in account" time="11.195"/>
  </testsuite>
  <testsuite name="API Testing.UserController" tests="21" failures="5" errors="0" time="176.244" package="API Testing" id="4">
    <properties>
[...]
</properties>
    <testcase name="/TeeOff/v1/User/AuthenticateUser" time="12.402"/>
    <testcase name="/TeeOff/v1/User/SessionStart" time="0.826"/>
    <testcase name="/TeeOff/v1/User/GetUser" time="4.152"/>
    <testcase name="/TeeOff/v1/User/AddUser" time="10.382">
      <failure type="Failing due to failed test step" message="Failing due to failed test step"><![CDATA[<h3><b>Test Request: Register User (Invalid Postal Code) Failed</b></h3><pre>[Success failed] The XPathContains assertion failed for the following path: [declare namespace ns1='https://dev-api.opentee.com/TeeOff/v1/User/AddUser';
//ns1:Fault[1]/ns1:Success[1]]. Expected value: [false]; Actual value: [].
</pre><hr/>]]></failure>
    </testcase>
    <testcase name="/TeeOff/v1/User/UpdateUser" time="5.509">
      <failure type="Failing due to failed test step" message="Failing due to failed test step"><![CDATA[<h3><b>Test Request: Update User (Excluding CountryID in parameter) Failed</b></h3><pre>[CountryID is the same] The XPathContains assertion failed for the following path: [declare namespace ns1='https://dev-api.opentee.com/TeeOff/v1/User/UpdateUser';
//ns1:Response[1]/ns1:Data[1]/ns1:CountryId[1]]. Expected value: [1]; Actual value: [0].
[Gender is correct after update] The XPathContains assertion failed for the following path: [declare namespace ns1='https://dev-api.opentee.com/TeeOff/v1/User/UpdateUser';
//ns1:Response[1]/ns1:Data[1]/ns1:Gender[1]]. Expected value: [M]; Actual value: [].
</pre><hr/>]]></failure>
    </testcase>
    <testcase name="/TeeOff/v1/User/UpdateUser  (Invalid Scenarios)" time="6.937">
      <failure type="Cancelling due to failed test step" message="Cancelling due to failed test step"><![CDATA[<h3><b>Test Request: Edit Account Details (Empty Firstname) Failed</b></h3><pre>[Success is false] The XPathContains assertion failed for the following path: [declare namespace ns1='https://dev-api.opentee.com/TeeOff/v1/User/UpdateUser';
//ns1:Fault[1]/ns1:Success[1]]. Expected value: [false]; Actual value: [].
</pre><hr/>]]></failure>
    </testcase>
    <testcase name="Revert to Original User Password &amp; Name" time="2.724"/>
    <testcase name="/TeeOff/v1/User/UpdateUser  - using existing username but unique email address" time="3.581"/>
    <testcase name="/TeeOff/v1/User/UpdateUserPreference" time="7.475"/>
    <testcase name="/TeeOff/v1/User/RegisterGuest" time="5.603"/>
    <testcase name="/TeeOff/v1/User/ResetPassword" time="5.027"/>
    <testcase name="/TeeOff/v1/User/GetFutureReservations" time="8.316"/>
    <testcase name="/TeeOff/v1/User/GetFutureReservations (Non-Registered Guest Account)" time="2.609"/>
    <testcase name="/TeeOff/v1/UserController/GetFutureReservations (if correct tee time details after booking)" time="14.681"/>
    <testcase name="/TeeOff/v1/User/GetPastReservations" time="16.688"/>
    <testcase name="/TeeOff/v1/User/GetCreditCardInfo" time="4.024"/>
    <testcase name="/TeeOff/v1/User/DeleteCreditCard" time="10.852">
      <failure type="Cancelling due to failed test step" message="Cancelling due to failed test step"><![CDATA[<h3><b>Test Request: Delete Credit Card (Previously Deleted Card) Failed</b></h3><pre>[Should not return successful deletion] The XPathContains assertion failed for the following path: [declare namespace ns1='https://dev-api.opentee.com/TeeOff/v1/User/DeleteCreditCard';
//ns1:Response[1]/ns1:Success[1]]. Expected value: [false]; Actual value: [true].
</pre><hr/>]]></failure>
    </testcase>
    <testcase name="/TeeOff/v1/User/AddCreditCardInfo" time="37.805">
      <failure type="Failing due to failed test step" message="Failing due to failed test step"><![CDATA[<h3><b>Test Request: Add Credit Card (Invalid Postal Code Provided) Failed</b></h3><pre>[Success is false] The XPathContains assertion failed for the following path: [declare namespace ns1='https://dev-api.opentee.com/TeeOff/v1/User/AddCreditCardInfo';
//ns1:Response[1]/ns1:Success[1]]. Expected value: [false]; Actual value: [true].
</pre><hr/>]]></failure>
    </testcase>
    <testcase name="/TeeOff/v1/User/SetDefaultCreditCard" time="6.169"/>
    <testcase name="/TeeOff/v1/User/GetFutureReservations - Registered Guest Account but Different Signedin Account" time="6.088"/>
    <testcase name="/TeeOff/v1/User/GetFutureReservations - Registered Guest Account And same registered signed in account" time="4.394"/>
  </testsuite>
  <testsuite name="API Testing.MovableInk-API - DEV" tests="1" failures="1" errors="0" time="22.221" package="API Testing" id="5">
    <properties>
[...]
</properties>
    <testcase name="/api/External/Search/GetCourseTeeTimesSummariesByZipCode-Request" time="22.221">
      <failure type="Failing due to failed test step" message="Failing due to failed test step"><![CDATA[<h3><b>GET Request - passing 2,000 character ZipCode Failed</b></h3><pre>[Contains] Missing token [ZipCode is not valid.] in Response
</pre><hr/><h3><b>GET Request - Passing 1 Month from Today Failed</b></h3><pre>[Success is true] The XPathContains assertion failed for the following path: [declare namespace ns1='https://dist-dev.ezlinks.com/api/External/Search/GetCourseTeeTimesSummariesByZipCode';
//ns1:Response[1]/ns1:success[1]]. Expected value: [true]; Actual value: [].
[TeeTime Summary Results: No Results Found.] The XPathContains assertion failed for the following path: [declare namespace ns1='https://dist-dev.ezlinks.com/api/External/Search/GetCourseTeeTimesSummariesByZipCode';
//ns1:Response[1]/ns1:notifications[1]/ns1:e[1]/ns1:message[1]]. Expected value: [TeeTime Summary Results: No Results Found.]; Actual value: [].
</pre><hr/><h3><b>GET Request - Valid ZipCode 85405, Valid PlayDate Failed</b></h3><pre>[should not contain "ZipCode is not valid"] Response contains token [ZipCode is not valid.]
</pre><hr/><h3><b>GET Request - Valid ZipCode, Valid PlayDate (compared to OT ExternalAPI) Failed</b></h3><pre>[Success is true] The XPathContains assertion failed for the following path: [declare namespace ns1='https://dist-dev.ezlinks.com/api/External/Search/GetCourseTeeTimesSummariesByZipCode';
//ns1:Response[1]/ns1:success[1]]. Expected value: [true]; Actual value: [].
[Distance is less than 50 miles] The XPathContains assertion failed for the following path: [declare namespace ns1='https://dist-dev.ezlinks.com/api/External/Search/GetCourseTeeTimesSummariesByZipCode';
//ns1:Response[1]/ns1:data[1]/ns1:e/ns1:distance < 50]. Expected value: [true]; Actual value: [false].
[firstTeeTime] The XPathContains assertion failed for the following path: [declare namespace ns1='https://dist-dev.ezlinks.com/api/External/Search/GetCourseTeeTimesSummariesByZipCode';
concat(substring-before(//ns1:Response[1]/ns1:data[1]/ns1:e[1]/ns1:firstTeeTime[1], ' '),':00',
' ',substring-after(//ns1:Response[1]/ns1:data[1]/ns1:e[1]/ns1:firstTeeTime[1], ' '))]. Expected value: []; Actual value: [:00 ].
[lastTeeTime] The XPathContains assertion failed for the following path: [declare namespace ns1='https://dist-dev.ezlinks.com/api/External/Search/GetCourseTeeTimesSummariesByZipCode';
concat(substring-before(//ns1:Response[1]/ns1:data[1]/ns1:e[1]/ns1:lastTeeTime[1], ' '),':00',
' ',substring-after(//ns1:Response[1]/ns1:data[1]/ns1:e[1]/ns1:lastTeeTime[1], ' '))]. Expected value: []; Actual value: [:00 ].
[courseUrl is not empty] Missing token [-tee-times] in Response
[errors are empty] The XPathContains assertion failed for the following path: [declare namespace ns1='https://dist-dev.ezlinks.com/api/External/Search/GetCourseTeeTimesSummariesByZipCode';
//ns1:Response[1]/ns1:errors[1]]. Class name: Exception; Error Message: No items correspond to the query request..
[notification] The XPathContains assertion failed for the following path: [declare namespace ns1='https://dist-dev.ezlinks.com/api/External/Search/GetCourseTeeTimesSummariesByZipCode';
//ns1:Response[1]/ns1:notifications[1]]. Class name: Exception; Error Message: No items correspond to the query request..
[returning correct total value based from number of courses returned] The XPathContains assertion failed for the following path: [declare namespace ns1='https://dist-dev.ezlinks.com/api/External/Search/GetCourseTeeTimesSummariesByZipCode';
count(//ns1:Response[1]/ns1:data[1]/ns1:e)]. Expected value: []; Actual value: [0].
[limit = 10] The XPathContains assertion failed for the following path: [declare namespace ns1='https://dist-dev.ezlinks.com/api/External/Search/GetCourseTeeTimesSummariesByZipCode';
//ns1:Response[1]/ns1:limit[1]]. Expected value: [10]; Actual value: [].
[page = 1] The XPathContains assertion failed for the following path: [declare namespace ns1='https://dist-dev.ezlinks.com/api/External/Search/GetCourseTeeTimesSummariesByZipCode';
//ns1:Response[1]/ns1:page[1]]. Expected value: [1]; Actual value: [].
</pre><hr/><h3><b>Groovy Script: Other Assertions Failed</b></h3><pre>java.lang.IllegalArgumentException: Text must not be null
error at line: 4
</pre><hr/><h3><b>HTTP Request - checking coursePhoto as valid url Failed</b></h3><pre>SubmitException: com.eviware.soapui.model.iface.Request$SubmitException: com.eviware.soapui.impl.wsdl.submit.RequestTransportRegistry$MissingTransportException: Missing protocol in endpoint [https:]
</pre><hr/>]]></failure>
    </testcase>
  </testsuite>
  <testsuite name="API Testing.SearchController" tests="13" failures="7" errors="0" time="150.873" package="API Testing" id="6">
    <properties>
[...]
</properties>
    <testcase name="/TeeOff/v1/Search/SearchAutocomplete" time="9.594">
      <failure type="Failing due to failed test step" message="Failing due to failed test step"><![CDATA[<h3><b>Test Request: SearchAutocomplete - Empty Query Failed</b></h3><pre>[Error is handled properly] Response contains token [Object reference not set to an instance of an object.]
</pre><hr/><h3><b>Test Request: SearchAutocomplete  -  Course (search Pala Mesa Resort) Failed</b></h3><pre>[Class should be a Course] Comparison failed. Path: [$['Data'][0]['Class']]; Expected value: [Course]; Actual value: [].
</pre><hr/><h3><b>Test Request: SearchAutocomplete  - ZipCode (search 85405) Failed</b></h3><pre>[Criteria should be the same with criteria passed in request.] The XPathContains assertion failed for the following path: [declare namespace ns1='https://dev-api.opentee.com/TeeOff/v1/Search/SearchAutocomplete';
//ns1:Response[1]/ns1:Data[1]/ns1:e[1]/ns1:Criteria[1]]. Expected value: [85405]; Actual value: [].
[Class is Zip] The XPathContains assertion failed for the following path: [$['Data'][0]['Class']]. Class name: RuntimeException; Error Message: net.sf.saxon.trans.XPathException: XPath syntax error at char 1 in {$['Data'}:
    expected "<name>", found "[".
</pre><hr/>]]></failure>
    </testcase>
    <testcase name="/TeeOff/v1/Search/SearchAutocomplete - Searching w/ Special Characters" time="7.479"/>
    <testcase name="/TeeOff/v1/Search/SearchCourses" time="12.885">
      <failure type="Failing due to failed test step" message="Failing due to failed test step"><![CDATA[<h3><b>Get Request - Course from SearchAutoComplete Failed</b></h3><pre>[SearchResult should not be empty when using the same criteria result from GET /TeeOff/v1/Search/SearchAutocomplete] Comparison failed. Path: [$['Data']['SearchResult' ]]; Expected value: [1]; Actual value: [0].
</pre><hr/><h3><b>Get Request - Course (Pala Mesa Resort) Failed</b></h3><pre>[Success] The XPathContains assertion failed for the following path: [declare namespace ns1='https://dev-api.opentee.com/TeeOff/v1/Search/SearchCourses';
//ns1:Fault[1]/ns1:Success[1]]. Expected value: [true]; Actual value: [false].
</pre><hr/>]]></failure>
    </testcase>
    <testcase name="/TeeOff/v1/Search/SearchCourses - Searching w/ Special Characters" time="7.529"/>
    <testcase name="/TeeOff/v1/Search/GetTeeTimesByCourse" time="11.958">
      <failure type="Failing due to failed test step" message="Failing due to failed test step"><![CDATA[<h3><b>Test Request: GetTeeTimesByCourse (Invalid PlayDate) Failed</b></h3><pre>[Success is false.] The XPathContains assertion failed for the following path: [declare namespace ns1='https://dev-api.opentee.com/TeeOff/v1/Search/GetTeeTimesByCourse';
//ns1:Fault[1]/ns1:Success[1]]. Expected value: [false]; Actual value: [].
[We're Sorry. The operation could not be completed] The XPathContains assertion failed for the following path: [declare namespace ns1='https://dev-api.opentee.com/TeeOff/v1/Search/GetTeeTimesByCourse';
//ns1:Fault[1]/ns1:Message[1]]. Expected value: [We're Sorry. The operation could not be completed. Please try again. Or, we're here to help: 1-855-383-3633. (G03)]; Actual value: [].
</pre><hr/><h3><b>Groovy Script: Assertions for checking correct PlayDate, if within filter Range Failed</b></h3><pre>Assertion failed: 

assert value["CourseNote"].toString() == ""
       |    |              |          |
       |    null           null       false
       [AllowPromos:false, Amenities:[HasBeverages:true, HasChippingArea:true, HasDrivingRange:true, HasFood:true, HasGPSAvailable:false, HasGolfCartIncluded:true, HasGolfShop:true, HasLessons:true, HasLockerRoom:true, HasNineHolesOnly:false, HasPracticeBunker:true, HasPuttingGreen:true, HasRentalClubs:true, HasRentalShoes:false], CourseAddress:10440 Indian Wells, Fountain Hills, AZ  85268, CourseId:2537, CourseLocation:Fountain Hills, AZ, CourseName:Desert Canyon, CourseNote:null, CoursePhoto://cdn.teeoff.com/course/2537/2537-01569.jpg, CurrencyLocaleId:1033, Distance:47.89, HasCourseNote:false, Latitude:33.584806, Longitude:-111.71245, PageUrl:desert-canyon-fountain-hills-az-85268-tee-times, SearchTypeId:0, TeeTimes:[[CourseRateIcons:[HasBeverages:false, HasCaddyIncluded:false, HasCartIncluded:true, HasEighteenHoles:true, HasFood:true, HasGPSIncluded:false, HasGift:false, HasJuniorFee:false, HasMemberFee:false, HasNineHolesOnly:false, HasPracticeBalls:true, HasPrePaid:false, HasResidentFee:false, HasSeniorFee:false, HasTaxIncluded:false, HasUnlimitedPlay:false], CourseTeeTime:2017-03-16T06:40:00, FeeId:225258, IsBooked:false, IsDealTime:false, ReservationString:E106EEC8DC03DA68960D45476C80FDC5, ReservationTypeId:25587, TeeTimeInformation:[CancellationPeriod:24, NumberOfHoles:18, PlayersAvailable:4, Utilization:50], TeeTimePurchase:[Price:86, RegularPrice:80, SavingsAmount:0, SavingsPercentage:0, TransactionFee:2.15], TeeTimeRules:[AllowFive:false, AllowFour:true, AllowOne:true, AllowThree:true, AllowTwo:true, MaxPlayers:4, MinPlayers:1], TeeTimeTypeId:1], [CourseRateIcons:[HasBeverages:false, HasCaddyIncluded:false, HasCartIncluded:true, HasEighteenHoles:true, HasFood:true, HasGPSIncluded:false, HasGift:false, HasJuniorFee:false, HasMemberFee:false, HasNineHolesOnly:false, HasPracticeBalls:true, HasPrePaid:false, HasResidentFee:false, HasSeniorFee:false, HasTaxIncluded:false, HasUnlimitedPlay:false], CourseTeeTime:2017-03-16T06:50:00, FeeId:225258, IsBooked:false, IsDealTime:false, ReservationString:A04348457F6BE6FFF9B93875ED010CE9, ReservationTypeId:25587, TeeTimeInformation:[CancellationPeriod:24, NumberOfHoles:18, PlayersAvailable:4, Utilization:50], TeeTimePurchase:[Price:86, RegularPrice:80, SavingsAmount:0, SavingsPercentage:0, TransactionFee:2.15], TeeTimeRules:[AllowFive:false, AllowFour:true, AllowOne:true, AllowThree:true, AllowTwo:true, MaxPlayers:4, MinPlayers:1], TeeTimeTypeId:1], [CourseRateIcons:[HasBeverages:false, HasCaddyIncluded:false, HasCartIncluded:true, HasEighteenHoles:true, HasFood:true, HasGPSIncluded:false, HasGift:false, HasJuniorFee:false, HasMemberFee:false, HasNineHolesOnly:false, HasPracticeBalls:true, HasPrePaid:false, HasResidentFee:false, HasSeniorFee:false, HasTaxIncluded:false, HasUnlimitedPlay:false], CourseTeeTime:2017-03-16T08:30:00, FeeId:225258, IsBooked:false, IsDealTime:false, ReservationString:AA1FB6B97016BE77B61F441E8D6B6C3B, ReservationTypeId:25587, TeeTimeInformation:[CancellationPeriod:24, NumberOfHoles:18, PlayersAvailable:4, Utilization:50], TeeTimePurchase:[Price:86, RegularPrice:80, SavingsAmount:0, SavingsPercentage:0, TransactionFee:2.15], TeeTimeRules:[AllowFive:false, AllowFour:true, AllowOne:true, AllowThree:true, AllowTwo:true, MaxPlayers:4, MinPlayers:1], TeeTimeTypeId:1], [CourseRateIcons:[HasBeverages:false, HasCaddyIncluded:false, HasCartIncluded:true, HasEighteenHoles:true, HasFood:true, HasGPSIncluded:false, HasGift:false, HasJuniorFee:false, HasMemberFee:false, HasNineHolesOnly:false, HasPracticeBalls:true, HasPrePaid:false, HasResidentFee:false, HasSeniorFee:false, HasTaxIncluded:false, HasUnlimitedPlay:false], CourseTeeTime:2017-03-16T08:40:00, FeeId:225258, IsBooked:false, IsDealTime:false, ReservationString:A74AA82C97C37E5FCF08CA9DAAB77BE6, ReservationTypeId:25587, TeeTimeInformation:[CancellationPeriod:24, NumberOfHoles:18, PlayersAvailable:4, Utilization:50], TeeTimePurchase:[Price:86, RegularPrice:80, SavingsAmount:0, SavingsPercentage:0, TransactionFee:2.15], TeeTimeRules:[AllowFive:false, AllowFour:true, AllowOne:true, AllowThree:true, AllowTwo:true, MaxPlayers:4, MinPlayers:1], TeeTimeTypeId:1], [CourseRateIcons:[HasBeverages:false, HasCaddyIncluded:false, HasCartIncluded:true, HasEighteenHoles:true, HasFood:true, HasGPSIncluded:false, HasGift:false, HasJuniorFee:false, HasMemberFee:false, HasNineHolesOnly:false, HasPracticeBalls:true, HasPrePaid:false, HasResidentFee:false, HasSeniorFee:false, HasTaxIncluded:false, HasUnlimitedPlay:false], CourseTeeTime:2017-03-16T10:00:00, FeeId:225258, IsBooked:false, IsDealTime:false, ReservationString:DAF782A2944D3D6C003230180456B2DA, ReservationTypeId:25587, TeeTimeInformation:[CancellationPeriod:24, NumberOfHoles:18, PlayersAvailable:4, Utilization:50], TeeTimePurchase:[Price:86, RegularPrice:80, SavingsAmount:0, SavingsPercentage:0, TransactionFee:2.15], TeeTimeRules:[AllowFive:false, AllowFour:true, AllowOne:true, AllowThree:true, AllowTwo:true, MaxPlayers:4, MinPlayers:1], TeeTimeTypeId:1], [CourseRateIcons:[HasBeverages:false, HasCaddyIncluded:false, HasCartIncluded:true, HasEighteenHoles:true, HasFood:true, HasGPSIncluded:false, HasGift:false, HasJuniorFee:false, HasMemberFee:false, HasNineHolesOnly:false, HasPracticeBalls:true, HasPrePaid:false, HasResidentFee:false, HasSeniorFee:false, HasTaxIncluded:false, HasUnlimitedPlay:false], CourseTeeTime:2017-03-16T10:10:00, FeeId:225258, IsBooked:false, IsDealTime:false, ReservationString:DF80F23A4F040DCE29E0B1118B0B2635, ReservationTypeId:25587, TeeTimeInformation:[CancellationPeriod:24, NumberOfHoles:18, PlayersAvailable:4, Utilization:50], TeeTimePurchase:[Price:86, RegularPrice:80, SavingsAmount:0, SavingsPercentage:0, TransactionFee:2.15], TeeTimeRules:[AllowFive:false, AllowFour:true, AllowOne:true, AllowThree:true, AllowTwo:true, MaxPlayers:4, MinPlayers:1], TeeTimeTypeId:1], [CourseRateIcons:[HasBeverages:false, HasCaddyIncluded:false, HasCartIncluded:true, HasEighteenHoles:true, HasFood:true, HasGPSIncluded:false, HasGift:false, HasJuniorFee:false, HasMemberFee:false, HasNineHolesOnly:false, HasPracticeBalls:true, HasPrePaid:false, HasResidentFee:false, HasSeniorFee:false, HasTaxIncluded:false, HasUnlimitedPlay:false], CourseTeeTime:2017-03-16T12:40:00, FeeId:225258, IsBooked:false, IsDealTime:false, ReservationString:3E4AA554B4E62D825E21E116E2DBBB7C, ReservationTypeId:25587, TeeTimeInformation:[CancellationPeriod:24, NumberOfHoles:18, PlayersAvailable:4, Utilization:50], TeeTimePurchase:[Price:86, RegularPrice:80, SavingsAmount:0, SavingsPercentage:0, TransactionFee:2.15], TeeTimeRules:[AllowFive:false, AllowFour:true, AllowOne:true, AllowThree:true, AllowTwo:true, MaxPlayers:4, MinPlayers:1], TeeTimeTypeId:1], [CourseRateIcons:[HasBeverages:false, HasCaddyIncluded:false, HasCartIncluded:true, HasEighteenHoles:true, HasFood:true, HasGPSIncluded:false, HasGift:false, HasJuniorFee:false, HasMemberFee:false, HasNineHolesOnly:false, HasPracticeBalls:true, HasPrePaid:false, HasResidentFee:false, HasSeniorFee:false, HasTaxIncluded:false, HasUnlimitedPlay:false], CourseTeeTime:2017-03-16T12:50:00, FeeId:225258, IsBooked:false, IsDealTime:false, ReservationString:8F1C7AF26E4A580322D678469045FBC6, ReservationTypeId:25587, TeeTimeInformation:[CancellationPeriod:24, NumberOfHoles:18, PlayersAvailable:4, Utilization:50], TeeTimePurchase:[Price:86, RegularPrice:80, SavingsAmount:0, SavingsPercentage:0, TransactionFee:2.15], TeeTimeRules:[AllowFive:false, AllowFour:true, AllowOne:true, AllowThree:true, AllowTwo:true, MaxPlayers:4, MinPlayers:1], TeeTimeTypeId:1], [CourseRateIcons:[HasBeverages:false, HasCaddyIncluded:false, HasCartIncluded:true, HasEighteenHoles:true, HasFood:true, HasGPSIncluded:false, HasGift:false, HasJuniorFee:false, HasMemberFee:false, HasNineHolesOnly:false, HasPracticeBalls:true, HasPrePaid:false, HasResidentFee:false, HasSeniorFee:false, HasTaxIncluded:false, HasUnlimitedPlay:false], CourseTeeTime:2017-03-16T13:00:00, FeeId:225258, IsBooked:false, IsDealTime:false, ReservationString:F876AC541A56ED83AA027AD476F0194B, ReservationTypeId:25587, TeeTimeInformation:[CancellationPeriod:24, NumberOfHoles:18, PlayersAvailable:4, Utilization:50], TeeTimePurchase:[Price:86, RegularPrice:80, SavingsAmount:0, SavingsPercentage:0, TransactionFee:2.15], TeeTimeRules:[AllowFive:false, AllowFour:true, AllowOne:true, AllowThree:true, AllowTwo:true, MaxPlayers:4, MinPlayers:1], TeeTimeTypeId:1], [CourseRateIcons:[HasBeverages:false, HasCaddyIncluded:false, HasCartIncluded:true, HasEighteenHoles:true, HasFood:true, HasGPSIncluded:false, HasGift:false, HasJuniorFee:false, HasMemberFee:false, HasNineHolesOnly:false, HasPracticeBalls:true, HasPrePaid:false, HasResidentFee:false, HasSeniorFee:false, HasTaxIncluded:false, HasUnlimitedPlay:false], CourseTeeTime:2017-03-16T13:10:00, FeeId:225258, IsBooked:false, IsDealTime:false, ReservationString:D625FAFEFB10B49DF59D04BCB126FDA7, ReservationTypeId:25587, TeeTimeInformation:[CancellationPeriod:24, NumberOfHoles:18, PlayersAvailable:4, Utilization:50], TeeTimePurchase:[Price:86, RegularPrice:80, SavingsAmount:0, SavingsPercentage:0, TransactionFee:2.15], TeeTimeRules:[AllowFive:false, AllowFour:true, AllowOne:true, AllowThree:true, AllowTwo:true, MaxPlayers:4, MinPlayers:1], TeeTimeTypeId:1], [CourseRateIcons:[HasBeverages:false, HasCaddyIncluded:false, HasCartIncluded:false, HasEighteenHoles:true, HasFood:false, HasGPSIncluded:false, HasGift:false, HasJuniorFee:false, HasMemberFee:false, HasNineHolesOnly:false, HasPracticeBalls:true, HasPrePaid:false, HasResidentFee:false, HasSeniorFee:false, HasTaxIncluded:false, HasUnlimitedPlay:false], CourseTeeTime:2017-03-16T14:30:00, FeeId:234122, IsBooked:false, IsDealTime:false, ReservationString:AA02B399E4EBEB8298C6F275C91C200B, ReservationTypeId:25587, TeeTimeInformation:[CancellationPeriod:24, NumberOfHoles:18, PlayersAvailable:4, Utilization:50], TeeTimePurchase:[Price:42, RegularPrice:39, SavingsAmount:0, SavingsPercentage:0, TransactionFee:2.15], TeeTimeRules:[AllowFive:false, AllowFour:true, AllowOne:true, AllowThree:true, AllowTwo:true, MaxPlayers:4, MinPlayers:1], TeeTimeTypeId:1], [CourseRateIcons:[HasBeverages:false, HasCaddyIncluded:false, HasCartIncluded:false, HasEighteenHoles:true, HasFood:false, HasGPSIncluded:false, HasGift:false, HasJuniorFee:false, HasMemberFee:false, HasNineHolesOnly:false, HasPracticeBalls:true, HasPrePaid:false, HasResidentFee:false, HasSeniorFee:false, HasTaxIncluded:false, HasUnlimitedPlay:false], CourseTeeTime:2017-03-16T15:20:00, FeeId:234122, IsBooked:false, IsDealTime:false, ReservationString:6F8093965FFC0A6F0E89EA0F80EDAB29, ReservationTypeId:25587, TeeTimeInformation:[CancellationPeriod:24, NumberOfHoles:18, PlayersAvailable:4, Utilization:50], TeeTimePurchase:[Price:42, RegularPrice:39, SavingsAmount:0, SavingsPercentage:0, TransactionFee:2.15], TeeTimeRules:[AllowFive:false, AllowFour:true, AllowOne:true, AllowThree:true, AllowTwo:true, MaxPlayers:4, MinPlayers:1], TeeTimeTypeId:1], [CourseRateIcons:[HasBeverages:false, HasCaddyIncluded:false, HasCartIncluded:false, HasEighteenHoles:true, HasFood:false, HasGPSIncluded:false, HasGift:false, HasJuniorFee:false, HasMemberFee:false, HasNineHolesOnly:false, HasPracticeBalls:true, HasPrePaid:false, HasResidentFee:false, HasSeniorFee:false, HasTaxIncluded:false, HasUnlimitedPlay:false], CourseTeeTime:2017-03-16T16:00:00, FeeId:234122, IsBooked:false, IsDealTime:false, ReservationString:36FEC6A448CB896D0F57AC5D9A1966B6, ReservationTypeId:25587, TeeTimeInformation:[CancellationPeriod:24, NumberOfHoles:18, PlayersAvailable:4, Utilization:50], TeeTimePurchase:[Price:42, RegularPrice:39, SavingsAmount:0, SavingsPercentage:0, TransactionFee:2.15], TeeTimeRules:[AllowFive:false, AllowFour:true, AllowOne:true, AllowThree:true, AllowTwo:true, MaxPlayers:4, MinPlayers:1], TeeTimeTypeId:1], [CourseRateIcons:[HasBeverages:false, HasCaddyIncluded:false, HasCartIncluded:false, HasEighteenHoles:true, HasFood:false, HasGPSIncluded:false, HasGift:false, HasJuniorFee:false, HasMemberFee:false, HasNineHolesOnly:false, HasPracticeBalls:true, HasPrePaid:false, HasResidentFee:false, HasSeniorFee:false, HasTaxIncluded:false, HasUnlimitedPlay:false], CourseTeeTime:2017-03-16T16:50:00, FeeId:234122, IsBooked:false, IsDealTime:false, ReservationString:BED2B2DD26B21756D1FA657CBE6C87F2, ReservationTypeId:25587, TeeTimeInformation:[CancellationPeriod:24, NumberOfHoles:18, PlayersAvailable:4, Utilization:50], TeeTimePurchase:[Price:42, RegularPrice:39, SavingsAmount:0, SavingsPercentage:0, TransactionFee:2.15], TeeTimeRules:[AllowFive:false, AllowFour:true, AllowOne:true, AllowThree:true, AllowTwo:true, MaxPlayers:4, MinPlayers:1], TeeTimeTypeId:1]]]

error at line: 38
</pre><hr/>]]></failure>
    </testcase>
    <testcase name="/TeeOff/v1/Search/GetTeeTimesByCourse - Filtered" time="27.672"/>
    <testcase name="/TeeOff/v1/Search/GetTeeTimesDeals" time="15.803">
      <failure type="Failing due to failed test step" message="Failing due to failed test step"><![CDATA[<h3><b>Test Request: GetTeeTimesDeals (Invalid PlayDate) Failed</b></h3><pre>[Success is false.] The XPathContains assertion failed for the following path: [declare namespace ns1='https://dev-api.opentee.com/TeeOff/v1/Search/GetTeeTimesDeals';
//ns1:Fault[1]/ns1:Success[1]]. Expected value: [false]; Actual value: [].
[We're Sorry. The operation could not be completed] The XPathContains assertion failed for the following path: [declare namespace ns1='https://dev-api.opentee.com/TeeOff/v1/Search/GetTeeTimesDeals';
//ns1:Fault[1]/ns1:Message[1]]. Expected value: [We're Sorry. The operation could not be completed. Please try again. Or, we're here to help: 1-855-383-3633. (G03)]; Actual value: [].
</pre><hr/><h3><b>Test Request: GetTeeTimesDeals - Filtered Failed</b></h3><pre>[Success] The XPathContains assertion failed for the following path: [declare namespace ns1='https://dev-api.opentee.com/TeeOff/v1/Search/GetTeeTimesDeals';
//ns1:Response[1]/ns1:Success[1]]. Expected value: [true]; Actual value: [].
[JsonPath Match - CancellationPeriod should be 24 hours] Comparison failed. Path: [$['Data']['TeeTimeDealsResult'][0]['TeeTimeInformation']['CancellationPeriod']]; Expected value: [24]; Actual value: [].
[JsonPath Match - Has Driving Range] Comparison failed. Path: [$['Data']['TeeTimeDealsResult'][0]['Amenities']['HasDrivingRange']]; Expected value: [true]; Actual value: [].
[JsonPath Match - Has Putting Green] Comparison failed. Path: [$['Data']['TeeTimeDealsResult'][0]['Amenities']['HasPuttingGreen']]; Expected value: [true]; Actual value: [].
[JsonPath Match - Has Chipping Area] Comparison failed. Path: [$['Data']['TeeTimeDealsResult'][0]['Amenities']['HasChippingArea']]; Expected value: [true]; Actual value: [].
[JsonPath Match - No GPSAvailable] Comparison failed. Path: [$['Data']['TeeTimeDealsResult'][0]['Amenities']['HasGPSAvailable']]; Expected value: [false]; Actual value: [].
[JsonPath Match - Has Rental Clubs] Comparison failed. Path: [$['Data']['TeeTimeDealsResult'][0]['Amenities']['HasRentalClubs']]; Expected value: [true]; Actual value: [].
[JsonPath Match - No LockerRoom] Comparison failed. Path: [$['Data']['TeeTimeDealsResult'][0]['Amenities']['HasLockerRoom']]; Expected value: [false]; Actual value: [].
[JsonPath Match - Has Food] Comparison failed. Path: [$['Data']['TeeTimeDealsResult'][0]['Amenities']['HasFood']]; Expected value: [true]; Actual value: [].
[JsonPath Match - Has Beverages] Comparison failed. Path: [$['Data']['TeeTimeDealsResult'][0]['Amenities']['HasBeverages']]; Expected value: [true]; Actual value: [].
[JsonPath Match - No RentalShoes] Comparison failed. Path: [$['Data']['TeeTimeDealsResult'][0]['Amenities']['HasRentalShoes']]; Expected value: [false]; Actual value: [].
[JsonPath Match - Has Practice Bunker] Comparison failed. Path: [$['Data']['TeeTimeDealsResult'][0]['Amenities']['HasPracticeBunker']]; Expected value: [true]; Actual value: [].
[JsonPath Match - Has Golf Shop] Comparison failed. Path: [$['Data']['TeeTimeDealsResult'][0]['Amenities']['HasGolfShop']]; Expected value: [true]; Actual value: [].
[JsonPath Match - No Nine Holes Only] Comparison failed. Path: [$['Data']['TeeTimeDealsResult'][0]['Amenities']['HasNineHolesOnly']]; Expected value: [false]; Actual value: [].
[JsonPath Match - Has Lessons] Comparison failed. Path: [$['Data']['TeeTimeDealsResult'][0]['Amenities']['HasLessons']]; Expected value: [true]; Actual value: [].
[JsonPath Match - Has Golf Cart Included] Comparison failed. Path: [$['Data']['TeeTimeDealsResult'][0]['Amenities']['HasGolfCartIncluded']]; Expected value: [true]; Actual value: [].
</pre><hr/><h3><b>Test Request: GetTeeTimesDeals (Filter: NumberOfHoles = 18) Failed</b></h3><pre>[Success] The XPathContains assertion failed for the following path: [declare namespace ns1='https://dev-api.opentee.com/TeeOff/v1/Search/GetTeeTimesDeals';
//ns1:Response[1]/ns1:Success[1]]. Expected value: [true]; Actual value: [].
[JsonPath Match - Any Teetime Result is a DEAL Time] Comparison failed. Path: [$['Data']['TeeTimeDealsResult'][0]['IsDealTime']]; Expected value: [true]; Actual value: [].
</pre><hr/><h3><b>Test Request: GetTeeTimesDeals (Filter: NumberOfHoles = 9) Failed</b></h3><pre>[Success] The XPathContains assertion failed for the following path: [declare namespace ns1='https://dev-api.opentee.com/TeeOff/v1/Search/GetTeeTimesDeals';
//ns1:Response[1]/ns1:Success[1]]. Expected value: [true]; Actual value: [].
</pre><hr/><h3><b>Assertions for 9 or 18 holes Failed</b></h3><pre>[18 holes only] Simple Equals  FAILED
[9 holes only] Simple Equals  FAILED
</pre><hr/><h3><b>Test Request: GetTeeTimesDeals (Setting Min/Max Distance) Failed</b></h3><pre>[Success] The XPathContains assertion failed for the following path: [declare namespace ns1='https://dev-api.opentee.com/TeeOff/v1/Search/GetTeeTimesDeals';
//ns1:Response[1]/ns1:Success[1]]. Expected value: [true]; Actual value: [].
[JsonPath Match - Any Teetime Result is a DEAL Time] Comparison failed. Path: [$['Data']['TeeTimeDealsResult'][0]['IsDealTime']]; Expected value: [true]; Actual value: [].
</pre><hr/><h3><b>Groovy Script: Assertions for checking correct PlayDate, if within filter Range Failed</b></h3><pre>java.lang.IllegalArgumentException: Text must not be null
error at line: 10
</pre><hr/><h3><b>Test Request: GetTeeTimesDeals (Set beginTime/endTime) Failed</b></h3><pre>[Success] The XPathContains assertion failed for the following path: [declare namespace ns1='https://dev-api.opentee.com/TeeOff/v1/Search/GetTeeTimesDeals';
//ns1:Response[1]/ns1:Success[1]]. Expected value: [true]; Actual value: [].
</pre><hr/>]]></failure>
    </testcase>
    <testcase name="/TeeOff/v1/Search/GetTeeTimesSummaries" time="14.398"/>
    <testcase name="/TeeOff/v1/Search/GetCourseTeeTimesSummaries" time="17.392">
      <failure type="Failing due to failed test step" message="Failing due to failed test step"><![CDATA[<h3><b>Test Request: GetTeeTimesByCourse (Filter: NumberOfHoles = 9) Failed</b></h3><pre>[teetimes count == TotalTeeTimes in GetCourseTeeTimesSummaries(Filtered by 9 Holes)] The XPathContains assertion failed for the following path: [declare namespace ns1='https://dev-api.opentee.com/TeeOff/v1/Search/GetTeeTimesByCourse';
count(//ns1:Response[1]/ns1:Data[1]/ns1:e[1]/ns1:TeeTimes[1]/ns1:e[*])]. Expected value: []; Actual value: [0].
</pre><hr/><h3><b>Groovy Script: Assertions for 9 Holes Failed</b></h3><pre>Assertion failed: 

assert numberOfHolesArray.toString().contains("9")
       |                  |          |
       []                 []         false

error at line: 32
</pre><hr/>]]></failure>
    </testcase>
    <testcase name="/TeeOff/v1/Search/GetCourseTeeTimesSummaries (requesting more than one course)" time="2.855">
      <failure type="Failing due to failed test step" message="Failing due to failed test step"><![CDATA[<h3><b>Test Request: GetTeeTimesByCourse Failed</b></h3><pre>[CourseID is the same as the requested courseId] The XPathContains assertion failed for the following path: [declare namespace ns1='https://dev-api.opentee.com/TeeOff/v1/Search/GetTeeTimesByCourse';
//ns1:Response[1]/ns1:Data[1]/ns1:e[1]/ns1:CourseId[1]]. Expected value: [5716]; Actual value: [].
[CancellationPeriod is 24] The XPathContains assertion failed for the following path: [declare namespace ns1='https://dev-api.opentee.com/TeeOff/v1/Search/GetTeeTimesByCourse';
//ns1:Response[1]/ns1:Data[1]/ns1:e[1]/ns1:TeeTimes[1]/ns1:e[1]/ns1:TeeTimeInformation[1]/ns1:CancellationPeriod[1]]. Expected value: [24]; Actual value: [].
</pre><hr/><h3><b>Test Request: GetCourseTeeTimesSummaries (Check Min-Max Players)compared to other method calls) Failed</b></h3><pre>[CourseID should match the requested courseId] The XPathContains assertion failed for the following path: [declare namespace ns1='https://dev-api.opentee.com/TeeOff/v1/Search/GetCourseTeeTimesSummaries';
//ns1:Response[1]/ns1:Data[1]/ns1:e[1]/ns1:CourseId[1]]. Expected value: [5716]; Actual value: [].
[CourseName is correct.] The XPathContains assertion failed for the following path: [declare namespace ns1='https://dev-api.opentee.com/TeeOff/v1/Search/GetCourseTeeTimesSummaries';
//ns1:Response[1]/ns1:Data[1]/ns1:e[1]/ns1:CourseName[1]]. Expected value: [Chaparral Golf & Country Club]; Actual value: [].
[TotalTeeTimes = totalTeeTimes returned in /GetTeeTimesByCourse] The XPathContains assertion failed for the following path: [declare namespace ns1='https://dev-api.opentee.com/TeeOff/v1/Search/GetCourseTeeTimesSummaries';
//ns1:Response[1]/ns1:Data[1]/ns1:e[1]/ns1:TotalTeeTimes[1]]. Expected value: [0]; Actual value: [].
</pre><hr/>]]></failure>
    </testcase>
    <testcase name="/TeeOff/v1/Search/GetAllTeeTimesByCourse" time="5.308"/>
    <testcase name="/TeeOff/v1/Search/GetCourseInformation" time="14.773">
      <failure type="Failing due to failed test step" message="Failing due to failed test step"><![CDATA[<h3><b>Test Request: GetCourseInformation(compare with /SearchCourses - Directory Course to check IsDirectoryOnly) Failed</b></h3><pre>[same IsDirectoryOnly with /SearchCourses - Directory Course] The XPathContains assertion failed for the following path: [declare namespace ns1='https://dev-api.opentee.com/TeeOff/v1/Search/GetCourseInformation';
//ns1:Response[1]/ns1:Data[1]/ns1:IsDirectoryOnly[1]]. Expected value: [true]; Actual value: [false].
</pre><hr/>]]></failure>
    </testcase>
    <testcase name="/TeeOff/v1/Search/GetCourseIdsByLocation" time="3.227"/>
  </testsuite>
</testsuites>