Status: FAILED
Time Taken: 49
Size: 0
Timestamp: Thu Mar 09 20:48:44 SGT 2017
TestStep: Groovy Script: Assertions for 9 Holes
Error:groovy.json.JsonException: A JSON payload should start with an openning curly brace '{' or an openning square bracket '['.
Instead, 'null' was found on line: 1, column: 1

----------------- Messages ------------------------------
groovy.json.JsonException: A JSON payload should start with an openning curly brace '{' or an openning square bracket '['.
Instead, 'null' was found on line: 1, column: 1
error at line: 4
