Status: FAILED
Time Taken: 1433
Size: 41
Timestamp: Thu Mar 09 20:46:52 SGT 2017
TestStep: Test Request: SearchAutocomplete  - ZipCode (search 85405)

----------------- Messages ------------------------------
[Criteria should be the same with criteria passed in request.] XPathContains assertion failed for path [declare namespace ns1='https://dev-api.opentee.com/TeeOff/v1/Search/SearchAutocomplete';
//ns1:Response[1]/ns1:Data[1]/ns1:e[1]/ns1:Criteria[1]] : Exception:Missing content for xpath [declare namespace ns1='https://dev-api.opentee.com/TeeOff/v1/Search/SearchAutocomplete';
//ns1:Response[1]/ns1:Data[1]/ns1:e[1]/ns1:Criteria[1]] in Response
[Class is Zip] XPathContains assertion failed for path [$['Data'][0]['Class']] : RuntimeException:net.sf.saxon.trans.XPathException: XPath syntax error at char 1 in {$['Data'}:
    expected "<name>", found "["

----------------- Properties ------------------------------
StatusCode: 200
Method: GET
Password: test
Username: test
HTTP Version: HTTP/1.1
Endpoint: https://dev-api.opentee.com
URL: https://dev-api.opentee.com/TeeOff/v1/Search/SearchAutocomplete?criteria=85405

---------------- Request ---------------------------
Authorization: [Basic dGVzdDp0ZXN0]
Host: [dev-api.opentee.com]
Accept-Encoding: [gzip,deflate]
User-Agent: [Apache-HttpClient/4.1.1 (java 1.5)]
Connection: [Keep-Alive]

GET https://dev-api.opentee.com/TeeOff/v1/Search/SearchAutocomplete?criteria=85405 HTTP/1.1
Accept-Encoding: gzip,deflate
Host: dev-api.opentee.com
Connection: Keep-Alive
User-Agent: Apache-HttpClient/4.1.1 (java 1.5)
Authorization: Basic dGVzdDp0ZXN0


---------------- Response --------------------------
Access-Control-Allow-Headers: [Authorization, Content-Type]
Date: [Thu, 09 Mar 2017 12:46:56 GMT]
Vary: [Accept-Encoding]
#status#: [HTTP/1.1 200 OK]
Content-Length: [159]
Content-Encoding: [gzip]
Access-Control-Allow-Methods: [GET]
Content-Type: [application/json; charset=utf-8]
X-Powered-By: [ASP.NET]
Server: [Microsoft-IIS/8.5]

{"Success":true,"Message":null,"Data":[]}
