<?xml version="1.0" encoding="UTF-8"?>
<testsuite name="API Testing.ReservationController" tests="21" failures="14" errors="0" time="186.896"><properties>
[...]
</properties><testcase name="/TeeOff/v1/Reservation/ProcessTeeTimeCheckout" time="6.518"/><testcase name="/TeeOff/v1/Reservation/ProcessTeeTimeCheckout - Invalid Scenarios" time="2.561"><failure type="Cancelling due to failed test step" message="Cancelling due to failed test step"><![CDATA[<h3><b>Test Request: Signin Failed</b></h3><pre>[ContactID] XPathContains assertion failed for path [declare namespace ns1='https://dev-api.opentee.com/TeeOff/v1/User/AuthenticateUser';
//ns1:Response[1]/ns1:Data[1]/ns1:ContactId[1]] : Exception:Missing content for xpath [declare namespace ns1='https://dev-api.opentee.com/TeeOff/v1/User/AuthenticateUser';
//ns1:Response[1]/ns1:Data[1]/ns1:ContactId[1]] in Response
</pre><hr/>]]></failure></testcase><testcase name="/TeeOff/v1/Reservation/ApplyPromoCode" time="15.938"/><testcase name="/TeeOff/v1/Reservation/ModifyReservation" time="8.64"/><testcase name="/TeeOff/v1/Reservation/BookReservation - As Registered User" time="9.496"><failure type="Cancelling due to failed test step" message="Cancelling due to failed test step"><![CDATA[<h3><b>Test Request: Book Reservation - Successful Failed</b></h3><pre>[Success] XPathContains assertion failed for path [declare namespace ns1='https://dev-api.opentee.com/TeeOff/v1/Reservation/BookReservation';
//ns1:Response[1]/ns1:Success[1]] : Exception:Missing content for xpath [declare namespace ns1='https://dev-api.opentee.com/TeeOff/v1/Reservation/BookReservation';
//ns1:Response[1]/ns1:Success[1]] in Response
[Tee time is reserved & paid.] XPathContains assertion failed for path [declare namespace ns1='https://dev-api.opentee.com/TeeOff/v1/Reservation/BookReservation';
//ns1:Response[1]/ns1:Data[1]/ns1:e[1]/ns1:StatusDescription[1]] : Exception:Missing content for xpath [declare namespace ns1='https://dev-api.opentee.com/TeeOff/v1/Reservation/BookReservation';
//ns1:Response[1]/ns1:Data[1]/ns1:e[1]/ns1:StatusDescription[1]] in Response
[ContactId is the same as the OriginatingContactId] XPathContains assertion failed for path [declare namespace ns1='https://dev-api.opentee.com/TeeOff/v1/Reservation/BookReservation';
//ns1:Response[1]/ns1:Data[1]/ns1:e[1]/ns1:ContactId[1]] : Exception:Missing content for xpath [declare namespace ns1='https://dev-api.opentee.com/TeeOff/v1/Reservation/BookReservation';
//ns1:Response[1]/ns1:Data[1]/ns1:e[1]/ns1:ContactId[1]] in Response
[Booked tee time amount paid is correct.] XPathContains assertion failed for path [declare namespace ns1='https://dev-api.opentee.com/TeeOff/v1/Reservation/BookReservation';
//ns1:Response[1]/ns1:Data[1]/ns1:e[1]/ns1:AmountPaid[1]] : Exception:Missing content for xpath [declare namespace ns1='https://dev-api.opentee.com/TeeOff/v1/Reservation/BookReservation';
//ns1:Response[1]/ns1:Data[1]/ns1:e[1]/ns1:AmountPaid[1]] in Response
[Booked tee time Due at course is correct] XPathContains assertion failed for path [declare namespace ns1='https://dev-api.opentee.com/TeeOff/v1/Reservation/BookReservation';
//ns1:Response[1]/ns1:Data[1]/ns1:e[1]/ns1:AmountDueAtCourse[1]] : Exception:Missing content for xpath [declare namespace ns1='https://dev-api.opentee.com/TeeOff/v1/Reservation/BookReservation';
//ns1:Response[1]/ns1:Data[1]/ns1:e[1]/ns1:AmountDueAtCourse[1]] in Response
[Booked tee time is on the correct course] XPathContains assertion failed for path [declare namespace ns1='https://dev-api.opentee.com/TeeOff/v1/Reservation/BookReservation';
//ns1:Response[1]/ns1:Data[1]/ns1:e[1]/ns1:CourseId[1]] : Exception:Missing content for xpath [declare namespace ns1='https://dev-api.opentee.com/TeeOff/v1/Reservation/BookReservation';
//ns1:Response[1]/ns1:Data[1]/ns1:e[1]/ns1:CourseId[1]] in Response
</pre><hr/>]]></failure></testcase><testcase name="/TeeOff/v1/Reservation/BookReservation - As Guest User (Registered)" time="11.08"/><testcase name="/TeeOff/v1/Reservation/BookReservation - As Guest User (Unregistered)" time="13.926"><failure type="Cancelling due to failed test step" message="Cancelling due to failed test step"><![CDATA[<h3><b>Test Request: Book Reservation Failed</b></h3><pre>[Success] XPathContains assertion failed for path [declare namespace ns1='https://dev-api.opentee.com/TeeOff/v1/Reservation/BookReservation';
//ns1:Response[1]/ns1:Success[1]] : Exception:Missing content for xpath [declare namespace ns1='https://dev-api.opentee.com/TeeOff/v1/Reservation/BookReservation';
//ns1:Response[1]/ns1:Success[1]] in Response
[Message] XPathContains comparison failed for path [declare namespace ns1='https://dev-api.opentee.com/TeeOff/v1/Reservation/BookReservation';
//ns1:Fault[1]/ns1:Message[1]], expecting [], actual was [Credit Card Error: Your payment failed. Please reenter payment information. Need help? Call us: 1-855-383-3633. (R02)]
</pre><hr/>]]></failure></testcase><testcase name="/TeeOff/v1/Reservation/BookReservation - 1:Directory Time(Regular)" time="11.35"/><testcase name="/TeeOff/v1/Reservation/BookReservation - 2: EZLinks Barter Time" time="5.286"><failure type="Cancelling due to failed test step" message="Cancelling due to failed test step"><![CDATA[<h3><b>Test Request: Get tee times by Course Failed</b></h3><pre>[Contains CourseId] Missing token [CourseId] in Response
</pre><hr/>]]></failure></testcase><testcase name="/TeeOff/v1/Reservation/BookReservation - 9: DSS Course Time (Regular)" time="5.241"><failure type="Cancelling due to failed test step" message="Cancelling due to failed test step"><![CDATA[<h3><b>Test Request: Get tee times by Course Failed</b></h3><pre>[Contains CourseId] Missing token [CourseId] in Response
</pre><hr/>]]></failure></testcase><testcase name="/TeeOff/v1/Reservation/BookReservation - 11: DSS Course Time (NetRate)" time="5.45"><failure type="Cancelling due to failed test step" message="Cancelling due to failed test step"><![CDATA[<h3><b>Test Request: Get tee times by Course Failed</b></h3><pre>[Contains CourseId] Missing token [CourseId] in Response
</pre><hr/>]]></failure></testcase><testcase name="/TeeOff/v1/Reservation/BookReservation - 12: DSS Barter (Trade)" time="5.275"><failure type="Cancelling due to failed test step" message="Cancelling due to failed test step"><![CDATA[<h3><b>Test Request: Get tee times by Course Failed</b></h3><pre>[Contains CourseId] Missing token [CourseId] in Response
</pre><hr/>]]></failure></testcase><testcase name="/TeeOff/v1/Reservation/BookReservation - 13: DSS Barter (FlexTrade)" time="5.182"><failure type="Cancelling due to failed test step" message="Cancelling due to failed test step"><![CDATA[<h3><b>Test Request: Get tee times by Course Failed</b></h3><pre>[Contains CourseId] Missing token [CourseId] in Response
</pre><hr/>]]></failure></testcase><testcase name="/TeeOff/v1/Reservation/BookReservation - 14: DSS Barter (ShareRatio)" time="5.319"><failure type="Cancelling due to failed test step" message="Cancelling due to failed test step"><![CDATA[<h3><b>Test Request: Get tee times by Course Failed</b></h3><pre>[Contains CourseId] Missing token [CourseId] in Response
</pre><hr/>]]></failure></testcase><testcase name="/TeeOff/v1/Reservation/BookReservation - test" time="13.512"><failure type="Failing due to failed test step" message="Failing due to failed test step"><![CDATA[<h3><b>Test Request: ProcessTeeTimeCheckout Failed</b></h3><pre>[TeeTime successfully added to cart] XPathContains comparison failed for path [declare namespace ns1='https://dev-api.opentee.com/TeeOff/v1/Reservation/ProcessTeeTimeCheckout';
//ns1:Response[1]/ns1:Data[1]/ns1:e[1]/ns1:AddResultMessage[1]], expecting [The tee time was successfully added to the cart.], actual was [Tee time type has been changed.]
</pre><hr/><h3><b>Test Request: Book Reservation - Successful Failed</b></h3><pre>[Success] XPathContains assertion failed for path [declare namespace ns1='https://dev-api.opentee.com/TeeOff/v1/Reservation/BookReservation';
//ns1:Response[1]/ns1:Success[1]] : Exception:Missing content for xpath [declare namespace ns1='https://dev-api.opentee.com/TeeOff/v1/Reservation/BookReservation';
//ns1:Response[1]/ns1:Success[1]] in Response
[Tee time is reserved & paid.] XPathContains assertion failed for path [declare namespace ns1='https://dev-api.opentee.com/TeeOff/v1/Reservation/BookReservation';
//ns1:Response[1]/ns1:Data[1]/ns1:e[1]/ns1:StatusDescription[1]] : Exception:Missing content for xpath [declare namespace ns1='https://dev-api.opentee.com/TeeOff/v1/Reservation/BookReservation';
//ns1:Response[1]/ns1:Data[1]/ns1:e[1]/ns1:StatusDescription[1]] in Response
[ContactId is the same as the OriginatingContactId] XPathContains assertion failed for path [declare namespace ns1='https://dev-api.opentee.com/TeeOff/v1/Reservation/BookReservation';
//ns1:Response[1]/ns1:Data[1]/ns1:e[1]/ns1:ContactId[1]] : Exception:Missing content for xpath [declare namespace ns1='https://dev-api.opentee.com/TeeOff/v1/Reservation/BookReservation';
//ns1:Response[1]/ns1:Data[1]/ns1:e[1]/ns1:ContactId[1]] in Response
[Amount paid is correct] XPathContains assertion failed for path [declare namespace ns1='https://dev-api.opentee.com/TeeOff/v1/Reservation/BookReservation';
//ns1:Response[1]/ns1:Data[1]/ns1:e[1]/ns1:AmountPaid[1]] : Exception:Missing content for xpath [declare namespace ns1='https://dev-api.opentee.com/TeeOff/v1/Reservation/BookReservation';
//ns1:Response[1]/ns1:Data[1]/ns1:e[1]/ns1:AmountPaid[1]] in Response
[Due at course is correct.] XPathContains assertion failed for path [declare namespace ns1='https://dev-api.opentee.com/TeeOff/v1/Reservation/BookReservation';
//ns1:Response[1]/ns1:Data[1]/ns1:e[1]/ns1:AmountDueAtCourse[1]] : Exception:Missing content for xpath [declare namespace ns1='https://dev-api.opentee.com/TeeOff/v1/Reservation/BookReservation';
//ns1:Response[1]/ns1:Data[1]/ns1:e[1]/ns1:AmountDueAtCourse[1]] in Response
[Tee time is on the correct course.] XPathContains assertion failed for path [declare namespace ns1='https://dev-api.opentee.com/TeeOff/v1/Reservation/BookReservation';
//ns1:Response[1]/ns1:Data[1]/ns1:e[1]/ns1:CourseId[1]] : Exception:Missing content for xpath [declare namespace ns1='https://dev-api.opentee.com/TeeOff/v1/Reservation/BookReservation';
//ns1:Response[1]/ns1:Data[1]/ns1:e[1]/ns1:CourseId[1]] in Response
[TeetimeTypId is 14] XPathContains assertion failed for path [declare namespace ns1='https://dev-api.opentee.com/TeeOff/v1/Reservation/BookReservation';
//ns1:Response[1]/ns1:Data[1]/ns1:e[1]/ns1:TeeTimeTypeId[1]] : Exception:Missing content for xpath [declare namespace ns1='https://dev-api.opentee.com/TeeOff/v1/Reservation/BookReservation';
//ns1:Response[1]/ns1:Data[1]/ns1:e[1]/ns1:TeeTimeTypeId[1]] in Response
</pre><hr/><h3><b>REST Request - Cancel Booked Reservation Failed</b></h3><pre>[Success ] XPathContains assertion failed for path [declare namespace ns1='https://dev-api.opentee.com/TeeOff/v1/Reservation/CancelReservation';
//ns1:Response[1]/ns1:Success[1]] : Exception:Missing content for xpath [declare namespace ns1='https://dev-api.opentee.com/TeeOff/v1/Reservation/CancelReservation';
//ns1:Response[1]/ns1:Success[1]] in Response
[TeeTimeTypeId is 14] XPathContains assertion failed for path [declare namespace ns1='https://dev-api.opentee.com/TeeOff/v1/Reservation/CancelReservation';
//ns1:Response[1]/ns1:Data[1]/ns1:TeeTimeTypeId[1]] : Exception:Missing content for xpath [declare namespace ns1='https://dev-api.opentee.com/TeeOff/v1/Reservation/CancelReservation';
//ns1:Response[1]/ns1:Data[1]/ns1:TeeTimeTypeId[1]] in Response
</pre><hr/>]]></failure></testcase><testcase name="/TeeOff/v1/Reservation/CancelReservation" time="14.809"/><testcase name="/TeeOff/v1/Reservation/CancelReservation - Past Cancellation Window" time="13.663"><failure type="Cancelling due to failed test step" message="Cancelling due to failed test step"><![CDATA[<h3><b>Test Request: Cancel Reservation Failed</b></h3><pre>[Cancellation failed - past cancellation window.] XPathContains comparison failed for path [declare namespace ns1='https://dev-api.opentee.com/TeeOff/v1/Reservation/CancelReservation';
//ns1:Response[1]/ns1:Success[1]], expecting [false], actual was [true]
</pre><hr/>]]></failure></testcase><testcase name="/TeeOff/v1/Reservation/CancelReservation - Within Cancellation Window" time="13.057"/><testcase name="/TeeOff/v1/Reservation/CancelReservation - registered guest account &amp; same registered signed in account" time="2.685"><failure type="Cancelling due to failed test step" message="Cancelling due to failed test step"><![CDATA[<h3><b>Property Transfer: Transfer ContactId Failed</b></h3><pre>Performed transfer [OriginatingContactId]
Error performing transfer [TransferContactIDToBookReservation] - Missing source property
</pre><hr/>]]></failure></testcase><testcase name="/TeeOff/v1/Reservation/CancelReservation - Non-registered guest account" time="13.74"><failure type="Cancelling due to failed test step" message="Cancelling due to failed test step"><![CDATA[<h3><b>Test Request: Book Reservation Failed</b></h3><pre>[Success] XPathContains assertion failed for path [declare namespace ns1='https://dev-api.opentee.com/TeeOff/v1/Reservation/BookReservation';
//ns1:Response[1]/ns1:Success[1]] : Exception:Missing content for xpath [declare namespace ns1='https://dev-api.opentee.com/TeeOff/v1/Reservation/BookReservation';
//ns1:Response[1]/ns1:Success[1]] in Response
[Message] XPathContains comparison failed for path [declare namespace ns1='https://dev-api.opentee.com/TeeOff/v1/Reservation/BookReservation';
//ns1:Fault[1]/ns1:Message[1]], expecting [], actual was [Credit Card Error: Your payment failed. Please reenter payment information. Need help? Call us: 1-855-383-3633. (R02)]
</pre><hr/>]]></failure></testcase><testcase name="/TeeOff/v1/Reservation/CancelReservation - registered guest account but different registered signed in account" time="4.168"><failure type="Cancelling due to failed test step" message="Cancelling due to failed test step"><![CDATA[<h3><b>Property Transfer: Transfer ContactId Failed</b></h3><pre>Performed transfer [OriginatingContactId]
Error performing transfer [TransferContactIDToBookReservation] - Missing source property
</pre><hr/>]]></failure></testcase></testsuite>