<?xml version="1.0" encoding="UTF-8"?>
<testsuite name="API Testing.API.EZLinks" tests="33" failures="15" errors="0" time="361.202"><properties><property name="soapui.properties" value="soapui.properties"/><property name="java.runtime.name" value="Java(TM) SE Runtime Environment"/><property name="sun.boot.library.path" value="C:\Program Files\SmartBear\SoapUI-5.2.1\jre\bin"/><property name="java.vm.version" value="24.55-b03"/><property name="soapui.ext.actions" value="C:\Program Files\SmartBear\SoapUI-5.2.1\bin\actions"/><property name="soapui.ext.libraries" value="C:\Program Files\SmartBear\SoapUI-5.2.1\bin\ext"/><property name="java.vm.vendor" value="Oracle Corporation"/><property name="java.vendor.url" value="http://java.oracle.com/"/><property name="path.separator" value=";"/><property name="java.vm.name" value="Java HotSpot(TM) 64-Bit Server VM"/><property name="file.encoding.pkg" value="sun.io"/><property name="user.country" value="US"/><property name="user.script" value=""/><property name="sun.java.launcher" value="SUN_STANDARD"/><property name="sun.os.patch.level" value=""/><property name="java.vm.specification.name" value="Java Virtual Machine Specification"/><property name="user.dir" value="C:\Program Files\SmartBear\SoapUI-5.2.1\bin"/><property name="java.runtime.version" value="1.7.0_55-b13"/><property name="java.awt.graphicsenv" value="sun.awt.Win32GraphicsEnvironment"/><property name="java.endorsed.dirs" value="C:\Program Files\SmartBear\SoapUI-5.2.1\jre\lib\endorsed"/><property name="os.arch" value="amd64"/><property name="java.io.tmpdir" value="C:\Users\PASSIO~1\AppData\Local\Temp\"/><property name="line.separator" value="
"/><property name="java.vm.specification.vendor" value="Oracle Corporation"/><property name="user.variant" value=""/><property name="os.name" value="Windows 8.1"/><property name="sun.jnu.encoding" value="Cp1252"/><property name="java.library.path" value="C:\Program Files\SmartBear\SoapUI-5.2.1\jre\bin;C:\Windows\Sun\Java\bin;C:\Windows\system32;C:\Windows;C:\ProgramData\Oracle\Java\javapath;C:\Program Files (x86)\NVIDIA Corporation\PhysX\Common;C:\Program Files (x86)\AMD APP\bin\x86_64;C:\Program Files (x86)\AMD APP\bin\x86;C:\Windows\system32;C:\Windows;C:\Windows\System32\Wbem;C:\Windows\System32\WindowsPowerShell\v1.0\;C:\Program Files\Intel\WiFi\bin\;C:\Program Files\Common Files\Intel\WirelessCommon\;C:\Program Files (x86)\Skype\Phone\;C:\Program Files\Microsoft SQL Server\120\DTS\Binn\;C:\Program Files\Microsoft SQL Server\Client SDK\ODBC\110\Tools\Binn\;C:\Program Files (x86)\Microsoft SQL Server\120\Tools\Binn\;C:\Program Files\Microsoft SQL Server\120\Tools\Binn\;C:\Program Files (x86)\Microsoft SQL Server\120\Tools\Binn\ManagementStudio\;C:\Program Files (x86)\Microsoft SQL Server\120\DTS\Binn\;C:\Program Files\TortoiseSVN\bin;C:\Program Files\Microsoft\Web Platform Installer\;C:\Program Files (x86)\GtkSharp\2.12\bin;C:\Program Files\nodejs\;C:\Program Files\Intel\WiFi\bin\;C:\Program Files\Common Files\Intel\WirelessCommon\;C:\Users\PassionITe-Daisy\AppData\Roaming\npm;c:\program files\smartbear\soapui-5.2.1\jre\bin;."/><property name="soapui.home" value="C:\Program Files\SmartBear\SoapUI-5.2.1\bin\"/><property name="sun.awt.enableExtraMouseButtons" value="true"/><property name="java.specification.name" value="Java Platform API Specification"/><property name="java.class.version" value="51.0"/><property name="sun.management.compiler" value="HotSpot 64-Bit Tiered Compilers"/><property name="os.version" value="6.3"/><property name="user.home" value="C:\Users\PassionITe-Daisy"/><property name="user.timezone" value="Asia/Singapore"/><property name="java.awt.printerjob" value="sun.awt.windows.WPrinterJob"/><property name="file.encoding" value="Cp1252"/><property name="java.specification.version" value="1.7"/><property name="java.class.path" value="C:\Program Files\SmartBear\SoapUI-5.2.1\bin\soapui-5.3.0.jar;C:\Program Files\SmartBear\SoapUI-5.2.1\bin\..\lib\activation-1.1.jar;C:\Program Files\SmartBear\SoapUI-5.2.1\bin\..\lib\analytics-core-5.3.0.jar;C:\Program Files\SmartBear\SoapUI-5.2.1\bin\..\lib\animal-sniffer-annotations-1.11.jar;C:\Program Files\SmartBear\SoapUI-5.2.1\bin\..\lib\bcprov-jdk15-144.jar;C:\Program Files\SmartBear\SoapUI-5.2.1\bin\..\lib\binding-2.0.1.jar;C:\Program Files\SmartBear\SoapUI-5.2.1\bin\..\lib\cajo-1.142.jar;C:\Program Files\SmartBear\SoapUI-5.2.1\bin\..\lib\commons-beanutils-1.7.0.jar;C:\Program Files\SmartBear\SoapUI-5.2.1\bin\..\lib\commons-cli-1.2.jar;C:\Program Files\SmartBear\SoapUI-5.2.1\bin\..\lib\commons-codec-1.3.jar;C:\Program Files\SmartBear\SoapUI-5.2.1\bin\..\lib\commons-collections-3.2.1.jar;C:\Program Files\SmartBear\SoapUI-5.2.1\bin\..\lib\commons-httpclient-3.1.jar;C:\Program Files\SmartBear\SoapUI-5.2.1\bin\..\lib\commons-io-2.4.jar;C:\Program Files\SmartBear\SoapUI-5.2.1\bin\..\lib\commons-lang-2.4.jar;C:\Program Files\SmartBear\SoapUI-5.2.1\bin\..\lib\commons-logging-1.1.1.jar;C:\Program Files\SmartBear\SoapUI-5.2.1\bin\..\lib\cssparser-0.9.5.jar;C:\Program Files\SmartBear\SoapUI-5.2.1\bin\..\lib\dom4j-1.6.1.jar;C:\Program Files\SmartBear\SoapUI-5.2.1\bin\..\lib\ezmorph-1.0.5.jar;C:\Program Files\SmartBear\SoapUI-5.2.1\bin\..\lib\flex-messaging-common-1.0.jar;C:\Program Files\SmartBear\SoapUI-5.2.1\bin\..\lib\flex-messaging-core-1.0.jar;C:\Program Files\SmartBear\SoapUI-5.2.1\bin\..\lib\flex-messaging-opt-1.0.jar;C:\Program Files\SmartBear\SoapUI-5.2.1\bin\..\lib\flex-messaging-proxy-1.0.jar;C:\Program Files\SmartBear\SoapUI-5.2.1\bin\..\lib\flex-messaging-remoting-1.0.jar;C:\Program Files\SmartBear\SoapUI-5.2.1\bin\..\lib\forms-1.0.7.jar;C:\Program Files\SmartBear\SoapUI-5.2.1\bin\..\lib\google-http-client-1.21.0.jar;C:\Program Files\SmartBear\SoapUI-5.2.1\bin\..\lib\google-oauth-client-1.21.0.jar;C:\Program Files\SmartBear\SoapUI-5.2.1\bin\..\lib\groovy-all-2.1.7.jar;C:\Program Files\SmartBear\SoapUI-5.2.1\bin\..\lib\guava-14.0.jar;C:\Program Files\SmartBear\SoapUI-5.2.1\bin\..\lib\hamcrest-core-1.3.jar;C:\Program Files\SmartBear\SoapUI-5.2.1\bin\..\lib\hermes-1.14.jar;C:\Program Files\SmartBear\SoapUI-5.2.1\bin\..\lib\htmlunit-2.7.jar;C:\Program Files\SmartBear\SoapUI-5.2.1\bin\..\lib\htmlunit-core-js-2.7.jar;C:\Program Files\SmartBear\SoapUI-5.2.1\bin\..\lib\httpclient-4.1.1.jar;C:\Program Files\SmartBear\SoapUI-5.2.1\bin\..\lib\httpclient-cache-4.1.1.jar;C:\Program Files\SmartBear\SoapUI-5.2.1\bin\..\lib\httpcore-4.1.1.jar;C:\Program Files\SmartBear\SoapUI-5.2.1\bin\..\lib\httpcore-nio-4.1.1.jar;C:\Program Files\SmartBear\SoapUI-5.2.1\bin\..\lib\httpmime-4.1.1.jar;C:\Program Files\SmartBear\SoapUI-5.2.1\bin\..\lib\i4jruntime-5.1.14.jar;C:\Program Files\SmartBear\SoapUI-5.2.1\bin\..\lib\javassist-3.16.1-GA.jar;C:\Program Files\SmartBear\SoapUI-5.2.1\bin\..\lib\jaxen-1.1-beta-8.jar;C:\Program Files\SmartBear\SoapUI-5.2.1\bin\..\lib\jcifs-1.2.9.jar;C:\Program Files\SmartBear\SoapUI-5.2.1\bin\..\lib\jdom-1.0.jar;C:\Program Files\SmartBear\SoapUI-5.2.1\bin\..\lib\jettison-1.2.jar;C:\Program Files\SmartBear\SoapUI-5.2.1\bin\..\lib\jetty-6.1.26.jar;C:\Program Files\SmartBear\SoapUI-5.2.1\bin\..\lib\jetty-util-6.1.26.jar;C:\Program Files\SmartBear\SoapUI-5.2.1\bin\..\lib\jms-1.1.jar;C:\Program Files\SmartBear\SoapUI-5.2.1\bin\..\lib\joda-time-1.6.2.jar;C:\Program Files\SmartBear\SoapUI-5.2.1\bin\..\lib\js-1.7R2.jar;C:\Program Files\SmartBear\SoapUI-5.2.1\bin\..\lib\json-lib-2.2.2-jdk15.jar;C:\Program Files\SmartBear\SoapUI-5.2.1\bin\..\lib\json-path-0.9.1.jar;C:\Program Files\SmartBear\SoapUI-5.2.1\bin\..\lib\json-smart-1.2.jar;C:\Program Files\SmartBear\SoapUI-5.2.1\bin\..\lib\jsr173_api-1.0.jar;C:\Program Files\SmartBear\SoapUI-5.2.1\bin\..\lib\jsr305-1.3.9.jar;C:\Program Files\SmartBear\SoapUI-5.2.1\bin\..\lib\jtidy-r872-jdk15.jar;C:\Program Files\SmartBear\SoapUI-5.2.1\bin\..\lib\junit-4.11.jar;C:\Program Files\SmartBear\SoapUI-5.2.1\bin\..\lib\l2fprod-common-directorychooser-7.3.jar;C:\Program Files\SmartBear\SoapUI-5.2.1\bin\..\lib\l2fprod-common-fontchooser-7.3.jar;C:\Program Files\SmartBear\SoapUI-5.2.1\bin\..\lib\log4j-1.2.14.jar;C:\Program Files\SmartBear\SoapUI-5.2.1\bin\..\lib\looks-2.2.0.jar;C:\Program Files\SmartBear\SoapUI-5.2.1\bin\..\lib\mail-1.4.jar;C:\Program Files\SmartBear\SoapUI-5.2.1\bin\..\lib\maven-plugin-api-2.0.jar;C:\Program Files\SmartBear\SoapUI-5.2.1\bin\..\lib\nekohtml-1.9.14.jar;C:\Program Files\SmartBear\SoapUI-5.2.1\bin\..\lib\not-yet-commons-ssl-0.3.11.jar;C:\Program Files\SmartBear\SoapUI-5.2.1\bin\..\lib\opensaml-2.5.1-1.jar;C:\Program Files\SmartBear\SoapUI-5.2.1\bin\..\lib\openws-1.4.2-1.jar;C:\Program Files\SmartBear\SoapUI-5.2.1\bin\..\lib\org.apache.oltu.oauth2.client-0.31.jar;C:\Program Files\SmartBear\SoapUI-5.2.1\bin\..\lib\org.apache.oltu.oauth2.common-0.31.jar;C:\Program Files\SmartBear\SoapUI-5.2.1\bin\..\lib\org.apache.oltu.oauth2.httpclient4-0.31.jar;C:\Program Files\SmartBear\SoapUI-5.2.1\bin\..\lib\out-app-analytics-provider-5.3.0.jar;C:\Program Files\SmartBear\SoapUI-5.2.1\bin\..\lib\proxy-vole-20131209.jar;C:\Program Files\SmartBear\SoapUI-5.2.1\bin\..\lib\reflections-0.9.9-RC1.jar;C:\Program Files\SmartBear\SoapUI-5.2.1\bin\..\lib\rsyntaxtextarea-2.5.0.jar;C:\Program Files\SmartBear\SoapUI-5.2.1\bin\..\lib\sac-1.3.jar;C:\Program Files\SmartBear\SoapUI-5.2.1\bin\..\lib\saxon-9.1.0.8j.jar;C:\Program Files\SmartBear\SoapUI-5.2.1\bin\..\lib\saxon-dom-9.1.0.8j.jar;C:\Program Files\SmartBear\SoapUI-5.2.1\bin\..\lib\serializer-2.7.1.jar;C:\Program Files\SmartBear\SoapUI-5.2.1\bin\..\lib\servlet-api-2.5-20081211.jar;C:\Program Files\SmartBear\SoapUI-5.2.1\bin\..\lib\slf4j-api-1.6.1.jar;C:\Program Files\SmartBear\SoapUI-5.2.1\bin\..\lib\swingx-soapui.jar;C:\Program Files\SmartBear\SoapUI-5.2.1\bin\..\lib\ws-commons-util-1.0.2.jar;C:\Program Files\SmartBear\SoapUI-5.2.1\bin\..\lib\wsdl4j-1.6.2-fixed.jar;C:\Program Files\SmartBear\SoapUI-5.2.1\bin\..\lib\wss4j-1.6.16.jar;C:\Program Files\SmartBear\SoapUI-5.2.1\bin\..\lib\xalan-2.7.1.jar;C:\Program Files\SmartBear\SoapUI-5.2.1\bin\..\lib\xbean-fixed-2.4.0.jar;C:\Program Files\SmartBear\SoapUI-5.2.1\bin\..\lib\xbean_xpath-2.4.0.jar;C:\Program Files\SmartBear\SoapUI-5.2.1\bin\..\lib\xercesImpl-2.9.1.jar;C:\Program Files\SmartBear\SoapUI-5.2.1\bin\..\lib\xml-apis-1.3.04.jar;C:\Program Files\SmartBear\SoapUI-5.2.1\bin\..\lib\xml-apis-2.9.1.jar;C:\Program Files\SmartBear\SoapUI-5.2.1\bin\..\lib\xmlParserAPIs-2.6.2.jar;C:\Program Files\SmartBear\SoapUI-5.2.1\bin\..\lib\xmlpublic-2.4.0.jar;C:\Program Files\SmartBear\SoapUI-5.2.1\bin\..\lib\xmlsec-1.4.5.jar;C:\Program Files\SmartBear\SoapUI-5.2.1\bin\..\lib\xmltooling-1.3.2-1.jar;C:\Program Files\SmartBear\SoapUI-5.2.1\bin\..\lib\xmlunit-1.2.jar;C:\Program Files\SmartBear\SoapUI-5.2.1\bin\..\lib\xom-1.1.jar;C:\Program Files\SmartBear\SoapUI-5.2.1\bin\..\lib\xstream-1.3.1.jar;C:\Program Files\SmartBear\SoapUI-5.2.1\jre\lib\jfxrt.jar"/><property name="user.name" value="PassionITe-Daisy"/><property name="soapui.ext.listeners" value="C:\Program Files\SmartBear\SoapUI-5.2.1\bin\listeners"/><property name="java.vm.specification.version" value="1.7"/><property name="sun.java.command" value="com.eviware.soapui.tools.SoapUITestCaseRunner -j -fC:\Users\PassionITe-Daisy\TeeOff_SoapUI_Proj\reports C:\Users\PassionITe-Daisy\SoapUI Free Version\API Testing-soapui-project.xml"/><property name="java.home" value="C:\Program Files\SmartBear\SoapUI-5.2.1\jre"/><property name="sun.arch.data.model" value="64"/><property name="user.language" value="en"/><property name="java.specification.vendor" value="Oracle Corporation"/><property name="awt.toolkit" value="sun.awt.windows.WToolkit"/><property name="java.vm.info" value="mixed mode"/><property name="java.version" value="1.7.0_55"/><property name="java.ext.dirs" value="C:\Program Files\SmartBear\SoapUI-5.2.1\jre\lib\ext;C:\Windows\Sun\Java\lib\ext"/><property name="sun.boot.class.path" value="C:\Program Files\SmartBear\SoapUI-5.2.1\jre\lib\resources.jar;C:\Program Files\SmartBear\SoapUI-5.2.1\jre\lib\rt.jar;C:\Program Files\SmartBear\SoapUI-5.2.1\jre\lib\sunrsasign.jar;C:\Program Files\SmartBear\SoapUI-5.2.1\jre\lib\jsse.jar;C:\Program Files\SmartBear\SoapUI-5.2.1\jre\lib\jce.jar;C:\Program Files\SmartBear\SoapUI-5.2.1\jre\lib\charsets.jar;C:\Program Files\SmartBear\SoapUI-5.2.1\jre\lib\jfr.jar;C:\Program Files\SmartBear\SoapUI-5.2.1\jre\classes"/><property name="java.vendor" value="Oracle Corporation"/><property name="file.separator" value="\"/><property name="java.vendor.url.bug" value="http://bugreport.sun.com/bugreport/"/><property name="sun.io.unicode.encoding" value="UnicodeLittle"/><property name="sun.cpu.endian" value="little"/><property name="sun.desktop" value="windows"/><property name="sun.cpu.isalist" value="amd64"/></properties><testcase name="General Test Cases for Invalid Parameters" time="8.033"><failure type="Failing due to failed test step" message="Failing due to failed test step"><![CDATA[<h3><b>REST Request - Incorrect Subscriber Failed</b></h3><pre>[INVALID_SUBSCRIBER] XPathContains comparison failed for path [//Error[1]/ErrorDescription[1]], expecting [INVALID_SUBSCRIBER], actual was [INVALID_SPONSOR_ID]
</pre><hr/>]]></failure></testcase><testcase name="MDIGetAreaList" time="3.357"/><testcase name="MDIGetCityList" time="3.197"/><testcase name="MDIGetCourseInfoList" time="3.69"/><testcase name="MDIGetCourseList" time="2.987"/><testcase name="MDIGetCourseListWithResPolicy" time="3.513"/><testcase name="MDIGetCourseName" time="7.272"/><testcase name="MDIGetCourseResPolicy" time="6.405"/><testcase name="MDIGetInternetProtocol" time="3.64"/><testcase name="MDIGetRegionList" time="3.532"/><testcase name="UserRegister" time="22.814"><failure type="Failing due to failed test step" message="Failing due to failed test step"><![CDATA[<h3><b>REST Request - New User Failed</b></h3><pre>[Result = 0 (Successful)] XPathContains assertion failed for path [//UserRegister[1]/UserRegisterRecord[1]/Result[1]] : Exception:Missing content for xpath [//UserRegister[1]/UserRegisterRecord[1]/Result[1]] in Response
</pre><hr/>]]></failure></testcase><testcase name="UserGetRegistration" time="10.405"/><testcase name="UserChangeUserID" time="11.408"/><testcase name="UserChangePassword" time="12.085"/><testcase name="UserChangeRegistration" time="23.26"><failure type="Failing due to failed test step" message="Failing due to failed test step"><![CDATA[<h3><b>REST Request - Empty Param4/FirstName Failed</b></h3><pre>[REQUIRE_FIRSTNAME] XPathContains comparison failed for path [//Error[1]/ErrorDescription[1]], expecting [REQUIRE_FIRSTNAME], actual was [REQUIRE_LASTNAME]
</pre><hr/>]]></failure></testcase><testcase name="UserGetTeeTimesSummary" time="9.688"/><testcase name="AddMember" time="25.657"><failure type="Failing due to failed test step" message="Failing due to failed test step"><![CDATA[<h3><b>REST Request - Valid Failed</b></h3><pre>[InternetEmail is the same] XPathContains assertion failed for path [//AddMember[1]/AddMemberRecord[1]/InternetEmail[1]] : Exception:Missing content for xpath [//AddMember[1]/AddMemberRecord[1]/InternetEmail[1]] in Response
</pre><hr/>]]></failure></testcase><testcase name="GetMembershipTypes" time="4.268"/><testcase name="GetMemberList" time="4.378"><failure type="Failing due to failed test step" message="Failing due to failed test step"><![CDATA[<h3><b>REST Request - Valid Failed</b></h3><pre>[Not Contains ACCESS_DENIED] Response contains token [ACCESS_DENIED]
</pre><hr/><h3><b>REST Request - Empty Param2/MembershipTypeId Failed</b></h3><pre>[INVALID_MEMBERSHIPTYPEID] XPathContains comparison failed for path [//Error[1]/ErrorDescription[1]], expecting [INVALID_MEMBERSHIPTYPEID], actual was [ACCESS_DENIED]
</pre><hr/>]]></failure></testcase><testcase name="GetCountryList" time="9.411"/><testcase name="SearchForMember" time="12.815"/><testcase name="UpdateMember" time="58.475"><failure type="Failing due to failed test step" message="Failing due to failed test step"><![CDATA[<h3><b>REST Request - Field 0/LastName Failed</b></h3><pre>[LastName is updated] XPathContains assertion failed for path [//UpdateMember[1]/UpdateMemberRecord[1]/LastName[1]] : Exception:Missing content for xpath [//UpdateMember[1]/UpdateMemberRecord[1]/LastName[1]] in Response
</pre><hr/><h3><b>REST Request - Field 1/FirstName Failed</b></h3><pre>[FirstName is updated] XPathContains assertion failed for path [//UpdateMember[1]/UpdateMemberRecord[1]/FirstName[1]] : Exception:Missing content for xpath [//UpdateMember[1]/UpdateMemberRecord[1]/FirstName[1]] in Response
</pre><hr/><h3><b>REST Request - Field 2/MiddleName Failed</b></h3><pre>[MiddleName is updated] XPathContains assertion failed for path [//UpdateMember[1]/UpdateMemberRecord[1]/MiddleName[1]] : Exception:Missing content for xpath [//UpdateMember[1]/UpdateMemberRecord[1]/MiddleName[1]] in Response
</pre><hr/><h3><b>REST Request - Field 3/Company Failed</b></h3><pre>[Company is updated] XPathContains assertion failed for path [//UpdateMember[1]/UpdateMemberRecord[1]/Company[1]] : Exception:Missing content for xpath [//UpdateMember[1]/UpdateMemberRecord[1]/Company[1]] in Response
</pre><hr/><h3><b>REST Request - Field 4/Address1 Failed</b></h3><pre>[Address1 is updated] XPathContains assertion failed for path [//UpdateMember[1]/UpdateMemberRecord[1]/Address1[1]] : Exception:Missing content for xpath [//UpdateMember[1]/UpdateMemberRecord[1]/Address1[1]] in Response
</pre><hr/><h3><b>REST Request - Field 5/Address2 Failed</b></h3><pre>[Address2 is updated] XPathContains assertion failed for path [//UpdateMember[1]/UpdateMemberRecord[1]/Address2[1]] : Exception:Missing content for xpath [//UpdateMember[1]/UpdateMemberRecord[1]/Address2[1]] in Response
</pre><hr/><h3><b>REST Request - Field 6/City Failed</b></h3><pre>[City is updated] XPathContains assertion failed for path [//UpdateMember[1]/UpdateMemberRecord[1]/City[1]] : Exception:Missing content for xpath [//UpdateMember[1]/UpdateMemberRecord[1]/City[1]] in Response
</pre><hr/><h3><b>REST Request - Field 7/StateProvince Failed</b></h3><pre>[State is updated] XPathContains assertion failed for path [//UpdateMember[1]/UpdateMemberRecord[1]/State[1]] : Exception:Missing content for xpath [//UpdateMember[1]/UpdateMemberRecord[1]/State[1]] in Response
</pre><hr/><h3><b>REST Request - Field 8/ZipPostalCode Failed</b></h3><pre>[ZipPostalCode is updated] XPathContains assertion failed for path [//UpdateMember[1]/UpdateMemberRecord[1]/Zip[1]] : Exception:Missing content for xpath [//UpdateMember[1]/UpdateMemberRecord[1]/Zip[1]] in Response
</pre><hr/><h3><b>REST Request - Field 9/Country Failed</b></h3><pre>[Country  is updated] XPathContains assertion failed for path [//UpdateMember[1]/UpdateMemberRecord[1]/Country[1]] : Exception:Missing content for xpath [//UpdateMember[1]/UpdateMemberRecord[1]/Country[1]] in Response
</pre><hr/><h3><b>REST Request - Field 10/HomePhone Failed</b></h3><pre>[HomePhone  is updated] XPathContains assertion failed for path [//UpdateMember[1]/UpdateMemberRecord[1]/HomePhone[1]] : Exception:Missing content for xpath [//UpdateMember[1]/UpdateMemberRecord[1]/HomePhone[1]] in Response
</pre><hr/><h3><b>REST Request - Field 11/WorkPhone Failed</b></h3><pre>[WorkPhone  is updated] XPathContains assertion failed for path [//UpdateMember[1]/UpdateMemberRecord[1]/WorkPhone[1]] : Exception:Missing content for xpath [//UpdateMember[1]/UpdateMemberRecord[1]/WorkPhone[1]] in Response
</pre><hr/><h3><b>REST Request - Field 12/FAXPhone Failed</b></h3><pre>[FaxPhone  is updated] XPathContains assertion failed for path [//UpdateMember[1]/UpdateMemberRecord[1]/FAXPhone[1]] : Exception:Missing content for xpath [//UpdateMember[1]/UpdateMemberRecord[1]/FAXPhone[1]] in Response
</pre><hr/><h3><b>REST Request - Field 13/MobilePhone Failed</b></h3><pre>[MobilePhone  is updated] XPathContains assertion failed for path [//UpdateMember[1]/UpdateMemberRecord[1]/MobilPhone[1]] : Exception:Missing content for xpath [//UpdateMember[1]/UpdateMemberRecord[1]/MobilPhone[1]] in Response
</pre><hr/><h3><b>REST Request - Field 14/PagerPhone Failed</b></h3><pre>[PagerPhone  is updated] XPathContains assertion failed for path [//UpdateMember[1]/UpdateMemberRecord[1]/PagerPhone[1]] : Exception:Missing content for xpath [//UpdateMember[1]/UpdateMemberRecord[1]/PagerPhone[1]] in Response
</pre><hr/><h3><b>REST Request - Field 15/InternetUserID Failed</b></h3><pre>[ Not Contains Object logic failure exception raised.] Response contains token [Object logic failure]
</pre><hr/><h3><b>REST Request - Field 16/InternetPassword Failed</b></h3><pre>[Not Contains Object logic failure exception raised.] Response contains token [Object logic failure]
</pre><hr/><h3><b>REST Request - Field 18/InternetNotifyActivity Failed</b></h3><pre>[InternetNotifyActivity  is updated] XPathContains assertion failed for path [//UpdateMember[1]/UpdateMemberRecord[1]/InternetNotifyActivity[1]] : Exception:Missing content for xpath [//UpdateMember[1]/UpdateMemberRecord[1]/InternetNotifyActivity[1]] in Response
</pre><hr/><h3><b>REST Request - Field 19/MembershipNumber Failed</b></h3><pre>[MembershipNumber  is updated] XPathContains assertion failed for path [//UpdateMember[1]/UpdateMemberRecord[1]/MembershipNumber[1]] : Exception:Missing content for xpath [//UpdateMember[1]/UpdateMemberRecord[1]/MembershipNumber[1]] in Response
</pre><hr/><h3><b>REST Request - Field 20/MembershipStartDate Failed</b></h3><pre>[MemnershipStartDate  is updated] XPathContains assertion failed for path [//UpdateMember[1]/UpdateMemberRecord[1]/MembershipStartDate[1]] : Exception:Missing content for xpath [//UpdateMember[1]/UpdateMemberRecord[1]/MembershipStartDate[1]] in Response
</pre><hr/><h3><b>REST Request - Field 21/MembershipEndDate Failed</b></h3><pre>[MembershipEndDate  is updated] XPathContains assertion failed for path [//UpdateMember[1]/UpdateMemberRecord[1]/MembershipEndDate[1]] : Exception:Missing content for xpath [//UpdateMember[1]/UpdateMemberRecord[1]/MembershipEndDate[1]] in Response
</pre><hr/><h3><b>REST Request - Field 22/MembershipTypeID Failed</b></h3><pre>[PagerPhone  is updated] XPathContains assertion failed for path [//UpdateMember[1]/UpdateMemberRecord[1]/PagerPhone[1]] : Exception:Missing content for xpath [//UpdateMember[1]/UpdateMemberRecord[1]/PagerPhone[1]] in Response
</pre><hr/><h3><b>REST Request - Incorrect Param5/ Old Value Failed</b></h3><pre>[ANOTHER_USER_CHANGED_RECORD] XPathContains comparison failed for path [//Error[1]/ErrorDescription[1]], expecting [ANOTHER_USER_CHANGED_RECORD], actual was [Object logic failure exception raised.]
</pre><hr/><h3><b>REST Request - Empty Field 19/MembershipNumber Failed</b></h3><pre>[MembeshipNumber is empty] XPathContains assertion failed for path [//UpdateMember[1]/UpdateMemberRecord[1]/MembershipNumber[1]] : Exception:Missing content for xpath [//UpdateMember[1]/UpdateMemberRecord[1]/MembershipNumber[1]] in Response
</pre><hr/>]]></failure></testcase><testcase name="TeeTimeSearch" time="9.981"/><testcase name="TeeTimeValidate" time="9.778"><failure type="Failing due to failed test step" message="Failing due to failed test step"><![CDATA[<h3><b>REST Request - Valid Failed</b></h3><pre>[Contains] Missing token [TeeTimeValidateRecord] in Response
</pre><hr/><h3><b>REST Request - Empty Param1/SponsorID Failed</b></h3><pre>[INVALID_SPONSOR_ID] XPathContains comparison failed for path [//Error[1]/ErrorDescription[1]], expecting [INVALID_SPONSOR_ID], actual was [INVALID_DATETIME]
</pre><hr/><h3><b>REST Request - Empty Param2/CourseID Failed</b></h3><pre>[INVALID_COURSE_ID] XPathContains comparison failed for path [//Error[1]/ErrorDescription[1]], expecting [INVALID_COURSE_ID], actual was [INVALID_DATETIME]
</pre><hr/><h3><b>REST Request - Invalid Param2/CourseID Failed</b></h3><pre>[INVALID_COURSE_ID] XPathContains comparison failed for path [//Error[1]/ErrorDescription[1]], expecting [INVALID_COURSE_ID], actual was [INVALID_DATETIME]
</pre><hr/>]]></failure></testcase><testcase name="TeeTimeReserve" time="17.954"><failure type="Cancelling due to failed test step" message="Cancelling due to failed test step"><![CDATA[<h3><b>REST Request - Empty Param6/CCNumber Failed</b></h3><pre>[Contains INVALID_CREDIT_CARD_NUMBER] Missing token [INVALID_CREDIT_CARD_NUMBER] in Response
</pre><hr/>]]></failure></testcase><testcase name="GetTeeTimeSlots" time="11.932"><failure type="Failing due to failed test step" message="Failing due to failed test step"><![CDATA[<h3><b>REST Request - Valid Failed</b></h3><pre>[SlotName of Slot 1 is Tester] XPathContains assertion failed for path [//GetTeeTimeSlots[1]/GetTeeTimeSlotsRecord[2]/SlotName[1]] : Exception:Missing content for xpath [//GetTeeTimeSlots[1]/GetTeeTimeSlotsRecord[2]/SlotName[1]] in Response
</pre><hr/><h3><b>REST Request - Empty Param2/InternetPassword Failed</b></h3><pre>[INVALID_PASSWORD] XPathContains comparison failed for path [//Error[1]/ErrorDescription[1]], expecting [INVALID_PASSWORD], actual was [INVALID_USERID]
</pre><hr/><h3><b>REST Request - Empty Param3/ConfirmID Failed</b></h3><pre>[INVALID_CONFIRMATIONID] XPathContains comparison failed for path [//Error[1]/ErrorDescription[1]], expecting [INVALID_CONFIRMATIONID], actual was [INVALID_USERID]
</pre><hr/><h3><b>REST Request - Incorrect/Invalid Param2/InternetPassword Failed</b></h3><pre>[INVALID_CONFIRMATIONID] XPathContains comparison failed for path [//Error[1]/ErrorDescription[1]], expecting [INVALID_CONFIRMATIONID], actual was [INVALID_USERID]
</pre><hr/><h3><b>REST Request - Invalid/Incorrect Param3/ConfirmID Failed</b></h3><pre>[INVALID_CONFIRMATIONID] XPathContains comparison failed for path [//Error[1]/ErrorDescription[1]], expecting [INVALID_CONFIRMATIONID], actual was [INVALID_USERID]
</pre><hr/>]]></failure></testcase><testcase name="UpdateTeeTimeSlotName" time="15.337"><failure type="Failing due to failed test step" message="Failing due to failed test step"><![CDATA[<h3><b>REST Request - Valid Failed</b></h3><pre>[SlotName of Slot 4 is updated to Tester Updated] XPathContains assertion failed for path [//UpdateTeeTimeSlotName[1]/UpdateTeeTimeSlotNameRecord[1]/SlotName[1]] : Exception:Missing content for xpath [//UpdateTeeTimeSlotName[1]/UpdateTeeTimeSlotNameRecord[1]/SlotName[1]] in Response
</pre><hr/><h3><b>REST Request - Empty Param4/Slot Failed</b></h3><pre>[No matching records exist] XPathContains comparison failed for path [//Error[1]/ErrorDescription[1]], expecting [No matching records exist], actual was [INVALID_CONFIRMATIONID]
</pre><hr/><h3><b>REST Request - Empty Param5/SlotName Failed</b></h3><pre>[SlotName is updated to empty] XPathContains assertion failed for path [//UpdateTeeTimeSlotName[1]/UpdateTeeTimeSlotNameRecord[1]/SlotName[1]] : Exception:Missing content for xpath [//UpdateTeeTimeSlotName[1]/UpdateTeeTimeSlotNameRecord[1]/SlotName[1]] in Response
</pre><hr/><h3><b>REST Request - Incorrect/Invalid Param4/Slot Failed</b></h3><pre>[No matching records exist] XPathContains comparison failed for path [//Error[1]/ErrorDescription[1]], expecting [No matching records exist], actual was [INVALID_CONFIRMATIONID]
</pre><hr/>]]></failure></testcase><testcase name="UpdateTeeTimeSlotAndContactInfo" time="7.566"><failure type="Failing due to failed test step" message="Failing due to failed test step"><![CDATA[<h3><b>REST Request - Valid Failed</b></h3><pre>[Contains] Missing token [UpdateTeeTimeSlotAndContactInfo] in Response
</pre><hr/>]]></failure></testcase><testcase name="AddConfirmationNote" time="7.184"><failure type="Failing due to failed test step" message="Failing due to failed test step"><![CDATA[<h3><b>REST Request - Valid Failed</b></h3><pre>[Correct ConfirmID] XPathContains assertion failed for path [//AddConfirmationNote[1]/AddConfirmationNoteRecord[1]/ConfirmID[1]] : Exception:Missing content for xpath [//AddConfirmationNote[1]/AddConfirmationNoteRecord[1]/ConfirmID[1]] in Response
[Contains Test Confirmation Note] Missing token [Test Confirmation Note] in Response
</pre><hr/><h3><b>REST Request - Empty Param4/ConfirmationNote Failed</b></h3><pre>[Contains AddConfirmationNoteRecord] Missing token [AddConfirmationNoteRecord] in Response
</pre><hr/>]]></failure></testcase><testcase name="GetConfirmationNote" time="6.047"><failure type="Failing due to failed test step" message="Failing due to failed test step"><![CDATA[<h3><b>REST Request - Valid Failed</b></h3><pre>[Contains Test Confirmation Note] Missing token [Test Confirmation Note] in Response
</pre><hr/>]]></failure></testcase><testcase name="TeeTimeGetCancelPolicy" time="8.167"><failure type="Failing due to failed test step" message="Failing due to failed test step"><![CDATA[<h3><b>REST Request - Empty Param1/SponsorID Failed</b></h3><pre>[INVALID_SPONSOR_ID] XPathContains comparison failed for path [//Error[1]/ErrorDescription[1]], expecting [INVALID_SPONSOR_ID], actual was [INVALID_USERID]
</pre><hr/><h3><b>REST Request - Empty Param2/ConfirmID Failed</b></h3><pre>[INVALID_CONFIRMATIONID] XPathContains comparison failed for path [//Error[1]/ErrorDescription[1]], expecting [INVALID_CONFIRMATIONID], actual was [INVALID_USERID]
</pre><hr/><h3><b>REST Request - Empty Param4/Password Failed</b></h3><pre>[INVALID_UPW] XPathContains comparison failed for path [//Error[1]/ErrorDescription[1]], expecting [INVALID_UPW], actual was [INVALID_USERID]
</pre><hr/>]]></failure></testcase><testcase name="TeeTimeCancel" time="6.047"><failure type="Failing due to failed test step" message="Failing due to failed test step"><![CDATA[<h3><b>REST Request - Valid Failed</b></h3><pre>[Contains CancelID] Missing token [CancelID] in Response
</pre><hr/><h3><b>REST Request - Empty Param3/UserID Failed</b></h3><pre>java.net.SocketTimeoutException: Read timed out
</pre><hr/>]]></failure></testcase><testcase name="RemoveMember" time="10.919"/></testsuite>