<?xml version="1.0" encoding="UTF-8"?>
<testsuite name="API Testing.UserController" tests="21" failures="6" errors="0" time="24559.679"><properties>
[...]
</properties><testcase name="/TeeOff/v1/User/AuthenticateUser" time="20.224"/><testcase name="/TeeOff/v1/User/SessionStart" time="1.661"/><testcase name="/TeeOff/v1/User/GetUser" time="6.313"/><testcase name="/TeeOff/v1/User/AddUser" time="24341.611"><failure type="Failing due to failed test step" message="Failing due to failed test step"><![CDATA[<h3><b>Test Request: Register User Failed</b></h3><pre>[FirstName is correct.] XPathContains assertion failed for path [declare namespace ns1='https://dev-api.opentee.com/TeeOff/v1/User/AddUser';
//ns1:Response[1]/ns1:Data[1]/ns1:FirstName[1]] : Exception:Missing content for xpath [declare namespace ns1='https://dev-api.opentee.com/TeeOff/v1/User/AddUser';
//ns1:Response[1]/ns1:Data[1]/ns1:FirstName[1]] in Response
[LastName is correct.] XPathContains assertion failed for path [declare namespace ns1='https://dev-api.opentee.com/TeeOff/v1/User/AddUser';
//ns1:Response[1]/ns1:Data[1]/ns1:LastName[1]] : Exception:Missing content for xpath [declare namespace ns1='https://dev-api.opentee.com/TeeOff/v1/User/AddUser';
//ns1:Response[1]/ns1:Data[1]/ns1:LastName[1]] in Response
[Email is correct.] XPathContains assertion failed for path [declare namespace ns1='https://dev-api.opentee.com/TeeOff/v1/User/AddUser';
//ns1:Response[1]/ns1:Data[1]/ns1:Email[1]] : Exception:Missing content for xpath [declare namespace ns1='https://dev-api.opentee.com/TeeOff/v1/User/AddUser';
//ns1:Response[1]/ns1:Data[1]/ns1:Email[1]] in Response
[Postal Code is correct.] XPathContains assertion failed for path [declare namespace ns1='https://dev-api.opentee.com/TeeOff/v1/User/AddUser';
//ns1:Response[1]/ns1:Data[1]/ns1:PostalCode[1]] : Exception:Missing content for xpath [declare namespace ns1='https://dev-api.opentee.com/TeeOff/v1/User/AddUser';
//ns1:Response[1]/ns1:Data[1]/ns1:PostalCode[1]] in Response
</pre><hr/><h3><b>Test Request: If user is able to signin after successful registration Failed</b></h3><pre>[Successfully Signed in] XPathContains assertion failed for path [declare namespace ns1='https://dev-api.opentee.com/TeeOff/v1/User/AuthenticateUser';
//ns1:Response[1]/ns1:Success[1]] : Exception:Missing content for xpath [declare namespace ns1='https://dev-api.opentee.com/TeeOff/v1/User/AuthenticateUser';
//ns1:Response[1]/ns1:Success[1]] in Response
</pre><hr/><h3><b>Test Request: Update User , Update Email Failed</b></h3><pre>[Success] XPathContains assertion failed for path [declare namespace ns1='https://dev-api.opentee.com/TeeOff/v1/User/UpdateUser';
//ns1:Response[1]/ns1:Success[1]] : Exception:Missing content for xpath [declare namespace ns1='https://dev-api.opentee.com/TeeOff/v1/User/UpdateUser';
//ns1:Response[1]/ns1:Success[1]] in Response
[Correct phone number after registration] XPathContains assertion failed for path [declare namespace ns1='https://dev-api.opentee.com/TeeOff/v1/User/UpdateUser';
//ns1:Response[1]/ns1:Data[1]/ns1:HomePhone[1]] : Exception:Missing content for xpath [declare namespace ns1='https://dev-api.opentee.com/TeeOff/v1/User/UpdateUser';
//ns1:Response[1]/ns1:Data[1]/ns1:HomePhone[1]] in Response
[Correct country Id after registration] XPathContains assertion failed for path [declare namespace ns1='https://dev-api.opentee.com/TeeOff/v1/User/UpdateUser';
//ns1:Response[1]/ns1:Data[1]/ns1:CountryId[1]] : Exception:Missing content for xpath [declare namespace ns1='https://dev-api.opentee.com/TeeOff/v1/User/UpdateUser';
//ns1:Response[1]/ns1:Data[1]/ns1:CountryId[1]] in Response
[Correct City after registration] XPathContains assertion failed for path [declare namespace ns1='https://dev-api.opentee.com/TeeOff/v1/User/UpdateUser';
//ns1:Response[1]/ns1:Data[1]/ns1:City[1]] : Exception:Missing content for xpath [declare namespace ns1='https://dev-api.opentee.com/TeeOff/v1/User/UpdateUser';
//ns1:Response[1]/ns1:Data[1]/ns1:City[1]] in Response
</pre><hr/><h3><b>Test Request: Revert User Password Failed</b></h3><pre>[Success] XPathContains assertion failed for path [declare namespace ns1='https://dev-api.opentee.com/TeeOff/v1/User/UpdateUser';
//ns1:Response[1]/ns1:Success[1]] : Exception:Missing content for xpath [declare namespace ns1='https://dev-api.opentee.com/TeeOff/v1/User/UpdateUser';
//ns1:Response[1]/ns1:Success[1]] in Response
</pre><hr/><h3><b>Test Request: If user is able to signin after successful update password Failed</b></h3><pre>[Successfully Signed in] XPathContains assertion failed for path [declare namespace ns1='https://dev-api.opentee.com/TeeOff/v1/User/AuthenticateUser';
//ns1:Response[1]/ns1:Success[1]] : Exception:Missing content for xpath [declare namespace ns1='https://dev-api.opentee.com/TeeOff/v1/User/AuthenticateUser';
//ns1:Response[1]/ns1:Success[1]] in Response
[Correct phone number after registration] XPathContains assertion failed for path [declare namespace ns1='https://dev-api.opentee.com/TeeOff/v1/User/AuthenticateUser';
//ns1:Response[1]/ns1:Data[1]/ns1:HomePhone[1]] : Exception:Missing content for xpath [declare namespace ns1='https://dev-api.opentee.com/TeeOff/v1/User/AuthenticateUser';
//ns1:Response[1]/ns1:Data[1]/ns1:HomePhone[1]] in Response
[Correct country id after registration] XPathContains assertion failed for path [declare namespace ns1='https://dev-api.opentee.com/TeeOff/v1/User/AuthenticateUser';
//ns1:Response[1]/ns1:Data[1]/ns1:CountryId[1]] : Exception:Missing content for xpath [declare namespace ns1='https://dev-api.opentee.com/TeeOff/v1/User/AuthenticateUser';
//ns1:Response[1]/ns1:Data[1]/ns1:CountryId[1]] in Response
[Correct City after registration] XPathContains assertion failed for path [declare namespace ns1='https://dev-api.opentee.com/TeeOff/v1/User/AuthenticateUser';
//ns1:Response[1]/ns1:Data[1]/ns1:City[1]] : Exception:Missing content for xpath [declare namespace ns1='https://dev-api.opentee.com/TeeOff/v1/User/AuthenticateUser';
//ns1:Response[1]/ns1:Data[1]/ns1:City[1]] in Response
</pre><hr/>]]></failure></testcase><testcase name="/TeeOff/v1/User/UpdateUser" time="8.133"><failure type="Failing due to failed test step" message="Failing due to failed test step"><![CDATA[<h3><b>Test Request: Update User (Excluding CountryID in parameter) Failed</b></h3><pre>[CountryID is the same] XPathContains comparison failed for path [declare namespace ns1='https://dev-api.opentee.com/TeeOff/v1/User/UpdateUser';
//ns1:Response[1]/ns1:Data[1]/ns1:CountryId[1]], expecting [1], actual was [0]
[Gender is correct after update] XPathContains comparison failed for path [declare namespace ns1='https://dev-api.opentee.com/TeeOff/v1/User/UpdateUser';
//ns1:Response[1]/ns1:Data[1]/ns1:Gender[1]], expecting [M], actual was [null]
</pre><hr/>]]></failure></testcase><testcase name="/TeeOff/v1/User/UpdateUser  (Invalid Scenarios)" time="10.189"><failure type="Cancelling due to failed test step" message="Cancelling due to failed test step"><![CDATA[<h3><b>Test Request: Edit Account Details (Empty Firstname) Failed</b></h3><pre>[Success is false] XPathContains assertion failed for path [declare namespace ns1='https://dev-api.opentee.com/TeeOff/v1/User/UpdateUser';
//ns1:Fault[1]/ns1:Success[1]] : Exception:Missing content for xpath [declare namespace ns1='https://dev-api.opentee.com/TeeOff/v1/User/UpdateUser';
//ns1:Fault[1]/ns1:Success[1]] in Response
</pre><hr/>]]></failure></testcase><testcase name="Revert to Original User Password &amp; Name" time="3.948"/><testcase name="/TeeOff/v1/User/UpdateUser  - using existing username but unique email address" time="2.459"><failure type="Cancelling due to failed test step" message="Cancelling due to failed test step"><![CDATA[<h3><b>Test Request: Signin Failed</b></h3><pre>[Success] XPathContains assertion failed for path [declare namespace ns1='https://dev-api.opentee.com/TeeOff/v1/User/AuthenticateUser';
//ns1:Response[1]/ns1:Success[1]] : Exception:Missing content for xpath [declare namespace ns1='https://dev-api.opentee.com/TeeOff/v1/User/AuthenticateUser';
//ns1:Response[1]/ns1:Success[1]] in Response
</pre><hr/>]]></failure></testcase><testcase name="/TeeOff/v1/User/UpdateUserPreference" time="10.744"/><testcase name="/TeeOff/v1/User/RegisterGuest" time="8.866"/><testcase name="/TeeOff/v1/User/ResetPassword" time="7.384"/><testcase name="/TeeOff/v1/User/GetFutureReservations" time="11.335"/><testcase name="/TeeOff/v1/User/GetFutureReservations (Non-Registered Guest Account)" time="3.885"/><testcase name="/TeeOff/v1/UserController/GetFutureReservations (if correct tee time details after booking)" time="18.15"/><testcase name="/TeeOff/v1/User/GetPastReservations" time="20.242"/><testcase name="/TeeOff/v1/User/GetCreditCardInfo" time="6.067"/><testcase name="/TeeOff/v1/User/DeleteCreditCard" time="14.947"><failure type="Cancelling due to failed test step" message="Cancelling due to failed test step"><![CDATA[<h3><b>Test Request: Delete Credit Card (Previously Deleted Card) Failed</b></h3><pre>[Should not return successful deletion] XPathContains comparison failed for path [declare namespace ns1='https://dev-api.opentee.com/TeeOff/v1/User/DeleteCreditCard';
//ns1:Response[1]/ns1:Success[1]], expecting [false], actual was [true]
</pre><hr/>]]></failure></testcase><testcase name="/TeeOff/v1/User/AddCreditCardInfo" time="42.517"><failure type="Failing due to failed test step" message="Failing due to failed test step"><![CDATA[<h3><b>Test Request: Add Credit Card (Invalid Postal Code Provided) Failed</b></h3><pre>[Success is false] XPathContains comparison failed for path [declare namespace ns1='https://dev-api.opentee.com/TeeOff/v1/User/AddCreditCardInfo';
//ns1:Response[1]/ns1:Success[1]], expecting [false], actual was [true]
</pre><hr/>]]></failure></testcase><testcase name="/TeeOff/v1/User/SetDefaultCreditCard" time="7.952"/><testcase name="/TeeOff/v1/User/GetFutureReservations - Registered Guest Account but Different Signedin Account" time="7.229"/><testcase name="/TeeOff/v1/User/GetFutureReservations - Registered Guest Account And same registered signed in account" time="5.823"/></testsuite>