<?xml version="1.0" encoding="UTF-8"?>
<testsuite name="API Testing.SearchController" tests="13" failures="8" errors="0" time="165.468"><properties>
[...]
</properties><testcase name="/TeeOff/v1/Search/SearchAutocomplete" time="16.011"><failure type="Failing due to failed test step" message="Failing due to failed test step"><![CDATA[<h3><b>Test Request: SearchAutocomplete - Empty Query Failed</b></h3><pre>[Error is handled properly] Response contains token [Object reference not set to an instance of an object.]
</pre><hr/><h3><b>Test Request: SearchAutocomplete  -  Course (search Pala Mesa Resort) Failed</b></h3><pre>[Class should be a Course] Assertion failed for path [$['Data'][0]['Class']] : PathNotFoundException:Array index [Ljava.lang.String;@5e2c2734 not found in path
</pre><hr/><h3><b>Test Request: SearchAutocomplete  - ZipCode (search 85405) Failed</b></h3><pre>[Criteria should be the same with criteria passed in request.] XPathContains assertion failed for path [declare namespace ns1='https://dev-api.opentee.com/TeeOff/v1/Search/SearchAutocomplete';
//ns1:Response[1]/ns1:Data[1]/ns1:e[1]/ns1:Criteria[1]] : Exception:Missing content for xpath [declare namespace ns1='https://dev-api.opentee.com/TeeOff/v1/Search/SearchAutocomplete';
//ns1:Response[1]/ns1:Data[1]/ns1:e[1]/ns1:Criteria[1]] in Response
[Class is Zip] XPathContains assertion failed for path [$['Data'][0]['Class']] : RuntimeException:net.sf.saxon.trans.XPathException: XPath syntax error at char 1 in {$['Data'}:
    expected "<name>", found "["
</pre><hr/>]]></failure></testcase><testcase name="/TeeOff/v1/Search/SearchAutocomplete - Searching w/ Special Characters" time="12.316"/><testcase name="/TeeOff/v1/Search/SearchCourses" time="20.297"><failure type="Failing due to failed test step" message="Failing due to failed test step"><![CDATA[<h3><b>Get Request - Course from SearchAutoComplete Failed</b></h3><pre>[SearchResult should not be empty when using the same criteria result from GET /TeeOff/v1/Search/SearchAutocomplete] Comparison failed for path [$['Data']['SearchResult' ]], expecting [1], actual was [0]
</pre><hr/><h3><b>Get Request - Course (Pala Mesa Resort) Failed</b></h3><pre>[Success] XPathContains comparison failed for path [declare namespace ns1='https://dev-api.opentee.com/TeeOff/v1/Search/SearchCourses';
//ns1:Fault[1]/ns1:Success[1]], expecting [true], actual was [false]
</pre><hr/>]]></failure></testcase><testcase name="/TeeOff/v1/Search/SearchCourses - Searching w/ Special Characters" time="11.264"/><testcase name="/TeeOff/v1/Search/GetTeeTimesByCourse" time="4.366"><failure type="Cancelling due to failed test step" message="Cancelling due to failed test step"><![CDATA[<h3><b>Test Request: GetTeeTimesByCourse (Invalid PlayDate) Failed</b></h3><pre>[Success is false.] XPathContains assertion failed for path [declare namespace ns1='https://dev-api.opentee.com/TeeOff/v1/Search/GetTeeTimesByCourse';
//ns1:Fault[1]/ns1:Success[1]] : Exception:Missing content for xpath [declare namespace ns1='https://dev-api.opentee.com/TeeOff/v1/Search/GetTeeTimesByCourse';
//ns1:Fault[1]/ns1:Success[1]] in Response
[We're Sorry. The operation could not be completed] XPathContains assertion failed for path [declare namespace ns1='https://dev-api.opentee.com/TeeOff/v1/Search/GetTeeTimesByCourse';
//ns1:Fault[1]/ns1:Message[1]] : Exception:Missing content for xpath [declare namespace ns1='https://dev-api.opentee.com/TeeOff/v1/Search/GetTeeTimesByCourse';
//ns1:Fault[1]/ns1:Message[1]] in Response
</pre><hr/>]]></failure></testcase><testcase name="/TeeOff/v1/Search/GetTeeTimesByCourse - Filtered" time="26.774"/><testcase name="/TeeOff/v1/Search/GetTeeTimesDeals" time="2.643"><failure type="Cancelling due to failed test step" message="Cancelling due to failed test step"><![CDATA[<h3><b>Test Request: GetTeeTimesDeals Failed</b></h3><pre>[Success] XPathContains assertion failed for path [declare namespace ns1='https://dev-api.opentee.com/TeeOff/v1/Search/GetTeeTimesDeals';
//ns1:Response[1]/ns1:Success[1]] : Exception:Missing content for xpath [declare namespace ns1='https://dev-api.opentee.com/TeeOff/v1/Search/GetTeeTimesDeals';
//ns1:Response[1]/ns1:Success[1]] in Response
[JsonPath Match - Any Teetime Result is a DEAL Time] Assertion failed for path [$['Data']['TeeTimeDealsResult'][0]['IsDealTime']] : PathNotFoundException:Path 'TeeTimeDealsResult' not found in the current context:
null
</pre><hr/>]]></failure></testcase><testcase name="/TeeOff/v1/Search/GetTeeTimesSummaries" time="14.412"/><testcase name="/TeeOff/v1/Search/GetCourseTeeTimesSummaries" time="22.114"><failure type="Failing due to failed test step" message="Failing due to failed test step"><![CDATA[<h3><b>Test Request: GetTeeTimesByCourse (Filter: NumberOfHoles = 9) Failed</b></h3><pre>[AllowPromos is the same] XPathContains assertion failed for path [declare namespace ns1='https://dev-api.opentee.com/TeeOff/v1/Search/GetTeeTimesByCourse';
//ns1:Response[1]/ns1:Data[1]/ns1:e[1]/ns1:AllowPromos[1]] : Exception:Missing content for xpath [declare namespace ns1='https://dev-api.opentee.com/TeeOff/v1/Search/GetTeeTimesByCourse';
//ns1:Response[1]/ns1:Data[1]/ns1:e[1]/ns1:AllowPromos[1]] in Response
[teetimes count == TotalTeeTimes in GetCourseTeeTimesSummaries(Filtered by 9 Holes)] XPathContains comparison failed for path [declare namespace ns1='https://dev-api.opentee.com/TeeOff/v1/Search/GetTeeTimesByCourse';
count(//ns1:Response[1]/ns1:Data[1]/ns1:e[1]/ns1:TeeTimes[1]/ns1:e[*])], expecting [], actual was [0]
</pre><hr/><h3><b>Groovy Script: Assertions for 9 Holes Failed</b></h3><pre>groovy.json.JsonException: A JSON payload should start with an openning curly brace '{' or an openning square bracket '['.
Instead, 'null' was found on line: 1, column: 1
error at line: 4
</pre><hr/>]]></failure></testcase><testcase name="/TeeOff/v1/Search/GetCourseTeeTimesSummaries (requesting more than one course)" time="4.077"><failure type="Failing due to failed test step" message="Failing due to failed test step"><![CDATA[<h3><b>Test Request: GetTeeTimesByCourse Failed</b></h3><pre>[CourseID is the same as the requested courseId] XPathContains assertion failed for path [declare namespace ns1='https://dev-api.opentee.com/TeeOff/v1/Search/GetTeeTimesByCourse';
//ns1:Response[1]/ns1:Data[1]/ns1:e[1]/ns1:CourseId[1]] : Exception:Missing content for xpath [declare namespace ns1='https://dev-api.opentee.com/TeeOff/v1/Search/GetTeeTimesByCourse';
//ns1:Response[1]/ns1:Data[1]/ns1:e[1]/ns1:CourseId[1]] in Response
[CancellationPeriod is 24] XPathContains assertion failed for path [declare namespace ns1='https://dev-api.opentee.com/TeeOff/v1/Search/GetTeeTimesByCourse';
//ns1:Response[1]/ns1:Data[1]/ns1:e[1]/ns1:TeeTimes[1]/ns1:e[1]/ns1:TeeTimeInformation[1]/ns1:CancellationPeriod[1]] : Exception:Missing content for xpath [declare namespace ns1='https://dev-api.opentee.com/TeeOff/v1/Search/GetTeeTimesByCourse';
//ns1:Response[1]/ns1:Data[1]/ns1:e[1]/ns1:TeeTimes[1]/ns1:e[1]/ns1:TeeTimeInformation[1]/ns1:CancellationPeriod[1]] in Response
</pre><hr/><h3><b>Test Request: GetCourseTeeTimesSummaries (Check Min-Max Players)compared to other method calls) Failed</b></h3><pre>[CourseID should match the requested courseId] XPathContains assertion failed for path [declare namespace ns1='https://dev-api.opentee.com/TeeOff/v1/Search/GetCourseTeeTimesSummaries';
//ns1:Response[1]/ns1:Data[1]/ns1:e[1]/ns1:CourseId[1]] : Exception:Missing content for xpath [declare namespace ns1='https://dev-api.opentee.com/TeeOff/v1/Search/GetCourseTeeTimesSummaries';
//ns1:Response[1]/ns1:Data[1]/ns1:e[1]/ns1:CourseId[1]] in Response
[CourseName is correct.] XPathContains assertion failed for path [declare namespace ns1='https://dev-api.opentee.com/TeeOff/v1/Search/GetCourseTeeTimesSummaries';
//ns1:Response[1]/ns1:Data[1]/ns1:e[1]/ns1:CourseName[1]] : Exception:Missing content for xpath [declare namespace ns1='https://dev-api.opentee.com/TeeOff/v1/Search/GetCourseTeeTimesSummaries';
//ns1:Response[1]/ns1:Data[1]/ns1:e[1]/ns1:CourseName[1]] in Response
[same Distance with /TeeOff/v1/Search/GetTeeTimesByCourse] XPathContains assertion failed for path [declare namespace ns1='https://dev-api.opentee.com/TeeOff/v1/Search/GetCourseTeeTimesSummaries';
//ns1:Response[1]/ns1:Data[1]/ns1:e[1]/ns1:Distance[1]] : Exception:Missing content for xpath [declare namespace ns1='https://dev-api.opentee.com/TeeOff/v1/Search/GetCourseTeeTimesSummaries';
//ns1:Response[1]/ns1:Data[1]/ns1:e[1]/ns1:Distance[1]] in Response
[TotalTeeTimes = totalTeeTimes returned in /GetTeeTimesByCourse] XPathContains assertion failed for path [declare namespace ns1='https://dev-api.opentee.com/TeeOff/v1/Search/GetCourseTeeTimesSummaries';
//ns1:Response[1]/ns1:Data[1]/ns1:e[1]/ns1:TotalTeeTimes[1]] : Exception:Missing content for xpath [declare namespace ns1='https://dev-api.opentee.com/TeeOff/v1/Search/GetCourseTeeTimesSummaries';
//ns1:Response[1]/ns1:Data[1]/ns1:e[1]/ns1:TotalTeeTimes[1]] in Response
[AllowPromos == AllowPromos returned in GetTeeTimesByCourse] XPathContains assertion failed for path [declare namespace ns1='https://dev-api.opentee.com/TeeOff/v1/Search/GetCourseTeeTimesSummaries';
//ns1:Response[1]/ns1:Data[1]/ns1:e[1]/ns1:AllowPromos[1]] : Exception:Missing content for xpath [declare namespace ns1='https://dev-api.opentee.com/TeeOff/v1/Search/GetCourseTeeTimesSummaries';
//ns1:Response[1]/ns1:Data[1]/ns1:e[1]/ns1:AllowPromos[1]] in Response
[MinPlayers is same with GetTeeTimesByCourse's MinPlayer] XPathContains assertion failed for path [declare namespace ns1='https://dev-api.opentee.com/TeeOff/v1/Search/GetCourseTeeTimesSummaries';
//ns1:Response[1]/ns1:Data[1]/ns1:e[1]/ns1:MinPlayers[1]] : Exception:Missing content for xpath [declare namespace ns1='https://dev-api.opentee.com/TeeOff/v1/Search/GetCourseTeeTimesSummaries';
//ns1:Response[1]/ns1:Data[1]/ns1:e[1]/ns1:MinPlayers[1]] in Response
[MaxPlayers is same with GetTeeTimesByCourse's MaxPlayer] XPathContains assertion failed for path [declare namespace ns1='https://dev-api.opentee.com/TeeOff/v1/Search/GetCourseTeeTimesSummaries';
//ns1:Response[1]/ns1:Data[1]/ns1:e[1]/ns1:MaxPlayers[1]] : Exception:Missing content for xpath [declare namespace ns1='https://dev-api.opentee.com/TeeOff/v1/Search/GetCourseTeeTimesSummaries';
//ns1:Response[1]/ns1:Data[1]/ns1:e[1]/ns1:MaxPlayers[1]] in Response
</pre><hr/>]]></failure></testcase><testcase name="/TeeOff/v1/Search/GetAllTeeTimesByCourse" time="6.869"><failure type="Cancelling due to failed test step" message="Cancelling due to failed test step"><![CDATA[<h3><b>Groovy Script: Assertions for checking correct PlayDate, if correct courseIds Failed</b></h3><pre>groovy.json.JsonException: A JSON payload should start with an openning curly brace '{' or an openning square bracket '['.
Instead, '100077' was found on line: 1, column: 1
error at line: 7
</pre><hr/>]]></failure></testcase><testcase name="/TeeOff/v1/Search/GetCourseInformation" time="18.12"><failure type="Failing due to failed test step" message="Failing due to failed test step"><![CDATA[<h3><b>Test Request: GetCourseInformation(compare with /SearchCourses - Directory Course to check IsDirectoryOnly) Failed</b></h3><pre>[same IsDirectoryOnly with /SearchCourses - Directory Course] XPathContains comparison failed for path [declare namespace ns1='https://dev-api.opentee.com/TeeOff/v1/Search/GetCourseInformation';
//ns1:Response[1]/ns1:Data[1]/ns1:IsDirectoryOnly[1]], expecting [true], actual was [false]
</pre><hr/><h3><b>HTTP Request - check if correct pageUrl Failed</b></h3><pre>java.net.SocketTimeoutException: Read timed out
</pre><hr/>]]></failure></testcase><testcase name="/TeeOff/v1/Search/GetCourseIdsByLocation" time="6.205"/></testsuite>