<?xml version="1.0" encoding="UTF-8"?>
<testsuite name="API Testing.API.EZLinks" tests="33" failures="15" errors="0" time="361.202"><properties>
[...]
</properties><testcase name="General Test Cases for Invalid Parameters" time="8.033"><failure type="Failing due to failed test step" message="Failing due to failed test step"><![CDATA[<h3><b>REST Request - Incorrect Subscriber Failed</b></h3><pre>[INVALID_SUBSCRIBER] XPathContains comparison failed for path [//Error[1]/ErrorDescription[1]], expecting [INVALID_SUBSCRIBER], actual was [INVALID_SPONSOR_ID]
</pre><hr/>]]></failure></testcase><testcase name="MDIGetAreaList" time="3.357"/><testcase name="MDIGetCityList" time="3.197"/><testcase name="MDIGetCourseInfoList" time="3.69"/><testcase name="MDIGetCourseList" time="2.987"/><testcase name="MDIGetCourseListWithResPolicy" time="3.513"/><testcase name="MDIGetCourseName" time="7.272"/><testcase name="MDIGetCourseResPolicy" time="6.405"/><testcase name="MDIGetInternetProtocol" time="3.64"/><testcase name="MDIGetRegionList" time="3.532"/><testcase name="UserRegister" time="22.814"><failure type="Failing due to failed test step" message="Failing due to failed test step"><![CDATA[<h3><b>REST Request - New User Failed</b></h3><pre>[Result = 0 (Successful)] XPathContains assertion failed for path [//UserRegister[1]/UserRegisterRecord[1]/Result[1]] : Exception:Missing content for xpath [//UserRegister[1]/UserRegisterRecord[1]/Result[1]] in Response
</pre><hr/>]]></failure></testcase><testcase name="UserGetRegistration" time="10.405"/><testcase name="UserChangeUserID" time="11.408"/><testcase name="UserChangePassword" time="12.085"/><testcase name="UserChangeRegistration" time="23.26"><failure type="Failing due to failed test step" message="Failing due to failed test step"><![CDATA[<h3><b>REST Request - Empty Param4/FirstName Failed</b></h3><pre>[REQUIRE_FIRSTNAME] XPathContains comparison failed for path [//Error[1]/ErrorDescription[1]], expecting [REQUIRE_FIRSTNAME], actual was [REQUIRE_LASTNAME]
</pre><hr/>]]></failure></testcase><testcase name="UserGetTeeTimesSummary" time="9.688"/><testcase name="AddMember" time="25.657"><failure type="Failing due to failed test step" message="Failing due to failed test step"><![CDATA[<h3><b>REST Request - Valid Failed</b></h3><pre>[InternetEmail is the same] XPathContains assertion failed for path [//AddMember[1]/AddMemberRecord[1]/InternetEmail[1]] : Exception:Missing content for xpath [//AddMember[1]/AddMemberRecord[1]/InternetEmail[1]] in Response
</pre><hr/>]]></failure></testcase><testcase name="GetMembershipTypes" time="4.268"/><testcase name="GetMemberList" time="4.378"><failure type="Failing due to failed test step" message="Failing due to failed test step"><![CDATA[<h3><b>REST Request - Valid Failed</b></h3><pre>[Not Contains ACCESS_DENIED] Response contains token [ACCESS_DENIED]
</pre><hr/><h3><b>REST Request - Empty Param2/MembershipTypeId Failed</b></h3><pre>[INVALID_MEMBERSHIPTYPEID] XPathContains comparison failed for path [//Error[1]/ErrorDescription[1]], expecting [INVALID_MEMBERSHIPTYPEID], actual was [ACCESS_DENIED]
</pre><hr/>]]></failure></testcase><testcase name="GetCountryList" time="9.411"/><testcase name="SearchForMember" time="12.815"/><testcase name="UpdateMember" time="58.475"><failure type="Failing due to failed test step" message="Failing due to failed test step"><![CDATA[<h3><b>REST Request - Field 0/LastName Failed</b></h3><pre>[LastName is updated] XPathContains assertion failed for path [//UpdateMember[1]/UpdateMemberRecord[1]/LastName[1]] : Exception:Missing content for xpath [//UpdateMember[1]/UpdateMemberRecord[1]/LastName[1]] in Response
</pre><hr/><h3><b>REST Request - Field 1/FirstName Failed</b></h3><pre>[FirstName is updated] XPathContains assertion failed for path [//UpdateMember[1]/UpdateMemberRecord[1]/FirstName[1]] : Exception:Missing content for xpath [//UpdateMember[1]/UpdateMemberRecord[1]/FirstName[1]] in Response
</pre><hr/><h3><b>REST Request - Field 2/MiddleName Failed</b></h3><pre>[MiddleName is updated] XPathContains assertion failed for path [//UpdateMember[1]/UpdateMemberRecord[1]/MiddleName[1]] : Exception:Missing content for xpath [//UpdateMember[1]/UpdateMemberRecord[1]/MiddleName[1]] in Response
</pre><hr/><h3><b>REST Request - Field 3/Company Failed</b></h3><pre>[Company is updated] XPathContains assertion failed for path [//UpdateMember[1]/UpdateMemberRecord[1]/Company[1]] : Exception:Missing content for xpath [//UpdateMember[1]/UpdateMemberRecord[1]/Company[1]] in Response
</pre><hr/><h3><b>REST Request - Field 4/Address1 Failed</b></h3><pre>[Address1 is updated] XPathContains assertion failed for path [//UpdateMember[1]/UpdateMemberRecord[1]/Address1[1]] : Exception:Missing content for xpath [//UpdateMember[1]/UpdateMemberRecord[1]/Address1[1]] in Response
</pre><hr/><h3><b>REST Request - Field 5/Address2 Failed</b></h3><pre>[Address2 is updated] XPathContains assertion failed for path [//UpdateMember[1]/UpdateMemberRecord[1]/Address2[1]] : Exception:Missing content for xpath [//UpdateMember[1]/UpdateMemberRecord[1]/Address2[1]] in Response
</pre><hr/><h3><b>REST Request - Field 6/City Failed</b></h3><pre>[City is updated] XPathContains assertion failed for path [//UpdateMember[1]/UpdateMemberRecord[1]/City[1]] : Exception:Missing content for xpath [//UpdateMember[1]/UpdateMemberRecord[1]/City[1]] in Response
</pre><hr/><h3><b>REST Request - Field 7/StateProvince Failed</b></h3><pre>[State is updated] XPathContains assertion failed for path [//UpdateMember[1]/UpdateMemberRecord[1]/State[1]] : Exception:Missing content for xpath [//UpdateMember[1]/UpdateMemberRecord[1]/State[1]] in Response
</pre><hr/><h3><b>REST Request - Field 8/ZipPostalCode Failed</b></h3><pre>[ZipPostalCode is updated] XPathContains assertion failed for path [//UpdateMember[1]/UpdateMemberRecord[1]/Zip[1]] : Exception:Missing content for xpath [//UpdateMember[1]/UpdateMemberRecord[1]/Zip[1]] in Response
</pre><hr/><h3><b>REST Request - Field 9/Country Failed</b></h3><pre>[Country  is updated] XPathContains assertion failed for path [//UpdateMember[1]/UpdateMemberRecord[1]/Country[1]] : Exception:Missing content for xpath [//UpdateMember[1]/UpdateMemberRecord[1]/Country[1]] in Response
</pre><hr/><h3><b>REST Request - Field 10/HomePhone Failed</b></h3><pre>[HomePhone  is updated] XPathContains assertion failed for path [//UpdateMember[1]/UpdateMemberRecord[1]/HomePhone[1]] : Exception:Missing content for xpath [//UpdateMember[1]/UpdateMemberRecord[1]/HomePhone[1]] in Response
</pre><hr/><h3><b>REST Request - Field 11/WorkPhone Failed</b></h3><pre>[WorkPhone  is updated] XPathContains assertion failed for path [//UpdateMember[1]/UpdateMemberRecord[1]/WorkPhone[1]] : Exception:Missing content for xpath [//UpdateMember[1]/UpdateMemberRecord[1]/WorkPhone[1]] in Response
</pre><hr/><h3><b>REST Request - Field 12/FAXPhone Failed</b></h3><pre>[FaxPhone  is updated] XPathContains assertion failed for path [//UpdateMember[1]/UpdateMemberRecord[1]/FAXPhone[1]] : Exception:Missing content for xpath [//UpdateMember[1]/UpdateMemberRecord[1]/FAXPhone[1]] in Response
</pre><hr/><h3><b>REST Request - Field 13/MobilePhone Failed</b></h3><pre>[MobilePhone  is updated] XPathContains assertion failed for path [//UpdateMember[1]/UpdateMemberRecord[1]/MobilPhone[1]] : Exception:Missing content for xpath [//UpdateMember[1]/UpdateMemberRecord[1]/MobilPhone[1]] in Response
</pre><hr/><h3><b>REST Request - Field 14/PagerPhone Failed</b></h3><pre>[PagerPhone  is updated] XPathContains assertion failed for path [//UpdateMember[1]/UpdateMemberRecord[1]/PagerPhone[1]] : Exception:Missing content for xpath [//UpdateMember[1]/UpdateMemberRecord[1]/PagerPhone[1]] in Response
</pre><hr/><h3><b>REST Request - Field 15/InternetUserID Failed</b></h3><pre>[ Not Contains Object logic failure exception raised.] Response contains token [Object logic failure]
</pre><hr/><h3><b>REST Request - Field 16/InternetPassword Failed</b></h3><pre>[Not Contains Object logic failure exception raised.] Response contains token [Object logic failure]
</pre><hr/><h3><b>REST Request - Field 18/InternetNotifyActivity Failed</b></h3><pre>[InternetNotifyActivity  is updated] XPathContains assertion failed for path [//UpdateMember[1]/UpdateMemberRecord[1]/InternetNotifyActivity[1]] : Exception:Missing content for xpath [//UpdateMember[1]/UpdateMemberRecord[1]/InternetNotifyActivity[1]] in Response
</pre><hr/><h3><b>REST Request - Field 19/MembershipNumber Failed</b></h3><pre>[MembershipNumber  is updated] XPathContains assertion failed for path [//UpdateMember[1]/UpdateMemberRecord[1]/MembershipNumber[1]] : Exception:Missing content for xpath [//UpdateMember[1]/UpdateMemberRecord[1]/MembershipNumber[1]] in Response
</pre><hr/><h3><b>REST Request - Field 20/MembershipStartDate Failed</b></h3><pre>[MemnershipStartDate  is updated] XPathContains assertion failed for path [//UpdateMember[1]/UpdateMemberRecord[1]/MembershipStartDate[1]] : Exception:Missing content for xpath [//UpdateMember[1]/UpdateMemberRecord[1]/MembershipStartDate[1]] in Response
</pre><hr/><h3><b>REST Request - Field 21/MembershipEndDate Failed</b></h3><pre>[MembershipEndDate  is updated] XPathContains assertion failed for path [//UpdateMember[1]/UpdateMemberRecord[1]/MembershipEndDate[1]] : Exception:Missing content for xpath [//UpdateMember[1]/UpdateMemberRecord[1]/MembershipEndDate[1]] in Response
</pre><hr/><h3><b>REST Request - Field 22/MembershipTypeID Failed</b></h3><pre>[PagerPhone  is updated] XPathContains assertion failed for path [//UpdateMember[1]/UpdateMemberRecord[1]/PagerPhone[1]] : Exception:Missing content for xpath [//UpdateMember[1]/UpdateMemberRecord[1]/PagerPhone[1]] in Response
</pre><hr/><h3><b>REST Request - Incorrect Param5/ Old Value Failed</b></h3><pre>[ANOTHER_USER_CHANGED_RECORD] XPathContains comparison failed for path [//Error[1]/ErrorDescription[1]], expecting [ANOTHER_USER_CHANGED_RECORD], actual was [Object logic failure exception raised.]
</pre><hr/><h3><b>REST Request - Empty Field 19/MembershipNumber Failed</b></h3><pre>[MembeshipNumber is empty] XPathContains assertion failed for path [//UpdateMember[1]/UpdateMemberRecord[1]/MembershipNumber[1]] : Exception:Missing content for xpath [//UpdateMember[1]/UpdateMemberRecord[1]/MembershipNumber[1]] in Response
</pre><hr/>]]></failure></testcase><testcase name="TeeTimeSearch" time="9.981"/><testcase name="TeeTimeValidate" time="9.778"><failure type="Failing due to failed test step" message="Failing due to failed test step"><![CDATA[<h3><b>REST Request - Valid Failed</b></h3><pre>[Contains] Missing token [TeeTimeValidateRecord] in Response
</pre><hr/><h3><b>REST Request - Empty Param1/SponsorID Failed</b></h3><pre>[INVALID_SPONSOR_ID] XPathContains comparison failed for path [//Error[1]/ErrorDescription[1]], expecting [INVALID_SPONSOR_ID], actual was [INVALID_DATETIME]
</pre><hr/><h3><b>REST Request - Empty Param2/CourseID Failed</b></h3><pre>[INVALID_COURSE_ID] XPathContains comparison failed for path [//Error[1]/ErrorDescription[1]], expecting [INVALID_COURSE_ID], actual was [INVALID_DATETIME]
</pre><hr/><h3><b>REST Request - Invalid Param2/CourseID Failed</b></h3><pre>[INVALID_COURSE_ID] XPathContains comparison failed for path [//Error[1]/ErrorDescription[1]], expecting [INVALID_COURSE_ID], actual was [INVALID_DATETIME]
</pre><hr/>]]></failure></testcase><testcase name="TeeTimeReserve" time="17.954"><failure type="Cancelling due to failed test step" message="Cancelling due to failed test step"><![CDATA[<h3><b>REST Request - Empty Param6/CCNumber Failed</b></h3><pre>[Contains INVALID_CREDIT_CARD_NUMBER] Missing token [INVALID_CREDIT_CARD_NUMBER] in Response
</pre><hr/>]]></failure></testcase><testcase name="GetTeeTimeSlots" time="11.932"><failure type="Failing due to failed test step" message="Failing due to failed test step"><![CDATA[<h3><b>REST Request - Valid Failed</b></h3><pre>[SlotName of Slot 1 is Tester] XPathContains assertion failed for path [//GetTeeTimeSlots[1]/GetTeeTimeSlotsRecord[2]/SlotName[1]] : Exception:Missing content for xpath [//GetTeeTimeSlots[1]/GetTeeTimeSlotsRecord[2]/SlotName[1]] in Response
</pre><hr/><h3><b>REST Request - Empty Param2/InternetPassword Failed</b></h3><pre>[INVALID_PASSWORD] XPathContains comparison failed for path [//Error[1]/ErrorDescription[1]], expecting [INVALID_PASSWORD], actual was [INVALID_USERID]
</pre><hr/><h3><b>REST Request - Empty Param3/ConfirmID Failed</b></h3><pre>[INVALID_CONFIRMATIONID] XPathContains comparison failed for path [//Error[1]/ErrorDescription[1]], expecting [INVALID_CONFIRMATIONID], actual was [INVALID_USERID]
</pre><hr/><h3><b>REST Request - Incorrect/Invalid Param2/InternetPassword Failed</b></h3><pre>[INVALID_CONFIRMATIONID] XPathContains comparison failed for path [//Error[1]/ErrorDescription[1]], expecting [INVALID_CONFIRMATIONID], actual was [INVALID_USERID]
</pre><hr/><h3><b>REST Request - Invalid/Incorrect Param3/ConfirmID Failed</b></h3><pre>[INVALID_CONFIRMATIONID] XPathContains comparison failed for path [//Error[1]/ErrorDescription[1]], expecting [INVALID_CONFIRMATIONID], actual was [INVALID_USERID]
</pre><hr/>]]></failure></testcase><testcase name="UpdateTeeTimeSlotName" time="15.337"><failure type="Failing due to failed test step" message="Failing due to failed test step"><![CDATA[<h3><b>REST Request - Valid Failed</b></h3><pre>[SlotName of Slot 4 is updated to Tester Updated] XPathContains assertion failed for path [//UpdateTeeTimeSlotName[1]/UpdateTeeTimeSlotNameRecord[1]/SlotName[1]] : Exception:Missing content for xpath [//UpdateTeeTimeSlotName[1]/UpdateTeeTimeSlotNameRecord[1]/SlotName[1]] in Response
</pre><hr/><h3><b>REST Request - Empty Param4/Slot Failed</b></h3><pre>[No matching records exist] XPathContains comparison failed for path [//Error[1]/ErrorDescription[1]], expecting [No matching records exist], actual was [INVALID_CONFIRMATIONID]
</pre><hr/><h3><b>REST Request - Empty Param5/SlotName Failed</b></h3><pre>[SlotName is updated to empty] XPathContains assertion failed for path [//UpdateTeeTimeSlotName[1]/UpdateTeeTimeSlotNameRecord[1]/SlotName[1]] : Exception:Missing content for xpath [//UpdateTeeTimeSlotName[1]/UpdateTeeTimeSlotNameRecord[1]/SlotName[1]] in Response
</pre><hr/><h3><b>REST Request - Incorrect/Invalid Param4/Slot Failed</b></h3><pre>[No matching records exist] XPathContains comparison failed for path [//Error[1]/ErrorDescription[1]], expecting [No matching records exist], actual was [INVALID_CONFIRMATIONID]
</pre><hr/>]]></failure></testcase><testcase name="UpdateTeeTimeSlotAndContactInfo" time="7.566"><failure type="Failing due to failed test step" message="Failing due to failed test step"><![CDATA[<h3><b>REST Request - Valid Failed</b></h3><pre>[Contains] Missing token [UpdateTeeTimeSlotAndContactInfo] in Response
</pre><hr/>]]></failure></testcase><testcase name="AddConfirmationNote" time="7.184"><failure type="Failing due to failed test step" message="Failing due to failed test step"><![CDATA[<h3><b>REST Request - Valid Failed</b></h3><pre>[Correct ConfirmID] XPathContains assertion failed for path [//AddConfirmationNote[1]/AddConfirmationNoteRecord[1]/ConfirmID[1]] : Exception:Missing content for xpath [//AddConfirmationNote[1]/AddConfirmationNoteRecord[1]/ConfirmID[1]] in Response
[Contains Test Confirmation Note] Missing token [Test Confirmation Note] in Response
</pre><hr/><h3><b>REST Request - Empty Param4/ConfirmationNote Failed</b></h3><pre>[Contains AddConfirmationNoteRecord] Missing token [AddConfirmationNoteRecord] in Response
</pre><hr/>]]></failure></testcase><testcase name="GetConfirmationNote" time="6.047"><failure type="Failing due to failed test step" message="Failing due to failed test step"><![CDATA[<h3><b>REST Request - Valid Failed</b></h3><pre>[Contains Test Confirmation Note] Missing token [Test Confirmation Note] in Response
</pre><hr/>]]></failure></testcase><testcase name="TeeTimeGetCancelPolicy" time="8.167"><failure type="Failing due to failed test step" message="Failing due to failed test step"><![CDATA[<h3><b>REST Request - Empty Param1/SponsorID Failed</b></h3><pre>[INVALID_SPONSOR_ID] XPathContains comparison failed for path [//Error[1]/ErrorDescription[1]], expecting [INVALID_SPONSOR_ID], actual was [INVALID_USERID]
</pre><hr/><h3><b>REST Request - Empty Param2/ConfirmID Failed</b></h3><pre>[INVALID_CONFIRMATIONID] XPathContains comparison failed for path [//Error[1]/ErrorDescription[1]], expecting [INVALID_CONFIRMATIONID], actual was [INVALID_USERID]
</pre><hr/><h3><b>REST Request - Empty Param4/Password Failed</b></h3><pre>[INVALID_UPW] XPathContains comparison failed for path [//Error[1]/ErrorDescription[1]], expecting [INVALID_UPW], actual was [INVALID_USERID]
</pre><hr/>]]></failure></testcase><testcase name="TeeTimeCancel" time="6.047"><failure type="Failing due to failed test step" message="Failing due to failed test step"><![CDATA[<h3><b>REST Request - Valid Failed</b></h3><pre>[Contains CancelID] Missing token [CancelID] in Response
</pre><hr/><h3><b>REST Request - Empty Param3/UserID Failed</b></h3><pre>java.net.SocketTimeoutException: Read timed out
</pre><hr/>]]></failure></testcase><testcase name="RemoveMember" time="10.919"/></testsuite>